<?xml version="1.0" encoding="UTF-8"?>
<testng-results ignored="0" total="6" passed="4" failed="2" skipped="0">
  <reporter-output>
  </reporter-output>
  <suite started-at="2022-07-22T18:46:13 IST" name="Default suite" finished-at="2022-07-22T18:54:59 IST" duration-ms="526054">
    <groups>
      <group name="cucumber">
        <method signature="AbstractTestNGCucumberTests.runScenario(io.cucumber.testng.PickleWrapper,io.cucumber.testng.FeatureWrapper)[pri:0, instance:icivics_testcases.Pg3TeacherRegistration_Test@4a8355dd]" name="runScenario" class="io.cucumber.testng.AbstractTestNGCucumberTests"/>
      </group> <!-- cucumber -->
    </groups>
    <test started-at="2022-07-22T18:46:13 IST" name="Default test" finished-at="2022-07-22T18:54:59 IST" duration-ms="526054">
      <class name="icivics_testcases.Pg3TeacherRegistration_Test">
        <test-method is-config="true" signature="startReport()[pri:0, instance:icivics_testcases.Pg3TeacherRegistration_Test@4a8355dd]" started-at="2022-07-22T18:46:13 IST" name="startReport" finished-at="2022-07-22T18:46:13 IST" duration-ms="357" status="PASS">
          <reporter-output>
          </reporter-output>
        </test-method> <!-- startReport -->
        <test-method is-config="true" signature="setValues()[pri:0, instance:icivics_testcases.Pg3TeacherRegistration_Test@4a8355dd]" started-at="2022-07-22T18:46:13 IST" name="setValues" finished-at="2022-07-22T18:46:13 IST" duration-ms="0" status="PASS">
          <reporter-output>
          </reporter-output>
        </test-method> <!-- setValues -->
        <test-method is-config="true" signature="setUpClass(org.testng.ITestContext)[pri:0, instance:icivics_testcases.Pg3TeacherRegistration_Test@4a8355dd]" started-at="2022-07-22T18:46:13 IST" name="setUpClass" finished-at="2022-07-22T18:46:13 IST" duration-ms="190" status="PASS">
          <params>
            <param index="0">
              <value>
                <![CDATA[org.testng.TestRunner@59c00722]]>
              </value>
            </param>
          </params>
          <reporter-output>
          </reporter-output>
        </test-method> <!-- setUpClass -->
        <test-method is-config="true" signature="report()[pri:0, instance:icivics_testcases.Pg3TeacherRegistration_Test@4a8355dd]" started-at="2022-07-22T18:46:13 IST" name="report" finished-at="2022-07-22T18:46:13 IST" duration-ms="10" status="PASS">
          <reporter-output>
          </reporter-output>
        </test-method> <!-- report -->
        <test-method is-config="true" signature="beforeMethod()[pri:0, instance:icivics_testcases.Pg3TeacherRegistration_Test@4a8355dd]" started-at="2022-07-22T18:46:14 IST" name="beforeMethod" finished-at="2022-07-22T18:46:20 IST" duration-ms="6201" status="PASS">
          <reporter-output>
          </reporter-output>
        </test-method> <!-- beforeMethod -->
        <test-method signature="C551_Verifypagecount3(java.lang.String)[pri:0, instance:icivics_testcases.Pg3TeacherRegistration_Test@4a8355dd]" started-at="2022-07-22T18:46:20 IST" name="C551_Verifypagecount3" data-provider="fetchData" finished-at="2022-07-22T18:48:10 IST" duration-ms="109301" status="PASS">
          <params>
            <param index="0">
              <value>
                <![CDATA[https://staging.d9.icivics.org/user/login]]>
              </value>
            </param>
          </params>
          <reporter-output>
          </reporter-output>
        </test-method> <!-- C551_Verifypagecount3 -->
        <test-method is-config="true" signature="afterMethod()[pri:0, instance:icivics_testcases.Pg3TeacherRegistration_Test@4a8355dd]" started-at="2022-07-22T18:48:10 IST" name="afterMethod" finished-at="2022-07-22T18:48:10 IST" duration-ms="947" status="PASS">
          <reporter-output>
          </reporter-output>
        </test-method> <!-- afterMethod -->
        <test-method is-config="true" signature="beforeMethod()[pri:0, instance:icivics_testcases.Pg3TeacherRegistration_Test@4a8355dd]" started-at="2022-07-22T18:48:11 IST" name="beforeMethod" finished-at="2022-07-22T18:48:15 IST" duration-ms="4139" status="PASS">
          <reporter-output>
          </reporter-output>
        </test-method> <!-- beforeMethod -->
        <test-method signature="C552_Verifypage3fields(java.lang.String)[pri:1, instance:icivics_testcases.Pg3TeacherRegistration_Test@4a8355dd]" started-at="2022-07-22T18:48:15 IST" name="C552_Verifypage3fields" data-provider="fetchData" finished-at="2022-07-22T18:49:26 IST" duration-ms="71293" status="PASS">
          <params>
            <param index="0">
              <value>
                <![CDATA[https://staging.d9.icivics.org/user/login]]>
              </value>
            </param>
          </params>
          <reporter-output>
          </reporter-output>
        </test-method> <!-- C552_Verifypage3fields -->
        <test-method is-config="true" signature="afterMethod()[pri:0, instance:icivics_testcases.Pg3TeacherRegistration_Test@4a8355dd]" started-at="2022-07-22T18:49:26 IST" name="afterMethod" finished-at="2022-07-22T18:49:27 IST" duration-ms="1304" status="PASS">
          <reporter-output>
          </reporter-output>
        </test-method> <!-- afterMethod -->
        <test-method is-config="true" signature="beforeMethod()[pri:0, instance:icivics_testcases.Pg3TeacherRegistration_Test@4a8355dd]" started-at="2022-07-22T18:49:27 IST" name="beforeMethod" finished-at="2022-07-22T18:49:32 IST" duration-ms="4377" status="PASS">
          <reporter-output>
          </reporter-output>
        </test-method> <!-- beforeMethod -->
        <test-method signature="C553_Verifybackbutton(java.lang.String)[pri:2, instance:icivics_testcases.Pg3TeacherRegistration_Test@4a8355dd]" started-at="2022-07-22T18:49:32 IST" name="C553_Verifybackbutton" data-provider="fetchData" finished-at="2022-07-22T18:50:50 IST" duration-ms="78283" status="PASS">
          <params>
            <param index="0">
              <value>
                <![CDATA[https://staging.d9.icivics.org/user/login]]>
              </value>
            </param>
          </params>
          <reporter-output>
          </reporter-output>
        </test-method> <!-- C553_Verifybackbutton -->
        <test-method is-config="true" signature="afterMethod()[pri:0, instance:icivics_testcases.Pg3TeacherRegistration_Test@4a8355dd]" started-at="2022-07-22T18:50:50 IST" name="afterMethod" finished-at="2022-07-22T18:50:51 IST" duration-ms="847" status="PASS">
          <reporter-output>
          </reporter-output>
        </test-method> <!-- afterMethod -->
        <test-method is-config="true" signature="beforeMethod()[pri:0, instance:icivics_testcases.Pg3TeacherRegistration_Test@4a8355dd]" started-at="2022-07-22T18:50:51 IST" name="beforeMethod" finished-at="2022-07-22T18:50:55 IST" duration-ms="4100" status="PASS">
          <reporter-output>
          </reporter-output>
        </test-method> <!-- beforeMethod -->
        <test-method signature="C554_Verifygettingstartedpagewithemailcheck1(java.lang.String)[pri:3, instance:icivics_testcases.Pg3TeacherRegistration_Test@4a8355dd]" started-at="2022-07-22T18:50:55 IST" name="C554_Verifygettingstartedpagewithemailcheck1" data-provider="fetchData" finished-at="2022-07-22T18:52:40 IST" duration-ms="105406" status="PASS">
          <params>
            <param index="0">
              <value>
                <![CDATA[https://staging.d9.icivics.org/user/login]]>
              </value>
            </param>
          </params>
          <reporter-output>
          </reporter-output>
        </test-method> <!-- C554_Verifygettingstartedpagewithemailcheck1 -->
        <test-method is-config="true" signature="afterMethod()[pri:0, instance:icivics_testcases.Pg3TeacherRegistration_Test@4a8355dd]" started-at="2022-07-22T18:52:40 IST" name="afterMethod" finished-at="2022-07-22T18:52:41 IST" duration-ms="993" status="PASS">
          <reporter-output>
          </reporter-output>
        </test-method> <!-- afterMethod -->
        <test-method is-config="true" signature="beforeMethod()[pri:0, instance:icivics_testcases.Pg3TeacherRegistration_Test@4a8355dd]" started-at="2022-07-22T18:52:41 IST" name="beforeMethod" finished-at="2022-07-22T18:52:46 IST" duration-ms="4123" status="PASS">
          <reporter-output>
          </reporter-output>
        </test-method> <!-- beforeMethod -->
        <test-method signature="C555_Verifygettingstartedpagewithemailcheck(java.lang.String)[pri:4, instance:icivics_testcases.Pg3TeacherRegistration_Test@4a8355dd]" started-at="2022-07-22T18:52:46 IST" name="C555_Verifygettingstartedpagewithemailcheck" data-provider="fetchData" finished-at="2022-07-22T18:53:49 IST" duration-ms="62990" status="FAIL">
          <params>
            <param index="0">
              <value>
                <![CDATA[https://staging.d9.icivics.org/user/login]]>
              </value>
            </param>
          </params>
          <exception class="org.openqa.selenium.ElementNotInteractableException">
            <message>
              <![CDATA[Element <input class="F29zPe" name="hiddenPassword" type="password"> is not reachable by keyboard
Build info: version: '4.3.0', revision: 'a4995e2c09*'
System info: host: 'AMX-RL-20-457-W', ip: '10.10.7.174', os.name: 'Windows 10', os.arch: 'amd64', os.version: '10.0', java.version: '17.0.3'
Driver info: org.openqa.selenium.firefox.FirefoxDriver
Command: [e35b2d28-712e-466e-bd26-da43e6637db9, sendKeysToElement {id=6b85ba35-3ec1-4fe0-97af-4b56c471542e, value=[Ljava.lang.CharSequence;@55c8fc60}]
Capabilities {acceptInsecureCerts: true, browserName: firefox, browserVersion: 102.0.1, moz:accessibilityChecks: false, moz:buildID: 20220705093820, moz:debuggerAddress: localhost:52160, moz:geckodriverVersion: 0.31.0, moz:headless: false, moz:processID: 25788, moz:profile: C:\Users\TRIPTI~1.GUP\AppDa..., moz:shutdownTimeout: 60000, moz:useNonSpecCompliantPointerOrigin: false, moz:webdriverClick: true, moz:windowless: false, pageLoadStrategy: normal, platformName: WINDOWS, platformVersion: 10.0, proxy: Proxy(), se:cdp: ws://localhost:52160/devtoo..., se:cdpVersion: 85.0, setWindowRect: true, strictFileInteractability: false, timeouts: {implicit: 0, pageLoad: 300000, script: 30000}, unhandledPromptBehavior: dismiss and notify}
Element: [[FirefoxDriver: firefox on WINDOWS (e35b2d28-712e-466e-bd26-da43e6637db9)] -> xpath: //input[@type='password']]
Session ID: e35b2d28-712e-466e-bd26-da43e6637db9]]>
            </message>
            <full-stacktrace>
              <![CDATA[org.openqa.selenium.ElementNotInteractableException: Element <input class="F29zPe" name="hiddenPassword" type="password"> is not reachable by keyboard
Build info: version: '4.3.0', revision: 'a4995e2c09*'
System info: host: 'AMX-RL-20-457-W', ip: '10.10.7.174', os.name: 'Windows 10', os.arch: 'amd64', os.version: '10.0', java.version: '17.0.3'
Driver info: org.openqa.selenium.firefox.FirefoxDriver
Command: [e35b2d28-712e-466e-bd26-da43e6637db9, sendKeysToElement {id=6b85ba35-3ec1-4fe0-97af-4b56c471542e, value=[Ljava.lang.CharSequence;@55c8fc60}]
Capabilities {acceptInsecureCerts: true, browserName: firefox, browserVersion: 102.0.1, moz:accessibilityChecks: false, moz:buildID: 20220705093820, moz:debuggerAddress: localhost:52160, moz:geckodriverVersion: 0.31.0, moz:headless: false, moz:processID: 25788, moz:profile: C:\Users\TRIPTI~1.GUP\AppDa..., moz:shutdownTimeout: 60000, moz:useNonSpecCompliantPointerOrigin: false, moz:webdriverClick: true, moz:windowless: false, pageLoadStrategy: normal, platformName: WINDOWS, platformVersion: 10.0, proxy: Proxy(), se:cdp: ws://localhost:52160/devtoo..., se:cdpVersion: 85.0, setWindowRect: true, strictFileInteractability: false, timeouts: {implicit: 0, pageLoad: 300000, script: 30000}, unhandledPromptBehavior: dismiss and notify}
Element: [[FirefoxDriver: firefox on WINDOWS (e35b2d28-712e-466e-bd26-da43e6637db9)] -> xpath: //input[@type='password']]
Session ID: e35b2d28-712e-466e-bd26-da43e6637db9
at java.base/jdk.internal.reflect.NativeConstructorAccessorImpl.newInstance0(Native Method)
at java.base/jdk.internal.reflect.NativeConstructorAccessorImpl.newInstance(NativeConstructorAccessorImpl.java:77)
at java.base/jdk.internal.reflect.DelegatingConstructorAccessorImpl.newInstance(DelegatingConstructorAccessorImpl.java:45)
at java.base/java.lang.reflect.Constructor.newInstanceWithCaller(Constructor.java:499)
at java.base/java.lang.reflect.Constructor.newInstance(Constructor.java:480)
at org.openqa.selenium.remote.codec.w3c.W3CHttpResponseCodec.createException(W3CHttpResponseCodec.java:200)
at org.openqa.selenium.remote.codec.w3c.W3CHttpResponseCodec.decode(W3CHttpResponseCodec.java:133)
at org.openqa.selenium.remote.codec.w3c.W3CHttpResponseCodec.decode(W3CHttpResponseCodec.java:53)
at org.openqa.selenium.remote.HttpCommandExecutor.execute(HttpCommandExecutor.java:184)
at org.openqa.selenium.remote.service.DriverCommandExecutor.invokeExecute(DriverCommandExecutor.java:167)
at org.openqa.selenium.remote.service.DriverCommandExecutor.execute(DriverCommandExecutor.java:142)
at org.openqa.selenium.remote.RemoteWebDriver.execute(RemoteWebDriver.java:569)
at org.openqa.selenium.remote.RemoteWebElement.execute(RemoteWebElement.java:257)
at org.openqa.selenium.remote.RemoteWebElement.sendKeys(RemoteWebElement.java:113)
at icivics_pages.Pg3TeacherRegistration.Registrationpage(Pg3TeacherRegistration.java:51)
at icivics_testcases.Pg3TeacherRegistration_Test.C555_Verifygettingstartedpagewithemailcheck(Pg3TeacherRegistration_Test.java:67)
at java.base/jdk.internal.reflect.NativeMethodAccessorImpl.invoke0(Native Method)
at java.base/jdk.internal.reflect.NativeMethodAccessorImpl.invoke(NativeMethodAccessorImpl.java:77)
at java.base/jdk.internal.reflect.DelegatingMethodAccessorImpl.invoke(DelegatingMethodAccessorImpl.java:43)
at java.base/java.lang.reflect.Method.invoke(Method.java:568)
at org.testng.internal.MethodInvocationHelper.invokeMethod(MethodInvocationHelper.java:133)
at org.testng.internal.TestInvoker.invokeMethod(TestInvoker.java:598)
at org.testng.internal.TestInvoker.invokeTestMethod(TestInvoker.java:173)
at org.testng.internal.MethodRunner.runInSequence(MethodRunner.java:46)
at org.testng.internal.TestInvoker$MethodInvocationAgent.invoke(TestInvoker.java:824)
at org.testng.internal.TestInvoker.invokeTestMethods(TestInvoker.java:146)
at org.testng.internal.TestMethodWorker.invokeTestMethods(TestMethodWorker.java:146)
at org.testng.internal.TestMethodWorker.run(TestMethodWorker.java:128)
at java.base/java.util.ArrayList.forEach(ArrayList.java:1511)
at org.testng.TestRunner.privateRun(TestRunner.java:794)
at org.testng.TestRunner.run(TestRunner.java:596)
at org.testng.SuiteRunner.runTest(SuiteRunner.java:377)
at org.testng.SuiteRunner.runSequentially(SuiteRunner.java:371)
at org.testng.SuiteRunner.privateRun(SuiteRunner.java:332)
at org.testng.SuiteRunner.run(SuiteRunner.java:276)
at org.testng.SuiteRunnerWorker.runSuite(SuiteRunnerWorker.java:53)
at org.testng.SuiteRunnerWorker.run(SuiteRunnerWorker.java:96)
at org.testng.TestNG.runSuitesSequentially(TestNG.java:1212)
at org.testng.TestNG.runSuitesLocally(TestNG.java:1134)
at org.testng.TestNG.runSuites(TestNG.java:1063)
at org.testng.TestNG.run(TestNG.java:1031)
at org.testng.remote.AbstractRemoteTestNG.run(AbstractRemoteTestNG.java:115)
at org.testng.remote.RemoteTestNG.initAndRun(RemoteTestNG.java:251)
at org.testng.remote.RemoteTestNG.main(RemoteTestNG.java:77)
]]>
            </full-stacktrace>
          </exception> <!-- org.openqa.selenium.ElementNotInteractableException -->
          <reporter-output>
          </reporter-output>
        </test-method> <!-- C555_Verifygettingstartedpagewithemailcheck -->
        <test-method is-config="true" signature="afterMethod()[pri:0, instance:icivics_testcases.Pg3TeacherRegistration_Test@4a8355dd]" started-at="2022-07-22T18:53:49 IST" name="afterMethod" finished-at="2022-07-22T18:53:49 IST" duration-ms="845" status="PASS">
          <reporter-output>
          </reporter-output>
        </test-method> <!-- afterMethod -->
        <test-method is-config="true" signature="beforeMethod()[pri:0, instance:icivics_testcases.Pg3TeacherRegistration_Test@4a8355dd]" started-at="2022-07-22T18:53:50 IST" name="beforeMethod" finished-at="2022-07-22T18:53:54 IST" duration-ms="4752" status="PASS">
          <reporter-output>
          </reporter-output>
        </test-method> <!-- beforeMethod -->
        <test-method signature="C556_Verifysynccheckbox(java.lang.String)[pri:6, instance:icivics_testcases.Pg3TeacherRegistration_Test@4a8355dd]" started-at="2022-07-22T18:53:54 IST" name="C556_Verifysynccheckbox" data-provider="fetchData" finished-at="2022-07-22T18:54:58 IST" duration-ms="63827" status="FAIL">
          <params>
            <param index="0">
              <value>
                <![CDATA[https://staging.d9.icivics.org/user/login]]>
              </value>
            </param>
          </params>
          <exception class="org.openqa.selenium.ElementNotInteractableException">
            <message>
              <![CDATA[Element <input class="F29zPe" name="hiddenPassword" type="password"> is not reachable by keyboard
Build info: version: '4.3.0', revision: 'a4995e2c09*'
System info: host: 'AMX-RL-20-457-W', ip: '10.10.7.174', os.name: 'Windows 10', os.arch: 'amd64', os.version: '10.0', java.version: '17.0.3'
Driver info: org.openqa.selenium.firefox.FirefoxDriver
Command: [5a70e90f-7234-4717-a9ab-e513c98ea782, sendKeysToElement {id=fe50a403-1f9b-4068-a4ff-bc9622161aea, value=[Ljava.lang.CharSequence;@53917c92}]
Capabilities {acceptInsecureCerts: true, browserName: firefox, browserVersion: 102.0.1, moz:accessibilityChecks: false, moz:buildID: 20220705093820, moz:debuggerAddress: localhost:59895, moz:geckodriverVersion: 0.31.0, moz:headless: false, moz:processID: 25020, moz:profile: C:\Users\TRIPTI~1.GUP\AppDa..., moz:shutdownTimeout: 60000, moz:useNonSpecCompliantPointerOrigin: false, moz:webdriverClick: true, moz:windowless: false, pageLoadStrategy: normal, platformName: WINDOWS, platformVersion: 10.0, proxy: Proxy(), se:cdp: ws://localhost:59895/devtoo..., se:cdpVersion: 85.0, setWindowRect: true, strictFileInteractability: false, timeouts: {implicit: 0, pageLoad: 300000, script: 30000}, unhandledPromptBehavior: dismiss and notify}
Element: [[FirefoxDriver: firefox on WINDOWS (5a70e90f-7234-4717-a9ab-e513c98ea782)] -> xpath: //input[@type='password']]
Session ID: 5a70e90f-7234-4717-a9ab-e513c98ea782]]>
            </message>
            <full-stacktrace>
              <![CDATA[org.openqa.selenium.ElementNotInteractableException: Element <input class="F29zPe" name="hiddenPassword" type="password"> is not reachable by keyboard
Build info: version: '4.3.0', revision: 'a4995e2c09*'
System info: host: 'AMX-RL-20-457-W', ip: '10.10.7.174', os.name: 'Windows 10', os.arch: 'amd64', os.version: '10.0', java.version: '17.0.3'
Driver info: org.openqa.selenium.firefox.FirefoxDriver
Command: [5a70e90f-7234-4717-a9ab-e513c98ea782, sendKeysToElement {id=fe50a403-1f9b-4068-a4ff-bc9622161aea, value=[Ljava.lang.CharSequence;@53917c92}]
Capabilities {acceptInsecureCerts: true, browserName: firefox, browserVersion: 102.0.1, moz:accessibilityChecks: false, moz:buildID: 20220705093820, moz:debuggerAddress: localhost:59895, moz:geckodriverVersion: 0.31.0, moz:headless: false, moz:processID: 25020, moz:profile: C:\Users\TRIPTI~1.GUP\AppDa..., moz:shutdownTimeout: 60000, moz:useNonSpecCompliantPointerOrigin: false, moz:webdriverClick: true, moz:windowless: false, pageLoadStrategy: normal, platformName: WINDOWS, platformVersion: 10.0, proxy: Proxy(), se:cdp: ws://localhost:59895/devtoo..., se:cdpVersion: 85.0, setWindowRect: true, strictFileInteractability: false, timeouts: {implicit: 0, pageLoad: 300000, script: 30000}, unhandledPromptBehavior: dismiss and notify}
Element: [[FirefoxDriver: firefox on WINDOWS (5a70e90f-7234-4717-a9ab-e513c98ea782)] -> xpath: //input[@type='password']]
Session ID: 5a70e90f-7234-4717-a9ab-e513c98ea782
at java.base/jdk.internal.reflect.NativeConstructorAccessorImpl.newInstance0(Native Method)
at java.base/jdk.internal.reflect.NativeConstructorAccessorImpl.newInstance(NativeConstructorAccessorImpl.java:77)
at java.base/jdk.internal.reflect.DelegatingConstructorAccessorImpl.newInstance(DelegatingConstructorAccessorImpl.java:45)
at java.base/java.lang.reflect.Constructor.newInstanceWithCaller(Constructor.java:499)
at java.base/java.lang.reflect.Constructor.newInstance(Constructor.java:480)
at org.openqa.selenium.remote.codec.w3c.W3CHttpResponseCodec.createException(W3CHttpResponseCodec.java:200)
at org.openqa.selenium.remote.codec.w3c.W3CHttpResponseCodec.decode(W3CHttpResponseCodec.java:133)
at org.openqa.selenium.remote.codec.w3c.W3CHttpResponseCodec.decode(W3CHttpResponseCodec.java:53)
at org.openqa.selenium.remote.HttpCommandExecutor.execute(HttpCommandExecutor.java:184)
at org.openqa.selenium.remote.service.DriverCommandExecutor.invokeExecute(DriverCommandExecutor.java:167)
at org.openqa.selenium.remote.service.DriverCommandExecutor.execute(DriverCommandExecutor.java:142)
at org.openqa.selenium.remote.RemoteWebDriver.execute(RemoteWebDriver.java:569)
at org.openqa.selenium.remote.RemoteWebElement.execute(RemoteWebElement.java:257)
at org.openqa.selenium.remote.RemoteWebElement.sendKeys(RemoteWebElement.java:113)
at icivics_pages.Pg3TeacherRegistration.Registrationpage1(Pg3TeacherRegistration.java:123)
at icivics_testcases.Pg3TeacherRegistration_Test.C556_Verifysynccheckbox(Pg3TeacherRegistration_Test.java:88)
at java.base/jdk.internal.reflect.NativeMethodAccessorImpl.invoke0(Native Method)
at java.base/jdk.internal.reflect.NativeMethodAccessorImpl.invoke(NativeMethodAccessorImpl.java:77)
at java.base/jdk.internal.reflect.DelegatingMethodAccessorImpl.invoke(DelegatingMethodAccessorImpl.java:43)
at java.base/java.lang.reflect.Method.invoke(Method.java:568)
at org.testng.internal.MethodInvocationHelper.invokeMethod(MethodInvocationHelper.java:133)
at org.testng.internal.TestInvoker.invokeMethod(TestInvoker.java:598)
at org.testng.internal.TestInvoker.invokeTestMethod(TestInvoker.java:173)
at org.testng.internal.MethodRunner.runInSequence(MethodRunner.java:46)
at org.testng.internal.TestInvoker$MethodInvocationAgent.invoke(TestInvoker.java:824)
at org.testng.internal.TestInvoker.invokeTestMethods(TestInvoker.java:146)
at org.testng.internal.TestMethodWorker.invokeTestMethods(TestMethodWorker.java:146)
at org.testng.internal.TestMethodWorker.run(TestMethodWorker.java:128)
at java.base/java.util.ArrayList.forEach(ArrayList.java:1511)
at org.testng.TestRunner.privateRun(TestRunner.java:794)
at org.testng.TestRunner.run(TestRunner.java:596)
at org.testng.SuiteRunner.runTest(SuiteRunner.java:377)
at org.testng.SuiteRunner.runSequentially(SuiteRunner.java:371)
at org.testng.SuiteRunner.privateRun(SuiteRunner.java:332)
at org.testng.SuiteRunner.run(SuiteRunner.java:276)
at org.testng.SuiteRunnerWorker.runSuite(SuiteRunnerWorker.java:53)
at org.testng.SuiteRunnerWorker.run(SuiteRunnerWorker.java:96)
at org.testng.TestNG.runSuitesSequentially(TestNG.java:1212)
at org.testng.TestNG.runSuitesLocally(TestNG.java:1134)
at org.testng.TestNG.runSuites(TestNG.java:1063)
at org.testng.TestNG.run(TestNG.java:1031)
at org.testng.remote.AbstractRemoteTestNG.run(AbstractRemoteTestNG.java:115)
at org.testng.remote.RemoteTestNG.initAndRun(RemoteTestNG.java:251)
at org.testng.remote.RemoteTestNG.main(RemoteTestNG.java:77)
]]>
            </full-stacktrace>
          </exception> <!-- org.openqa.selenium.ElementNotInteractableException -->
          <reporter-output>
          </reporter-output>
        </test-method> <!-- C556_Verifysynccheckbox -->
        <test-method is-config="true" signature="afterMethod()[pri:0, instance:icivics_testcases.Pg3TeacherRegistration_Test@4a8355dd]" started-at="2022-07-22T18:54:58 IST" name="afterMethod" finished-at="2022-07-22T18:54:59 IST" duration-ms="837" status="PASS">
          <reporter-output>
          </reporter-output>
        </test-method> <!-- afterMethod -->
        <test-method is-config="true" signature="tearDownClass()[pri:0, instance:icivics_testcases.Pg3TeacherRegistration_Test@4a8355dd]" started-at="2022-07-22T18:54:59 IST" name="tearDownClass" finished-at="2022-07-22T18:54:59 IST" duration-ms="2" status="PASS">
          <reporter-output>
          </reporter-output>
        </test-method> <!-- tearDownClass -->
        <test-method is-config="true" signature="stopReport()[pri:0, instance:icivics_testcases.Pg3TeacherRegistration_Test@4a8355dd]" started-at="2022-07-22T18:54:59 IST" name="stopReport" finished-at="2022-07-22T18:55:00 IST" duration-ms="501" status="PASS">
          <reporter-output>
          </reporter-output>
        </test-method> <!-- stopReport -->
      </class> <!-- icivics_testcases.Pg3TeacherRegistration_Test -->
    </test> <!-- Default test -->
  </suite> <!-- Default suite -->
</testng-results>
