<?xml version="1.0" encoding="UTF-8"?>
<!-- Generated by org.testng.reporters.JUnitXMLReporter -->
<testsuite ignored="10" hostname="AMX-RL-20-348-W" failures="0" tests="55" name="EducatorRegistration_Testscripts" time="0.7" errors="0" timestamp="2022-07-08T00:02:29 IST">
  <testcase classname="utilities.Reporter" name="@BeforeSuite startReport" time="0.042">
    <failure type="java.lang.IllegalArgumentException" message="Illegal pattern character &amp;apos;R&amp;apos;">
      <![CDATA[java.lang.IllegalArgumentException: Illegal pattern character 'R'
at java.base/java.text.SimpleDateFormat.compile(SimpleDateFormat.java:849)
at java.base/java.text.SimpleDateFormat.initialize(SimpleDateFormat.java:657)
at java.base/java.text.SimpleDateFormat.<init>(SimpleDateFormat.java:628)
at java.base/java.text.SimpleDateFormat.<init>(SimpleDateFormat.java:603)
at utilities.Reporter.startReport(Reporter.java:36)
... Removed 19 stack frames]]>
    </failure>
  </testcase> <!-- @BeforeSuite startReport -->
  <testcase classname="icivics_testcases.I10_EducatorRegistration_Test" name="@BeforeTest setValues" time="-1.657218748656E9">
    <skipped/>
  </testcase> <!-- @BeforeTest setValues -->
  <testcase classname="icivics_testcases.I11_EducatorRegistration1_Test" name="@BeforeTest setValues" time="-1.657218748659E9">
    <skipped/>
  </testcase> <!-- @BeforeTest setValues -->
  <testcase classname="icivics_testcases.I12_EducatorRegistration2_Test" name="@BeforeTest setValues" time="-1.657218748662E9">
    <skipped/>
  </testcase> <!-- @BeforeTest setValues -->
  <testcase classname="icivics_testcases.I13_EducatorRegistration3_Test" name="@BeforeTest setValues" time="-1.657218748665E9">
    <skipped/>
  </testcase> <!-- @BeforeTest setValues -->
  <testcase classname="icivics_testcases.I14_EducatorRegistration4_Test" name="@BeforeTest setValues" time="-1.65721874867E9">
    <skipped/>
  </testcase> <!-- @BeforeTest setValues -->
  <testcase classname="icivics_testcases.I15_EducatorRegistration5_Test" name="@BeforeTest setValues" time="-1.657218748673E9">
    <skipped/>
  </testcase> <!-- @BeforeTest setValues -->
  <testcase classname="utilities.Reporter" name="@BeforeClass report" time="-1.657218748869E9">
    <skipped/>
  </testcase> <!-- @BeforeClass report -->
  <testcase classname="utilities.Reporter" name="@BeforeClass report" time="-1.657218749032E9">
    <skipped/>
  </testcase> <!-- @BeforeClass report -->
  <testcase classname="utilities.Reporter" name="@BeforeClass report" time="-1.657218749106E9">
    <skipped/>
  </testcase> <!-- @BeforeClass report -->
  <testcase classname="utilities.Reporter" name="@BeforeClass report" time="-1.65721874917E9">
    <skipped/>
  </testcase> <!-- @BeforeClass report -->
  <testcase classname="utilities.Reporter" name="@BeforeClass report" time="-1.657218749215E9">
    <skipped/>
  </testcase> <!-- @BeforeClass report -->
  <testcase classname="utilities.Reporter" name="@BeforeClass report" time="-1.657218749324E9">
    <skipped/>
  </testcase> <!-- @BeforeClass report -->
  <testcase classname="icivics_testcases.I10_EducatorRegistration_Test" name="C321_VerifyallpageElements" time="0.0">
    <skipped/>
  </testcase> <!-- C321_VerifyallpageElements -->
  <testcase classname="icivics_testcases.I10_EducatorRegistration_Test" name="C322_ButtonHover" time="0.0">
    <skipped/>
  </testcase> <!-- C322_ButtonHover -->
  <testcase classname="icivics_testcases.I10_EducatorRegistration_Test" name="C323_Verifyallbuttonlinks" time="0.0">
    <skipped/>
  </testcase> <!-- C323_Verifyallbuttonlinks -->
  <testcase classname="icivics_testcases.I10_EducatorRegistration_Test" name="C324_WindowResize" time="0.0">
    <skipped/>
  </testcase> <!-- C324_WindowResize -->
  <testcase classname="icivics_testcases.I10_EducatorRegistration_Test" name="C325_Verifyerrormsg" time="0.0">
    <skipped/>
  </testcase> <!-- C325_Verifyerrormsg -->
  <testcase classname="icivics_testcases.I10_EducatorRegistration_Test" name="C326_Verifybreadcrumbs" time="0.0">
    <skipped/>
  </testcase> <!-- C326_Verifybreadcrumbs -->
  <testcase classname="icivics_testcases.I11_EducatorRegistration1_Test" name="C327_verifybreadcrumbspage1" time="0.0">
    <skipped/>
  </testcase> <!-- C327_verifybreadcrumbspage1 -->
  <testcase classname="icivics_testcases.I11_EducatorRegistration1_Test" name="C328_verifytextfields" time="0.0">
    <skipped/>
  </testcase> <!-- C328_verifytextfields -->
  <testcase classname="icivics_testcases.I11_EducatorRegistration1_Test" name="C329_verifyusernamepregenerated" time="0.0">
    <skipped/>
  </testcase> <!-- C329_verifyusernamepregenerated -->
  <testcase classname="icivics_testcases.I11_EducatorRegistration1_Test" name="C330_verifyusernamepregeneratedrandomly" time="0.0">
    <skipped/>
  </testcase> <!-- C330_verifyusernamepregeneratedrandomly -->
  <testcase classname="icivics_testcases.I11_EducatorRegistration1_Test" name="C331_verifyentertextinallfields" time="0.0">
    <skipped/>
  </testcase> <!-- C331_verifyentertextinallfields -->
  <testcase classname="icivics_testcases.I11_EducatorRegistration1_Test" name="C332_verifyfieldsmarkedwithanasterisk" time="0.0">
    <skipped/>
  </testcase> <!-- C332_verifyfieldsmarkedwithanasterisk -->
  <testcase classname="icivics_testcases.I11_EducatorRegistration1_Test" name="C333_verifyemailtooltips" time="0.0">
    <skipped/>
  </testcase> <!-- C333_verifyemailtooltips -->
  <testcase classname="icivics_testcases.I11_EducatorRegistration1_Test" name="C334_verifyemailerrormsg" time="0.0">
    <skipped/>
  </testcase> <!-- C334_verifyemailerrormsg -->
  <testcase classname="icivics_testcases.I11_EducatorRegistration1_Test" name="C335_verifyblankerrormsg" time="0.0">
    <skipped/>
  </testcase> <!-- C335_verifyblankerrormsg -->
  <testcase classname="icivics_testcases.I11_EducatorRegistration1_Test" name="C336_verifyinvaliderrormsg" time="0.0">
    <skipped/>
  </testcase> <!-- C336_verifyinvaliderrormsg -->
  <testcase classname="icivics_testcases.I11_EducatorRegistration1_Test" name="C337_verifyvalidregistration" time="0.0">
    <skipped/>
  </testcase> <!-- C337_verifyvalidregistration -->
  <testcase classname="icivics_testcases.I12_EducatorRegistration2_Test" name="C338_verifybreadcrumbspage1" time="0.0">
    <skipped/>
  </testcase> <!-- C338_verifybreadcrumbspage1 -->
  <testcase classname="icivics_testcases.I12_EducatorRegistration2_Test" name="C339_verifypreviouspage" time="0.0">
    <skipped/>
  </testcase> <!-- C339_verifypreviouspage -->
  <testcase classname="icivics_testcases.I12_EducatorRegistration2_Test" name="C340_verifyalldataremembered" time="0.0">
    <skipped/>
  </testcase> <!-- C340_verifyalldataremembered -->
  <testcase classname="icivics_testcases.I12_EducatorRegistration2_Test" name="C341_verifyRoleandGradeLevel" time="0.0">
    <skipped/>
  </testcase> <!-- C341_verifyRoleandGradeLevel -->
  <testcase classname="icivics_testcases.I12_EducatorRegistration2_Test" name="C342_verifymakeselection" time="0.0">
    <skipped/>
  </testcase> <!-- C342_verifymakeselection -->
  <testcase classname="icivics_testcases.I12_EducatorRegistration2_Test" name="C343_verifyotheradditionalfield" time="0.0">
    <skipped/>
  </testcase> <!-- C343_verifyotheradditionalfield -->
  <testcase classname="icivics_testcases.I12_EducatorRegistration2_Test" name="C344_verifyasterisk" time="0.0">
    <skipped/>
  </testcase> <!-- C344_verifyasterisk -->
  <testcase classname="icivics_testcases.I12_EducatorRegistration2_Test" name="C345_verifyblankerrormsg" time="0.0">
    <skipped/>
  </testcase> <!-- C345_verifyblankerrormsg -->
  <testcase classname="icivics_testcases.I12_EducatorRegistration2_Test" name="C346_verifyerrormsgboxcolor" time="0.0">
    <skipped/>
  </testcase> <!-- C346_verifyerrormsgboxcolor -->
  <testcase classname="icivics_testcases.I12_EducatorRegistration2_Test" name="C347_verifyvalidsubmission" time="0.0">
    <skipped/>
  </testcase> <!-- C347_verifyvalidsubmission -->
  <testcase classname="icivics_testcases.I13_EducatorRegistration3_Test" name="C348_verifybreadcrumbspage3" time="0.0">
    <skipped/>
  </testcase> <!-- C348_verifybreadcrumbspage3 -->
  <testcase classname="icivics_testcases.I13_EducatorRegistration3_Test" name="C349_verifypreviouspage" time="0.0">
    <skipped/>
  </testcase> <!-- C349_verifypreviouspage -->
  <testcase classname="icivics_testcases.I13_EducatorRegistration3_Test" name="C350_verifyalldataremembered" time="0.0">
    <skipped/>
  </testcase> <!-- C350_verifyalldataremembered -->
  <testcase classname="icivics_testcases.I13_EducatorRegistration3_Test" name="C351_verifyallpage3fields" time="0.0">
    <skipped/>
  </testcase> <!-- C351_verifyallpage3fields -->
  <testcase classname="icivics_testcases.I13_EducatorRegistration3_Test" name="C352_verifyallfieldsallowtoentertextandmakeselection" time="0.0">
    <skipped/>
  </testcase> <!-- C352_verifyallfieldsallowtoentertextandmakeselection -->
  <testcase classname="icivics_testcases.I13_EducatorRegistration3_Test" name="C354_verifyallfieldswithinvaliddata" time="0.0">
    <skipped/>
  </testcase> <!-- C354_verifyallfieldswithinvaliddata -->
  <testcase classname="icivics_testcases.I13_EducatorRegistration3_Test" name="C355_verifyallfieldswithblankfield" time="0.0">
    <skipped/>
  </testcase> <!-- C355_verifyallfieldswithblankfield -->
  <testcase classname="icivics_testcases.I13_EducatorRegistration3_Test" name="C357_verifyvalidsubmission" time="0.0">
    <skipped/>
  </testcase> <!-- C357_verifyvalidsubmission -->
  <testcase classname="icivics_testcases.I14_EducatorRegistration4_Test" name="C358_verifybreadcrumbspage4" time="0.0">
    <skipped/>
  </testcase> <!-- C358_verifybreadcrumbspage4 -->
  <testcase classname="icivics_testcases.I14_EducatorRegistration4_Test" name="C359_verifypreviouspage" time="0.0">
    <skipped/>
  </testcase> <!-- C359_verifypreviouspage -->
  <testcase classname="icivics_testcases.I14_EducatorRegistration4_Test" name="C360_verifyalldataremembered" time="0.0">
    <skipped/>
  </testcase> <!-- C360_verifyalldataremembered -->
  <testcase classname="icivics_testcases.I14_EducatorRegistration4_Test" name="C361_verifyallpage3fields" time="0.0">
    <skipped/>
  </testcase> <!-- C361_verifyallpage3fields -->
  <testcase classname="icivics_testcases.I14_EducatorRegistration4_Test" name="C362_verifySignUpischecked" time="0.0">
    <skipped/>
  </testcase> <!-- C362_verifySignUpischecked -->
  <testcase classname="icivics_testcases.I14_EducatorRegistration4_Test" name="C363_verifyallpage4fields" time="0.0">
    <skipped/>
  </testcase> <!-- C363_verifyallpage4fields -->
  <testcase classname="icivics_testcases.I14_EducatorRegistration4_Test" name="C364_verifyallfieldasterisk" time="0.0">
    <skipped/>
  </testcase> <!-- C364_verifyallfieldasterisk -->
  <testcase classname="icivics_testcases.I14_EducatorRegistration4_Test" name="C365_verifypasswordtooltips" time="0.0">
    <skipped/>
  </testcase> <!-- C365_verifypasswordtooltips -->
  <testcase classname="icivics_testcases.I14_EducatorRegistration4_Test" name="C366_verifypasswordstrengthIndicator" time="0.0">
    <skipped/>
  </testcase> <!-- C366_verifypasswordstrengthIndicator -->
  <testcase classname="icivics_testcases.I14_EducatorRegistration4_Test" name="C367_verifypasswordIndicatormatch" time="0.0">
    <skipped/>
  </testcase> <!-- C367_verifypasswordIndicatormatch -->
  <testcase classname="icivics_testcases.I14_EducatorRegistration4_Test" name="C368_verifyallfieldswithinvaliddata" time="0.0">
    <skipped/>
  </testcase> <!-- C368_verifyallfieldswithinvaliddata -->
  <testcase classname="icivics_testcases.I14_EducatorRegistration4_Test" name="C369_verifyallfieldswithblankdata" time="0.0">
    <skipped/>
  </testcase> <!-- C369_verifyallfieldswithblankdata -->
  <testcase classname="icivics_testcases.I14_EducatorRegistration4_Test" name="C370_verifyallfieldswithblankandinvaliddata" time="0.0">
    <skipped/>
  </testcase> <!-- C370_verifyallfieldswithblankandinvaliddata -->
  <testcase classname="icivics_testcases.I14_EducatorRegistration4_Test" name="C371_verifyvalidsubmission" time="0.0">
    <skipped/>
  </testcase> <!-- C371_verifyvalidsubmission -->
  <testcase classname="icivics_testcases.I15_EducatorRegistration5_Test" name="C372_verifybreadcrumbspage5" time="0.0">
    <skipped/>
  </testcase> <!-- C372_verifybreadcrumbspage5 -->
  <testcase classname="icivics_testcases.I15_EducatorRegistration5_Test" name="C373_verifywelcomemessage" time="0.0">
    <skipped/>
  </testcase> <!-- C373_verifywelcomemessage -->
  <testcase classname="icivics_testcases.I15_EducatorRegistration5_Test" name="C374_verifyconfirmationemail" time="0.0">
    <skipped/>
  </testcase> <!-- C374_verifyconfirmationemail -->
  <testcase classname="icivics_testcases.I15_EducatorRegistration5_Test" name="C375_verifyconfirmationemail" time="0.0">
    <skipped/>
  </testcase> <!-- C375_verifyconfirmationemail -->
  <testcase classname="icivics_testcases.I15_EducatorRegistration5_Test" name="C376_verifyresendbutton" time="0.0">
    <skipped/>
  </testcase> <!-- C376_verifyresendbutton -->
  <testcase classname="icivics_testcases.I15_EducatorRegistration5_Test" name="C377_verifynotification" time="0.0">
    <skipped/>
  </testcase> <!-- C377_verifynotification -->
  <testcase classname="utilities.Reporter" name="@AfterSuite stopReport" time="0.0">
    <ignored/>
  </testcase> <!-- @AfterSuite stopReport -->
  <testcase classname="utilities.Reporter" name="@AfterSuite stopReport" time="0.0">
    <ignored/>
  </testcase> <!-- @AfterSuite stopReport -->
  <testcase classname="utilities.Reporter" name="@AfterSuite stopReport" time="0.0">
    <ignored/>
  </testcase> <!-- @AfterSuite stopReport -->
  <testcase classname="utilities.Reporter" name="@AfterSuite stopReport" time="0.0">
    <ignored/>
  </testcase> <!-- @AfterSuite stopReport -->
  <testcase classname="utilities.Reporter" name="@AfterSuite stopReport" time="0.0">
    <ignored/>
  </testcase> <!-- @AfterSuite stopReport -->
  <testcase classname="utilities.Reporter" name="@BeforeSuite startReport" time="0.0">
    <ignored/>
  </testcase> <!-- @BeforeSuite startReport -->
  <testcase classname="utilities.Reporter" name="@BeforeSuite startReport" time="0.0">
    <ignored/>
  </testcase> <!-- @BeforeSuite startReport -->
  <testcase classname="utilities.Reporter" name="@BeforeSuite startReport" time="0.0">
    <ignored/>
  </testcase> <!-- @BeforeSuite startReport -->
  <testcase classname="utilities.Reporter" name="@BeforeSuite startReport" time="0.0">
    <ignored/>
  </testcase> <!-- @BeforeSuite startReport -->
  <testcase classname="utilities.Reporter" name="@BeforeSuite startReport" time="0.0">
    <ignored/>
  </testcase> <!-- @BeforeSuite startReport -->
</testsuite> <!-- EducatorRegistration_Testscripts -->
