<html>
<head>
<title>TestNG:  Regression_Testscripts</title>
<link href="../testng.css" rel="stylesheet" type="text/css" />
<link href="../my-testng.css" rel="stylesheet" type="text/css" />

<style type="text/css">
.log { display: none;} 
.stack-trace { display: none;} 
</style>
<script type="text/javascript">
<!--
function flip(e) {
  current = e.style.display;
  if (current == 'block') {
    e.style.display = 'none';
    return 0;
  }
  else {
    e.style.display = 'block';
    return 1;
  }
}

function toggleBox(szDivId, elem, msg1, msg2)
{
  var res = -1;  if (document.getElementById) {
    res = flip(document.getElementById(szDivId));
  }
  else if (document.all) {
    // this is the way old msie versions work
    res = flip(document.all[szDivId]);
  }
  if(elem) {
    if(res == 0) elem.innerHTML = msg1; else elem.innerHTML = msg2;
  }

}

function toggleAllBoxes() {
  if (document.getElementsByTagName) {
    d = document.getElementsByTagName('div');
    for (i = 0; i < d.length; i++) {
      if (d[i].className == 'log') {
        flip(d[i]);
      }
    }
  }
}

// -->
</script>

</head>
<body>
<h2 align='center'>Regression_Testscripts</h2><table border='1' align="center">
<tr>
<td>Tests passed/Failed/Skipped:</td><td>161/0/22</td>
</tr><tr>
<td>Started on:</td><td>Fri Jul 08 01:10:12 IST 2022</td>
</tr>
<tr><td>Total time:</td><td>1427 seconds (1427321 ms)</td>
</tr><tr>
<td>Included groups:</td><td></td>
</tr><tr>
<td>Excluded groups:</td><td></td>
</tr>
</table><p/>
<small><i>(Hover the method name to see the test class name)</i></small><p/>
<table width='100%' border='1' class='invocation-passed'>
<tr><td colspan='4' align='center'><b>PASSED TESTS</b></td></tr>
<tr><td><b>Test method</b></td>
<td width="30%"><b>Exception</b></td>
<td width="10%"><b>Time (seconds)</b></td>
<td><b>Instance</b></td>
</tr>
<tr>
<td title='icivics_testcases.I21_StudentRegistration1Email_Test.C392_verifyemailtooltips()'><b>C392_verifyemailtooltips</b><br>Test class: icivics_testcases.I21_StudentRegistration1Email_Test<br>Parameters: https://staging.d9.icivics.org/user/register?role=student&email=1</td>
<td></td>
<td>4</td>
<td>icivics_testcases.I21_StudentRegistration1Email_Test@58fdd99</td></tr>
<tr>
<td title='icivics_testcases.I32_HP_2Headerplay_Test.C12_Verifypageisunderlined()'><b>C12_Verifypageisunderlined</b><br>Test class: icivics_testcases.I32_HP_2Headerplay_Test<br>Parameters: https://staging.d9.icivics.org/games</td>
<td></td>
<td>273</td>
<td>icivics_testcases.I32_HP_2Headerplay_Test@58c1c010</td></tr>
<tr>
<td title='icivics_testcases.I23_StudentRegistration2Email_Test.C400_verifyfieldsisremembered()'><b>C400_verifyfieldsisremembered</b><br>Test class: icivics_testcases.I23_StudentRegistration2Email_Test<br>Parameters: https://staging.d9.icivics.org/user/register?role=student&email=1</td>
<td></td>
<td>12</td>
<td>icivics_testcases.I23_StudentRegistration2Email_Test@7bc1a03d</td></tr>
<tr>
<td title='icivics_testcases.I21_StudentRegistration1Email_Test.C391_verifyfieldsmarkedwithanasterisk()'><b>C391_verifyfieldsmarkedwithanasterisk</b><br>Test class: icivics_testcases.I21_StudentRegistration1Email_Test<br>Parameters: https://staging.d9.icivics.org/user/register?role=student&email=1</td>
<td></td>
<td>5</td>
<td>icivics_testcases.I21_StudentRegistration1Email_Test@58fdd99</td></tr>
<tr>
<td title='icivics_testcases.I11_EducatorRegistration1_Test.C337_verifyvalidregistration()'><b>C337_verifyvalidregistration</b><br>Test class: icivics_testcases.I11_EducatorRegistration1_Test<br>Parameters: https://staging.d9.icivics.org/user/register?role=teacher</td>
<td></td>
<td>17</td>
<td>icivics_testcases.I11_EducatorRegistration1_Test@19dc67c2</td></tr>
<tr>
<td title='icivics_testcases.I37_HP_5HeaderSigninMisc_Test.C29_Verifydonatebutton()'><b>C29_Verifydonatebutton</b><br>Test class: icivics_testcases.I37_HP_5HeaderSigninMisc_Test<br>Parameters: https://staging.d9.icivics.org</td>
<td></td>
<td>4</td>
<td>icivics_testcases.I37_HP_5HeaderSigninMisc_Test@6591f517</td></tr>
<tr>
<td title='icivics_testcases.I32_HP_2Headerplay_Test.C9_Verifyplaybuttonlist()'><b>C9_Verifyplaybuttonlist</b><br>Test class: icivics_testcases.I32_HP_2Headerplay_Test<br>Parameters: https://staging.d9.icivics.org/games</td>
<td></td>
<td>14</td>
<td>icivics_testcases.I32_HP_2Headerplay_Test@58c1c010</td></tr>
<tr>
<td title='icivics_testcases.I20_StudentRegistration1classcode_Test.C431_verifyAsteriks()'><b>C431_verifyAsteriks</b><br>Test class: icivics_testcases.I20_StudentRegistration1classcode_Test<br>Parameters: https://staging.d9.icivics.org/user/register?role=student</td>
<td></td>
<td>8</td>
<td>icivics_testcases.I20_StudentRegistration1classcode_Test@551bdc27</td></tr>
<tr>
<td title='icivics_testcases.I14_EducatorRegistration4_Test.C363_verifyallpage4fields()'><b>C363_verifyallpage4fields</b><br>Test class: icivics_testcases.I14_EducatorRegistration4_Test<br>Parameters: https://staging.d9.icivics.org/user/register?role=teacher</td>
<td></td>
<td>53</td>
<td>icivics_testcases.I14_EducatorRegistration4_Test@23a5fd2</td></tr>
<tr>
<td title='icivics_testcases.I22_StudentRegistration2classcode_Test.C413_verifyblankerrormsg()'><b>C413_verifyblankerrormsg</b><br>Test class: icivics_testcases.I22_StudentRegistration2classcode_Test<br>Parameters: https://staging.d9.icivics.org/user/register?role=student</td>
<td></td>
<td>17</td>
<td>icivics_testcases.I22_StudentRegistration2classcode_Test@6b1274d2</td></tr>
<tr>
<td title='icivics_testcases.I32_HP_2Headerplay_Test.C8_Verifyplaysubmenu()'><b>C8_Verifyplaysubmenu</b><br>Test class: icivics_testcases.I32_HP_2Headerplay_Test<br>Parameters: https://staging.d9.icivics.org/games</td>
<td></td>
<td>4</td>
<td>icivics_testcases.I32_HP_2Headerplay_Test@58c1c010</td></tr>
<tr>
<td title='icivics_testcases.I37_HP_5HeaderSigninMisc_Test.C30_Verifydonatebuttonclick()'><b>C30_Verifydonatebuttonclick</b><br>Test class: icivics_testcases.I37_HP_5HeaderSigninMisc_Test<br>Parameters: https://staging.d9.icivics.org</td>
<td></td>
<td>21</td>
<td>icivics_testcases.I37_HP_5HeaderSigninMisc_Test@6591f517</td></tr>
<tr>
<td title='icivics_testcases.I36_HP_5HeaderMyicivicsMisc_Test.C34_VerifyIcivicsbutton()'><b>C34_VerifyIcivicsbutton</b><br>Test class: icivics_testcases.I36_HP_5HeaderMyicivicsMisc_Test<br>Parameters: https://staging.d9.icivics.org</td>
<td></td>
<td>17</td>
<td>icivics_testcases.I36_HP_5HeaderMyicivicsMisc_Test@5a4aa2f2</td></tr>
<tr>
<td title='icivics_testcases.I20_StudentRegistration1classcode_Test.C434_verifyinvaliderrormsg2()'><b>C434_verifyinvaliderrormsg2</b><br>Test class: icivics_testcases.I20_StudentRegistration1classcode_Test<br>Parameters: https://staging.d9.icivics.org/user/register?role=student</td>
<td></td>
<td>11</td>
<td>icivics_testcases.I20_StudentRegistration1classcode_Test@551bdc27</td></tr>
<tr>
<td title='icivics_testcases.I21_StudentRegistration1Email_Test.C396_verifyvalidregistration()'><b>C396_verifyvalidregistration</b><br>Test class: icivics_testcases.I21_StudentRegistration1Email_Test<br>Parameters: https://staging.d9.icivics.org/user/register?role=student&email=1</td>
<td></td>
<td>16</td>
<td>icivics_testcases.I21_StudentRegistration1Email_Test@58fdd99</td></tr>
<tr>
<td title='icivics_testcases.I23_StudentRegistration2Email_Test.C412_verifyenterinvaliddata()'><b>C412_verifyenterinvaliddata</b><br>Test class: icivics_testcases.I23_StudentRegistration2Email_Test<br>Parameters: https://staging.d9.icivics.org/user/register?role=student&email=1</td>
<td></td>
<td>19</td>
<td>icivics_testcases.I23_StudentRegistration2Email_Test@7bc1a03d</td></tr>
<tr>
<td title='icivics_testcases.I32_HP_2Headerplay_Test.C10_Verifyplaybuttonelements()'><b>C10_Verifyplaybuttonelements</b><br>Test class: icivics_testcases.I32_HP_2Headerplay_Test<br>Parameters: https://staging.d9.icivics.org/games</td>
<td></td>
<td>156</td>
<td>icivics_testcases.I32_HP_2Headerplay_Test@58c1c010</td></tr>
<tr>
<td title='icivics_testcases.I21_StudentRegistration1Email_Test.C387_verifytextfields()'><b>C387_verifytextfields</b><br>Test class: icivics_testcases.I21_StudentRegistration1Email_Test<br>Parameters: https://staging.d9.icivics.org/user/register?role=student&email=1</td>
<td></td>
<td>8</td>
<td>icivics_testcases.I21_StudentRegistration1Email_Test@58fdd99</td></tr>
<tr>
<td title='icivics_testcases.I21_StudentRegistration1Email_Test.C397_Verifyclasscodelink()'><b>C397_Verifyclasscodelink</b><br>Test class: icivics_testcases.I21_StudentRegistration1Email_Test<br>Parameters: https://staging.d9.icivics.org/user/register?role=student&email=1</td>
<td></td>
<td>17</td>
<td>icivics_testcases.I21_StudentRegistration1Email_Test@58fdd99</td></tr>
<tr>
<td title='icivics_testcases.I20_StudentRegistration1classcode_Test.C428_verifyusernamepregenerated()'><b>C428_verifyusernamepregenerated</b><br>Test class: icivics_testcases.I20_StudentRegistration1classcode_Test<br>Parameters: https://staging.d9.icivics.org/user/register?role=student</td>
<td></td>
<td>8</td>
<td>icivics_testcases.I20_StudentRegistration1classcode_Test@551bdc27</td></tr>
<tr>
<td title='icivics_testcases.I14_EducatorRegistration4_Test.C358_verifybreadcrumbspage4()'><b>C358_verifybreadcrumbspage4</b><br>Test class: icivics_testcases.I14_EducatorRegistration4_Test<br>Parameters: https://staging.d9.icivics.org/user/register?role=teacher</td>
<td></td>
<td>29</td>
<td>icivics_testcases.I14_EducatorRegistration4_Test@23a5fd2</td></tr>
<tr>
<td title='icivics_testcases.I13_EducatorRegistration3_Test.C357_verifyvalidsubmission()'><b>C357_verifyvalidsubmission</b><br>Test class: icivics_testcases.I13_EducatorRegistration3_Test<br>Parameters: https://staging.d9.icivics.org/user/register?role=teacher</td>
<td></td>
<td>33</td>
<td>icivics_testcases.I13_EducatorRegistration3_Test@62bd765</td></tr>
<tr>
<td title='icivics_testcases.I15_EducatorRegistration5_Test.C377_verifynotification()'><b>C377_verifynotification</b><br>Test class: icivics_testcases.I15_EducatorRegistration5_Test<br>Parameters: https://staging.d9.icivics.org/user/register?role=teacher</td>
<td></td>
<td>40</td>
<td>icivics_testcases.I15_EducatorRegistration5_Test@dd3b207</td></tr>
<tr>
<td title='icivics_testcases.I12_EducatorRegistration2_Test.C343_verifyotheradditionalfield()'><b>C343_verifyotheradditionalfield</b><br>Test class: icivics_testcases.I12_EducatorRegistration2_Test<br>Parameters: https://staging.d9.icivics.org/user/register?role=teacher</td>
<td></td>
<td>12</td>
<td>icivics_testcases.I12_EducatorRegistration2_Test@221af3c0</td></tr>
<tr>
<td title='icivics_testcases.I13_EducatorRegistration3_Test.C352_verifyallfieldsallowtoentertextandmakeselection()'><b>C352_verifyallfieldsallowtoentertextandmakeselection</b><br>Test class: icivics_testcases.I13_EducatorRegistration3_Test<br>Parameters: https://staging.d9.icivics.org/user/register?role=teacher</td>
<td></td>
<td>48</td>
<td>icivics_testcases.I13_EducatorRegistration3_Test@62bd765</td></tr>
<tr>
<td title='icivics_testcases.I22_StudentRegistration2classcode_Test.C404_clickprivacypolicy()'><b>C404_clickprivacypolicy</b><br>Test class: icivics_testcases.I22_StudentRegistration2classcode_Test<br>Parameters: https://staging.d9.icivics.org/user/register?role=student</td>
<td></td>
<td>19</td>
<td>icivics_testcases.I22_StudentRegistration2classcode_Test@6b1274d2</td></tr>
<tr>
<td title='icivics_testcases.I37_HP_5HeaderSigninMisc_Test.C38_Verifysigninbuttonsubmenu()'><b>C38_Verifysigninbuttonsubmenu</b><br>Test class: icivics_testcases.I37_HP_5HeaderSigninMisc_Test<br>Parameters: https://staging.d9.icivics.org</td>
<td></td>
<td>18</td>
<td>icivics_testcases.I37_HP_5HeaderSigninMisc_Test@6591f517</td></tr>
<tr>
<td title='icivics_testcases.I23_StudentRegistration2Email_Test.C405_verifypage2SignUpforEmailsfield()'><b>C405_verifypage2SignUpforEmailsfield</b><br>Test class: icivics_testcases.I23_StudentRegistration2Email_Test<br>Parameters: https://staging.d9.icivics.org/user/register?role=student&email=1</td>
<td></td>
<td>9</td>
<td>icivics_testcases.I23_StudentRegistration2Email_Test@7bc1a03d</td></tr>
<tr>
<td title='icivics_testcases.I12_EducatorRegistration2_Test.C347_verifyvalidsubmission()'><b>C347_verifyvalidsubmission</b><br>Test class: icivics_testcases.I12_EducatorRegistration2_Test<br>Parameters: https://staging.d9.icivics.org/user/register?role=teacher</td>
<td></td>
<td>29</td>
<td>icivics_testcases.I12_EducatorRegistration2_Test@221af3c0</td></tr>
<tr>
<td title='icivics_testcases.I11_EducatorRegistration1_Test.C330_verifyusernamepregeneratedrandomly()'><b>C330_verifyusernamepregeneratedrandomly</b><br>Test class: icivics_testcases.I11_EducatorRegistration1_Test<br>Parameters: https://staging.d9.icivics.org/user/register?role=teacher</td>
<td></td>
<td>17</td>
<td>icivics_testcases.I11_EducatorRegistration1_Test@19dc67c2</td></tr>
<tr>
<td title='icivics_testcases.I20_StudentRegistration1classcode_Test.C427_verifyemailfieldsdisappear()'><b>C427_verifyemailfieldsdisappear</b><br>Test class: icivics_testcases.I20_StudentRegistration1classcode_Test<br>Parameters: https://staging.d9.icivics.org/user/register?role=student</td>
<td></td>
<td>21</td>
<td>icivics_testcases.I20_StudentRegistration1classcode_Test@551bdc27</td></tr>
<tr>
<td title='icivics_testcases.I33_HP_3HeaderTeach_Test.C16_Verifysubmenucount()'><b>C16_Verifysubmenucount</b><br>Test class: icivics_testcases.I33_HP_3HeaderTeach_Test<br>Parameters: https://staging.d9.icivics.org/about</td>
<td></td>
<td>5</td>
<td>icivics_testcases.I33_HP_3HeaderTeach_Test@61d47554</td></tr>
<tr>
<td title='icivics_testcases.I15_EducatorRegistration5_Test.C374_verifyconfirmationemail()'><b>C374_verifyconfirmationemail</b><br>Test class: icivics_testcases.I15_EducatorRegistration5_Test<br>Parameters: https://staging.d9.icivics.org/user/register?role=teacher</td>
<td></td>
<td>29</td>
<td>icivics_testcases.I15_EducatorRegistration5_Test@dd3b207</td></tr>
<tr>
<td title='icivics_testcases.I10_EducatorRegistration_Test.C324_WindowResize()'><b>C324_WindowResize</b><br>Test class: icivics_testcases.I10_EducatorRegistration_Test<br>Parameters: https://staging.d9.icivics.org/user/register?role=teacher</td>
<td></td>
<td>15</td>
<td>icivics_testcases.I10_EducatorRegistration_Test@1e9e725a</td></tr>
<tr>
<td title='icivics_testcases.I12_EducatorRegistration2_Test.C340_verifyalldataremembered()'><b>C340_verifyalldataremembered</b><br>Test class: icivics_testcases.I12_EducatorRegistration2_Test<br>Parameters: https://staging.d9.icivics.org/user/register?role=teacher</td>
<td></td>
<td>22</td>
<td>icivics_testcases.I12_EducatorRegistration2_Test@221af3c0</td></tr>
<tr>
<td title='icivics_testcases.I35_HP_4HeaderAbout_Test.C22_Verifyaboutsubmenu()'><b>C22_Verifyaboutsubmenu</b><br>Test class: icivics_testcases.I35_HP_4HeaderAbout_Test<br>Parameters: https://staging.d9.icivics.org/teachers</td>
<td></td>
<td>13</td>
<td>icivics_testcases.I35_HP_4HeaderAbout_Test@f0f2775</td></tr>
<tr>
<td title='icivics_testcases.I37_HP_5HeaderSigninMisc_Test.C41_Verifysubmenuoptionisunderlined()'><b>C41_Verifysubmenuoptionisunderlined</b><br>Test class: icivics_testcases.I37_HP_5HeaderSigninMisc_Test<br>Parameters: https://staging.d9.icivics.org</td>
<td></td>
<td>46</td>
<td>icivics_testcases.I37_HP_5HeaderSigninMisc_Test@6591f517</td></tr>
<tr>
<td title='icivics_testcases.I14_EducatorRegistration4_Test.C369_verifyallfieldswithblankdata()'><b>C369_verifyallfieldswithblankdata</b><br>Test class: icivics_testcases.I14_EducatorRegistration4_Test<br>Parameters: https://staging.d9.icivics.org/user/register?role=teacher</td>
<td></td>
<td>31</td>
<td>icivics_testcases.I14_EducatorRegistration4_Test@23a5fd2</td></tr>
<tr>
<td title='icivics_testcases.I14_EducatorRegistration4_Test.C359_verifypreviouspage()'><b>C359_verifypreviouspage</b><br>Test class: icivics_testcases.I14_EducatorRegistration4_Test<br>Parameters: https://staging.d9.icivics.org/user/register?role=teacher</td>
<td></td>
<td>34</td>
<td>icivics_testcases.I14_EducatorRegistration4_Test@23a5fd2</td></tr>
<tr>
<td title='icivics_testcases.I24_StudentRegistration3classcode_Test.C454_verifypagecount3()'><b>C454_verifypagecount3</b><br>Test class: icivics_testcases.I24_StudentRegistration3classcode_Test<br>Parameters: https://staging.d9.icivics.org/user/register?role=student</td>
<td></td>
<td>20</td>
<td>icivics_testcases.I24_StudentRegistration3classcode_Test@ba8d91c</td></tr>
<tr>
<td title='icivics_testcases.I36_HP_5HeaderMyicivicsMisc_Test.C36_VerifyIcivicssubmenu()'><b>C36_VerifyIcivicssubmenu</b><br>Test class: icivics_testcases.I36_HP_5HeaderMyicivicsMisc_Test<br>Parameters: https://staging.d9.icivics.org</td>
<td></td>
<td>10</td>
<td>icivics_testcases.I36_HP_5HeaderMyicivicsMisc_Test@5a4aa2f2</td></tr>
<tr>
<td title='icivics_testcases.I15_EducatorRegistration5_Test.C376_verifyresendbutton()'><b>C376_verifyresendbutton</b><br>Test class: icivics_testcases.I15_EducatorRegistration5_Test<br>Parameters: https://staging.d9.icivics.org/user/register?role=teacher</td>
<td></td>
<td>44</td>
<td>icivics_testcases.I15_EducatorRegistration5_Test@dd3b207</td></tr>
<tr>
<td title='icivics_testcases.I14_EducatorRegistration4_Test.C364_verifyallfieldasterisk()'><b>C364_verifyallfieldasterisk</b><br>Test class: icivics_testcases.I14_EducatorRegistration4_Test<br>Parameters: https://staging.d9.icivics.org/user/register?role=teacher</td>
<td></td>
<td>27</td>
<td>icivics_testcases.I14_EducatorRegistration4_Test@23a5fd2</td></tr>
<tr>
<td title='icivics_testcases.I10_EducatorRegistration_Test.C322_ButtonHover()'><b>C322_ButtonHover</b><br>Test class: icivics_testcases.I10_EducatorRegistration_Test<br>Parameters: https://staging.d9.icivics.org/user/register?role=teacher</td>
<td></td>
<td>38</td>
<td>icivics_testcases.I10_EducatorRegistration_Test@1e9e725a</td></tr>
<tr>
<td title='icivics_testcases.I36_HP_5HeaderMyicivicsMisc_Test.C32_Verifyshopbuttonclick()'><b>C32_Verifyshopbuttonclick</b><br>Test class: icivics_testcases.I36_HP_5HeaderMyicivicsMisc_Test<br>Parameters: https://staging.d9.icivics.org</td>
<td></td>
<td>17</td>
<td>icivics_testcases.I36_HP_5HeaderMyicivicsMisc_Test@5a4aa2f2</td></tr>
<tr>
<td title='icivics_testcases.I24_StudentRegistration3classcode_Test.C455_verifyusernamegenerateddisplay()'><b>C455_verifyusernamegenerateddisplay</b><br>Test class: icivics_testcases.I24_StudentRegistration3classcode_Test<br>Parameters: https://staging.d9.icivics.org/user/register?role=student</td>
<td></td>
<td>25</td>
<td>icivics_testcases.I24_StudentRegistration3classcode_Test@ba8d91c</td></tr>
<tr>
<td title='icivics_testcases.I11_EducatorRegistration1_Test.C331_verifyentertextinallfields()'><b>C331_verifyentertextinallfields</b><br>Test class: icivics_testcases.I11_EducatorRegistration1_Test<br>Parameters: https://staging.d9.icivics.org/user/register?role=teacher</td>
<td></td>
<td>7</td>
<td>icivics_testcases.I11_EducatorRegistration1_Test@19dc67c2</td></tr>
<tr>
<td title='icivics_testcases.I14_EducatorRegistration4_Test.C366_verifypasswordstrengthIndicator()'><b>C366_verifypasswordstrengthIndicator</b><br>Test class: icivics_testcases.I14_EducatorRegistration4_Test<br>Parameters: https://staging.d9.icivics.org/user/register?role=teacher</td>
<td></td>
<td>28</td>
<td>icivics_testcases.I14_EducatorRegistration4_Test@23a5fd2</td></tr>
<tr>
<td title='icivics_testcases.I20_StudentRegistration1classcode_Test.C425_verifyemailfieldsappear()'><b>C425_verifyemailfieldsappear</b><br>Test class: icivics_testcases.I20_StudentRegistration1classcode_Test<br>Parameters: https://staging.d9.icivics.org/user/register?role=student</td>
<td></td>
<td>5</td>
<td>icivics_testcases.I20_StudentRegistration1classcode_Test@551bdc27</td></tr>
<tr>
<td title='icivics_testcases.I22_StudentRegistration2classcode_Test.C414_verifypage3loaded()'><b>C414_verifypage3loaded</b><br>Test class: icivics_testcases.I22_StudentRegistration2classcode_Test<br>Parameters: https://staging.d9.icivics.org/user/register?role=student</td>
<td></td>
<td>21</td>
<td>icivics_testcases.I22_StudentRegistration2classcode_Test@6b1274d2</td></tr>
<tr>
<td title='icivics_testcases.I30_HP_1Header_Test.C2_VerifyHeaderbuttonforanonymoususer()'><b>C2_VerifyHeaderbuttonforanonymoususer</b><br>Test class: icivics_testcases.I30_HP_1Header_Test<br>Parameters: https://staging.d9.icivics.org</td>
<td></td>
<td>23</td>
<td>icivics_testcases.I30_HP_1Header_Test@3d36e4cd</td></tr>
<tr>
<td title='icivics_testcases.I37_HP_5HeaderSigninMisc_Test.C31_Verifyshopbutton()'><b>C31_Verifyshopbutton</b><br>Test class: icivics_testcases.I37_HP_5HeaderSigninMisc_Test<br>Parameters: https://staging.d9.icivics.org</td>
<td></td>
<td>4</td>
<td>icivics_testcases.I37_HP_5HeaderSigninMisc_Test@6591f517</td></tr>
<tr>
<td title='icivics_testcases.I31_HP_1TeacherHeader_Test.C3_Verifyheaderbuttonsforauthenticateduser()'><b>C3_Verifyheaderbuttonsforauthenticateduser</b><br>Test class: icivics_testcases.I31_HP_1TeacherHeader_Test<br>Parameters: https://staging.d9.icivics.org/teachers</td>
<td></td>
<td>19</td>
<td>icivics_testcases.I31_HP_1TeacherHeader_Test@7ff2a664</td></tr>
<tr>
<td title='icivics_testcases.I15_EducatorRegistration5_Test.C375_verifyconfirmationemail()'><b>C375_verifyconfirmationemail</b><br>Test class: icivics_testcases.I15_EducatorRegistration5_Test<br>Parameters: https://staging.d9.icivics.org/user/register?role=teacher</td>
<td></td>
<td>28</td>
<td>icivics_testcases.I15_EducatorRegistration5_Test@dd3b207</td></tr>
<tr>
<td title='icivics_testcases.I15_EducatorRegistration5_Test.C373_verifywelcomemessage()'><b>C373_verifywelcomemessage</b><br>Test class: icivics_testcases.I15_EducatorRegistration5_Test<br>Parameters: https://staging.d9.icivics.org/user/register?role=teacher</td>
<td></td>
<td>31</td>
<td>icivics_testcases.I15_EducatorRegistration5_Test@dd3b207</td></tr>
<tr>
<td title='icivics_testcases.I23_StudentRegistration2Email_Test.C409_VerifyPasswordstrengthmeter()'><b>C409_VerifyPasswordstrengthmeter</b><br>Test class: icivics_testcases.I23_StudentRegistration2Email_Test<br>Parameters: https://staging.d9.icivics.org/user/register?role=student&email=1</td>
<td></td>
<td>12</td>
<td>icivics_testcases.I23_StudentRegistration2Email_Test@7bc1a03d</td></tr>
<tr>
<td title='icivics_testcases.I14_EducatorRegistration4_Test.C370_verifyallfieldswithblankandinvaliddata()'><b>C370_verifyallfieldswithblankandinvaliddata</b><br>Test class: icivics_testcases.I14_EducatorRegistration4_Test<br>Parameters: https://staging.d9.icivics.org/user/register?role=teacher</td>
<td></td>
<td>30</td>
<td>icivics_testcases.I14_EducatorRegistration4_Test@23a5fd2</td></tr>
<tr>
<td title='icivics_testcases.I22_StudentRegistration2classcode_Test.C412_verifytermsofuseandprivacycheckbox()'><b>C412_verifytermsofuseandprivacycheckbox</b><br>Test class: icivics_testcases.I22_StudentRegistration2classcode_Test<br>Parameters: https://staging.d9.icivics.org/user/register?role=student</td>
<td></td>
<td>15</td>
<td>icivics_testcases.I22_StudentRegistration2classcode_Test@6b1274d2</td></tr>
<tr>
<td title='icivics_testcases.I36_HP_5HeaderMyicivicsMisc_Test.C30_Verifydonatebuttonclick()'><b>C30_Verifydonatebuttonclick</b><br>Test class: icivics_testcases.I36_HP_5HeaderMyicivicsMisc_Test<br>Parameters: https://staging.d9.icivics.org</td>
<td></td>
<td>45</td>
<td>icivics_testcases.I36_HP_5HeaderMyicivicsMisc_Test@5a4aa2f2</td></tr>
<tr>
<td title='icivics_testcases.I20_StudentRegistration1classcode_Test.C430_verifyregistrationwithvaliddata()'><b>C430_verifyregistrationwithvaliddata</b><br>Test class: icivics_testcases.I20_StudentRegistration1classcode_Test<br>Parameters: https://staging.d9.icivics.org/user/register?role=student</td>
<td></td>
<td>12</td>
<td>icivics_testcases.I20_StudentRegistration1classcode_Test@551bdc27</td></tr>
<tr>
<td title='icivics_testcases.I31_HP_1TeacherHeader_Test.C6_Verifyheaderbuttonhoverforanonymoususer()'><b>C6_Verifyheaderbuttonhoverforanonymoususer</b><br>Test class: icivics_testcases.I31_HP_1TeacherHeader_Test<br>Parameters: https://staging.d9.icivics.org/teachers</td>
<td></td>
<td>85</td>
<td>icivics_testcases.I31_HP_1TeacherHeader_Test@7ff2a664</td></tr>
<tr>
<td title='icivics_testcases.I37_HP_5HeaderSigninMisc_Test.C37_Verifysigninbuttonsubmenu()'><b>C37_Verifysigninbuttonsubmenu</b><br>Test class: icivics_testcases.I37_HP_5HeaderSigninMisc_Test<br>Parameters: https://staging.d9.icivics.org</td>
<td></td>
<td>11</td>
<td>icivics_testcases.I37_HP_5HeaderSigninMisc_Test@6591f517</td></tr>
<tr>
<td title='icivics_testcases.I11_EducatorRegistration1_Test.C329_verifyusernamepregenerated()'><b>C329_verifyusernamepregenerated</b><br>Test class: icivics_testcases.I11_EducatorRegistration1_Test<br>Parameters: https://staging.d9.icivics.org/user/register?role=teacher</td>
<td></td>
<td>9</td>
<td>icivics_testcases.I11_EducatorRegistration1_Test@19dc67c2</td></tr>
<tr>
<td title='icivics_testcases.I36_HP_5HeaderMyicivicsMisc_Test.C29_Verifydonatebutton()'><b>C29_Verifydonatebutton</b><br>Test class: icivics_testcases.I36_HP_5HeaderMyicivicsMisc_Test<br>Parameters: https://staging.d9.icivics.org</td>
<td></td>
<td>15</td>
<td>icivics_testcases.I36_HP_5HeaderMyicivicsMisc_Test@5a4aa2f2</td></tr>
<tr>
<td title='icivics_testcases.I12_EducatorRegistration2_Test.C342_verifymakeselection()'><b>C342_verifymakeselection</b><br>Test class: icivics_testcases.I12_EducatorRegistration2_Test<br>Parameters: https://staging.d9.icivics.org/user/register?role=teacher</td>
<td></td>
<td>24</td>
<td>icivics_testcases.I12_EducatorRegistration2_Test@221af3c0</td></tr>
<tr>
<td title='icivics_testcases.I14_EducatorRegistration4_Test.C367_verifypasswordIndicatormatch()'><b>C367_verifypasswordIndicatormatch</b><br>Test class: icivics_testcases.I14_EducatorRegistration4_Test<br>Parameters: https://staging.d9.icivics.org/user/register?role=teacher</td>
<td></td>
<td>27</td>
<td>icivics_testcases.I14_EducatorRegistration4_Test@23a5fd2</td></tr>
<tr>
<td title='icivics_testcases.I22_StudentRegistration2classcode_Test.C412_verifyenterinvaliddata()'><b>C412_verifyenterinvaliddata</b><br>Test class: icivics_testcases.I22_StudentRegistration2classcode_Test<br>Parameters: https://staging.d9.icivics.org/user/register?role=student</td>
<td></td>
<td>25</td>
<td>icivics_testcases.I22_StudentRegistration2classcode_Test@6b1274d2</td></tr>
<tr>
<td title='icivics_testcases.I24_StudentRegistration3classcode_Test.C459_clickcontinuetomyassignmentbutton()'><b>C459_clickcontinuetomyassignmentbutton</b><br>Test class: icivics_testcases.I24_StudentRegistration3classcode_Test<br>Parameters: https://staging.d9.icivics.org/user/register?role=student</td>
<td></td>
<td>31</td>
<td>icivics_testcases.I24_StudentRegistration3classcode_Test@ba8d91c</td></tr>
<tr>
<td title='icivics_testcases.I33_HP_3HeaderTeach_Test.C20_verifyclickteachbuttonagain()'><b>C20_verifyclickteachbuttonagain</b><br>Test class: icivics_testcases.I33_HP_3HeaderTeach_Test<br>Parameters: https://staging.d9.icivics.org/about</td>
<td></td>
<td>6</td>
<td>icivics_testcases.I33_HP_3HeaderTeach_Test@61d47554</td></tr>
<tr>
<td title='icivics_testcases.I31_HP_1TeacherHeader_Test.C6_verifyaheaderbuttonhoverforauthenticateduser()'><b>C6_verifyaheaderbuttonhoverforauthenticateduser</b><br>Test class: icivics_testcases.I31_HP_1TeacherHeader_Test<br>Parameters: https://staging.d9.icivics.org/teachers</td>
<td></td>
<td>63</td>
<td>icivics_testcases.I31_HP_1TeacherHeader_Test@7ff2a664</td></tr>
<tr>
<td title='icivics_testcases.I12_EducatorRegistration2_Test.C345_verifyblankerrormsg()'><b>C345_verifyblankerrormsg</b><br>Test class: icivics_testcases.I12_EducatorRegistration2_Test<br>Parameters: https://staging.d9.icivics.org/user/register?role=teacher</td>
<td></td>
<td>51</td>
<td>icivics_testcases.I12_EducatorRegistration2_Test@221af3c0</td></tr>
<tr>
<td title='icivics_testcases.I34_HP_3Headerteach2_Test.C19_Verifyteachsubmenu()'><b>C19_Verifyteachsubmenu</b><br>Test class: icivics_testcases.I34_HP_3Headerteach2_Test<br>Parameters: https://staging.d9.icivics.org/teachers</td>
<td></td>
<td>89</td>
<td>icivics_testcases.I34_HP_3Headerteach2_Test@3f200884</td></tr>
<tr>
<td title='icivics_testcases.I35_HP_4HeaderAbout_Test.C24_VerifysubmenuElement()'><b>C24_VerifysubmenuElement</b><br>Test class: icivics_testcases.I35_HP_4HeaderAbout_Test<br>Parameters: https://staging.d9.icivics.org/teachers</td>
<td></td>
<td>104</td>
<td>icivics_testcases.I35_HP_4HeaderAbout_Test@f0f2775</td></tr>
<tr>
<td title='icivics_testcases.I14_EducatorRegistration4_Test.C360_verifyalldataremembered()'><b>C360_verifyalldataremembered</b><br>Test class: icivics_testcases.I14_EducatorRegistration4_Test<br>Parameters: https://staging.d9.icivics.org/user/register?role=teacher</td>
<td></td>
<td>33</td>
<td>icivics_testcases.I14_EducatorRegistration4_Test@23a5fd2</td></tr>
<tr>
<td title='icivics_testcases.I25_StudentRegistration3Email_Test.C376_verifyresendbutton()'><b>C376_verifyresendbutton</b><br>Test class: icivics_testcases.I25_StudentRegistration3Email_Test<br>Parameters: https://staging.d9.icivics.org/user/register?role=student&email=1</td>
<td></td>
<td>24</td>
<td>icivics_testcases.I25_StudentRegistration3Email_Test@5d20e46</td></tr>
<tr>
<td title='icivics_testcases.I31_HP_1TeacherHeader_Test.C3_Verifyheaderbuttonsforanonymoususer()'><b>C3_Verifyheaderbuttonsforanonymoususer</b><br>Test class: icivics_testcases.I31_HP_1TeacherHeader_Test<br>Parameters: https://staging.d9.icivics.org/teachers</td>
<td></td>
<td>14</td>
<td>icivics_testcases.I31_HP_1TeacherHeader_Test@7ff2a664</td></tr>
<tr>
<td title='icivics_testcases.I30_HP_1Header_Test.C1_VerifyLogo()'><b>C1_VerifyLogo</b><br>Test class: icivics_testcases.I30_HP_1Header_Test<br>Parameters: https://staging.d9.icivics.org</td>
<td></td>
<td>11</td>
<td>icivics_testcases.I30_HP_1Header_Test@3d36e4cd</td></tr>
<tr>
<td title='icivics_testcases.I23_StudentRegistration2Email_Test.C404_clickprivacypolicy()'><b>C404_clickprivacypolicy</b><br>Test class: icivics_testcases.I23_StudentRegistration2Email_Test<br>Parameters: https://staging.d9.icivics.org/user/register?role=student&email=1</td>
<td></td>
<td>17</td>
<td>icivics_testcases.I23_StudentRegistration2Email_Test@7bc1a03d</td></tr>
<tr>
<td title='icivics_testcases.I21_StudentRegistration1Email_Test.C394_verifyblankerrormsg()'><b>C394_verifyblankerrormsg</b><br>Test class: icivics_testcases.I21_StudentRegistration1Email_Test<br>Parameters: https://staging.d9.icivics.org/user/register?role=student&email=1</td>
<td></td>
<td>53</td>
<td>icivics_testcases.I21_StudentRegistration1Email_Test@58fdd99</td></tr>
<tr>
<td title='icivics_testcases.I37_HP_5HeaderSigninMisc_Test.C32_Verifyshopbuttonclick()'><b>C32_Verifyshopbuttonclick</b><br>Test class: icivics_testcases.I37_HP_5HeaderSigninMisc_Test<br>Parameters: https://staging.d9.icivics.org</td>
<td></td>
<td>7</td>
<td>icivics_testcases.I37_HP_5HeaderSigninMisc_Test@6591f517</td></tr>
<tr>
<td title='icivics_testcases.I11_EducatorRegistration1_Test.C328_verifytextfields()'><b>C328_verifytextfields</b><br>Test class: icivics_testcases.I11_EducatorRegistration1_Test<br>Parameters: https://staging.d9.icivics.org/user/register?role=teacher</td>
<td></td>
<td>11</td>
<td>icivics_testcases.I11_EducatorRegistration1_Test@19dc67c2</td></tr>
<tr>
<td title='icivics_testcases.I13_EducatorRegistration3_Test.C354_verifyallfieldswithinvaliddata()'><b>C354_verifyallfieldswithinvaliddata</b><br>Test class: icivics_testcases.I13_EducatorRegistration3_Test<br>Parameters: https://staging.d9.icivics.org/user/register?role=teacher</td>
<td></td>
<td>33</td>
<td>icivics_testcases.I13_EducatorRegistration3_Test@62bd765</td></tr>
<tr>
<td title='icivics_testcases.I23_StudentRegistration2Email_Test.C414_verifypage3loaded()'><b>C414_verifypage3loaded</b><br>Test class: icivics_testcases.I23_StudentRegistration2Email_Test<br>Parameters: https://staging.d9.icivics.org/user/register?role=student&email=1</td>
<td></td>
<td>18</td>
<td>icivics_testcases.I23_StudentRegistration2Email_Test@7bc1a03d</td></tr>
<tr>
<td title='icivics_testcases.I36_HP_5HeaderMyicivicsMisc_Test.C39_Myicivicsbuttonelementsverification()'><b>C39_Myicivicsbuttonelementsverification</b><br>Test class: icivics_testcases.I36_HP_5HeaderMyicivicsMisc_Test<br>Parameters: https://staging.d9.icivics.org</td>
<td></td>
<td>38</td>
<td>icivics_testcases.I36_HP_5HeaderMyicivicsMisc_Test@5a4aa2f2</td></tr>
<tr>
<td title='icivics_testcases.I13_EducatorRegistration3_Test.C350_verifyalldataremembered()'><b>C350_verifyalldataremembered</b><br>Test class: icivics_testcases.I13_EducatorRegistration3_Test<br>Parameters: https://staging.d9.icivics.org/user/register?role=teacher</td>
<td></td>
<td>22</td>
<td>icivics_testcases.I13_EducatorRegistration3_Test@62bd765</td></tr>
<tr>
<td title='icivics_testcases.I24_StudentRegistration3classcode_Test.C456_verifyusernametextddisplay()'><b>C456_verifyusernametextddisplay</b><br>Test class: icivics_testcases.I24_StudentRegistration3classcode_Test<br>Parameters: https://staging.d9.icivics.org/user/register?role=student</td>
<td></td>
<td>23</td>
<td>icivics_testcases.I24_StudentRegistration3classcode_Test@ba8d91c</td></tr>
<tr>
<td title='icivics_testcases.I14_EducatorRegistration4_Test.C365_verifypasswordtooltips()'><b>C365_verifypasswordtooltips</b><br>Test class: icivics_testcases.I14_EducatorRegistration4_Test<br>Parameters: https://staging.d9.icivics.org/user/register?role=teacher</td>
<td></td>
<td>28</td>
<td>icivics_testcases.I14_EducatorRegistration4_Test@23a5fd2</td></tr>
<tr>
<td title='icivics_testcases.I25_StudentRegistration3Email_Test.C372_verifypagecount3()'><b>C372_verifypagecount3</b><br>Test class: icivics_testcases.I25_StudentRegistration3Email_Test<br>Parameters: https://staging.d9.icivics.org/user/register?role=student&email=1</td>
<td></td>
<td>23</td>
<td>icivics_testcases.I25_StudentRegistration3Email_Test@5d20e46</td></tr>
<tr>
<td title='icivics_testcases.I33_HP_3HeaderTeach_Test.C15_Verifyteachsubmenu()'><b>C15_Verifyteachsubmenu</b><br>Test class: icivics_testcases.I33_HP_3HeaderTeach_Test<br>Parameters: https://staging.d9.icivics.org/about</td>
<td></td>
<td>6</td>
<td>icivics_testcases.I33_HP_3HeaderTeach_Test@61d47554</td></tr>
<tr>
<td title='icivics_testcases.I12_EducatorRegistration2_Test.C346_verifyerrormsgboxcolor()'><b>C346_verifyerrormsgboxcolor</b><br>Test class: icivics_testcases.I12_EducatorRegistration2_Test<br>Parameters: https://staging.d9.icivics.org/user/register?role=teacher</td>
<td></td>
<td>12</td>
<td>icivics_testcases.I12_EducatorRegistration2_Test@221af3c0</td></tr>
<tr>
<td title='icivics_testcases.I24_StudentRegistration3classcode_Test.C457_verifyemailddisplay()'><b>C457_verifyemailddisplay</b><br>Test class: icivics_testcases.I24_StudentRegistration3classcode_Test<br>Parameters: https://staging.d9.icivics.org/user/register?role=student</td>
<td></td>
<td>26</td>
<td>icivics_testcases.I24_StudentRegistration3classcode_Test@ba8d91c</td></tr>
<tr>
<td title='icivics_testcases.I20_StudentRegistration1classcode_Test.C433_verifyerrormsgverifyemailblankfield()'><b>C433_verifyerrormsgverifyemailblankfield</b><br>Test class: icivics_testcases.I20_StudentRegistration1classcode_Test<br>Parameters: https://staging.d9.icivics.org/user/register?role=student</td>
<td></td>
<td>62</td>
<td>icivics_testcases.I20_StudentRegistration1classcode_Test@551bdc27</td></tr>
<tr>
<td title='icivics_testcases.I36_HP_5HeaderMyicivicsMisc_Test.C37_VerifyIcivicssubmenu()'><b>C37_VerifyIcivicssubmenu</b><br>Test class: icivics_testcases.I36_HP_5HeaderMyicivicsMisc_Test<br>Parameters: https://staging.d9.icivics.org</td>
<td></td>
<td>11</td>
<td>icivics_testcases.I36_HP_5HeaderMyicivicsMisc_Test@5a4aa2f2</td></tr>
<tr>
<td title='icivics_testcases.I10_EducatorRegistration_Test.C326_Verifybreadcrumbs()'><b>C326_Verifybreadcrumbs</b><br>Test class: icivics_testcases.I10_EducatorRegistration_Test<br>Parameters: https://staging.d9.icivics.org/user/register?role=teacher</td>
<td></td>
<td>7</td>
<td>icivics_testcases.I10_EducatorRegistration_Test@1e9e725a</td></tr>
<tr>
<td title='icivics_testcases.I37_HP_5HeaderSigninMisc_Test.C42_Verifysubmenuoptionisunderlined()'><b>C42_Verifysubmenuoptionisunderlined</b><br>Test class: icivics_testcases.I37_HP_5HeaderSigninMisc_Test<br>Parameters: https://staging.d9.icivics.org</td>
<td></td>
<td>6</td>
<td>icivics_testcases.I37_HP_5HeaderSigninMisc_Test@6591f517</td></tr>
<tr>
<td title='icivics_testcases.I21_StudentRegistration1Email_Test.C388_verifyusernamepregenerated()'><b>C388_verifyusernamepregenerated</b><br>Test class: icivics_testcases.I21_StudentRegistration1Email_Test<br>Parameters: https://staging.d9.icivics.org/user/register?role=student&email=1</td>
<td></td>
<td>9</td>
<td>icivics_testcases.I21_StudentRegistration1Email_Test@58fdd99</td></tr>
<tr>
<td title='icivics_testcases.I13_EducatorRegistration3_Test.C348_verifybreadcrumbspage3()'><b>C348_verifybreadcrumbspage3</b><br>Test class: icivics_testcases.I13_EducatorRegistration3_Test<br>Parameters: https://staging.d9.icivics.org/user/register?role=teacher</td>
<td></td>
<td>20</td>
<td>icivics_testcases.I13_EducatorRegistration3_Test@62bd765</td></tr>
<tr>
<td title='icivics_testcases.I20_StudentRegistration1classcode_Test.C429_usernamegeneratedrandomly()'><b>C429_usernamegeneratedrandomly</b><br>Test class: icivics_testcases.I20_StudentRegistration1classcode_Test<br>Parameters: https://staging.d9.icivics.org/user/register?role=student</td>
<td></td>
<td>16</td>
<td>icivics_testcases.I20_StudentRegistration1classcode_Test@551bdc27</td></tr>
<tr>
<td title='icivics_testcases.I21_StudentRegistration1Email_Test.C384_Verifybreadcrumbspage()'><b>C384_Verifybreadcrumbspage</b><br>Test class: icivics_testcases.I21_StudentRegistration1Email_Test<br>Parameters: https://staging.d9.icivics.org/user/register?role=student&email=1</td>
<td></td>
<td>3</td>
<td>icivics_testcases.I21_StudentRegistration1Email_Test@58fdd99</td></tr>
<tr>
<td title='icivics_testcases.I30_HP_1Header_Test.C1538_Verifydonationpopup()'><b>C1538_Verifydonationpopup</b><br>Test class: icivics_testcases.I30_HP_1Header_Test<br>Parameters: https://staging.d9.icivics.org</td>
<td></td>
<td>12</td>
<td>icivics_testcases.I30_HP_1Header_Test@3d36e4cd</td></tr>
<tr>
<td title='icivics_testcases.I33_HP_3HeaderTeach_Test.C17_Verifyteachbuttonelements()'><b>C17_Verifyteachbuttonelements</b><br>Test class: icivics_testcases.I33_HP_3HeaderTeach_Test<br>Parameters: https://staging.d9.icivics.org/about</td>
<td></td>
<td>65</td>
<td>icivics_testcases.I33_HP_3HeaderTeach_Test@61d47554</td></tr>
<tr>
<td title='icivics_testcases.I22_StudentRegistration2classcode_Test.C400_verifyfieldsisremembered()'><b>C400_verifyfieldsisremembered</b><br>Test class: icivics_testcases.I22_StudentRegistration2classcode_Test<br>Parameters: https://staging.d9.icivics.org/user/register?role=student</td>
<td></td>
<td>17</td>
<td>icivics_testcases.I22_StudentRegistration2classcode_Test@6b1274d2</td></tr>
<tr>
<td title='icivics_testcases.I21_StudentRegistration1Email_Test.C393_verifyemailerrormsg()'><b>C393_verifyemailerrormsg</b><br>Test class: icivics_testcases.I21_StudentRegistration1Email_Test<br>Parameters: https://staging.d9.icivics.org/user/register?role=student&email=1</td>
<td></td>
<td>16</td>
<td>icivics_testcases.I21_StudentRegistration1Email_Test@58fdd99</td></tr>
<tr>
<td title='icivics_testcases.I20_StudentRegistration1classcode_Test.C432_verifyinvaliderrormsg()'><b>C432_verifyinvaliderrormsg</b><br>Test class: icivics_testcases.I20_StudentRegistration1classcode_Test<br>Parameters: https://staging.d9.icivics.org/user/register?role=student</td>
<td></td>
<td>17</td>
<td>icivics_testcases.I20_StudentRegistration1classcode_Test@551bdc27</td></tr>
<tr>
<td title='icivics_testcases.I14_EducatorRegistration4_Test.C362_verifySignUpischecked()'><b>C362_verifySignUpischecked</b><br>Test class: icivics_testcases.I14_EducatorRegistration4_Test<br>Parameters: https://staging.d9.icivics.org/user/register?role=teacher</td>
<td></td>
<td>34</td>
<td>icivics_testcases.I14_EducatorRegistration4_Test@23a5fd2</td></tr>
<tr>
<td title='icivics_testcases.I22_StudentRegistration2classcode_Test.C405_verifypage2SignUpforEmailsfield()'><b>C405_verifypage2SignUpforEmailsfield</b><br>Test class: icivics_testcases.I22_StudentRegistration2classcode_Test<br>Parameters: https://staging.d9.icivics.org/user/register?role=student</td>
<td></td>
<td>12</td>
<td>icivics_testcases.I22_StudentRegistration2classcode_Test@6b1274d2</td></tr>
<tr>
<td title='icivics_testcases.I22_StudentRegistration2classcode_Test.C409_VerifyPasswordstrengthmeter()'><b>C409_VerifyPasswordstrengthmeter</b><br>Test class: icivics_testcases.I22_StudentRegistration2classcode_Test<br>Parameters: https://staging.d9.icivics.org/user/register?role=student</td>
<td></td>
<td>13</td>
<td>icivics_testcases.I22_StudentRegistration2classcode_Test@6b1274d2</td></tr>
<tr>
<td title='icivics_testcases.I12_EducatorRegistration2_Test.C341_verifyRoleandGradeLevel()'><b>C341_verifyRoleandGradeLevel</b><br>Test class: icivics_testcases.I12_EducatorRegistration2_Test<br>Parameters: https://staging.d9.icivics.org/user/register?role=teacher</td>
<td></td>
<td>26</td>
<td>icivics_testcases.I12_EducatorRegistration2_Test@221af3c0</td></tr>
<tr>
<td title='icivics_testcases.I13_EducatorRegistration3_Test.C349_verifypreviouspage()'><b>C349_verifypreviouspage</b><br>Test class: icivics_testcases.I13_EducatorRegistration3_Test<br>Parameters: https://staging.d9.icivics.org/user/register?role=teacher</td>
<td></td>
<td>25</td>
<td>icivics_testcases.I13_EducatorRegistration3_Test@62bd765</td></tr>
<tr>
<td title='icivics_testcases.I36_HP_5HeaderMyicivicsMisc_Test.C31_Verifyshopbutton()'><b>C31_Verifyshopbutton</b><br>Test class: icivics_testcases.I36_HP_5HeaderMyicivicsMisc_Test<br>Parameters: https://staging.d9.icivics.org</td>
<td></td>
<td>13</td>
<td>icivics_testcases.I36_HP_5HeaderMyicivicsMisc_Test@5a4aa2f2</td></tr>
<tr>
<td title='icivics_testcases.I12_EducatorRegistration2_Test.C344_verifyasterisk()'><b>C344_verifyasterisk</b><br>Test class: icivics_testcases.I12_EducatorRegistration2_Test<br>Parameters: https://staging.d9.icivics.org/user/register?role=teacher</td>
<td></td>
<td>10</td>
<td>icivics_testcases.I12_EducatorRegistration2_Test@221af3c0</td></tr>
<tr>
<td title='icivics_testcases.I13_EducatorRegistration3_Test.C351_verifyallpage3fields()'><b>C351_verifyallpage3fields</b><br>Test class: icivics_testcases.I13_EducatorRegistration3_Test<br>Parameters: https://staging.d9.icivics.org/user/register?role=teacher</td>
<td></td>
<td>38</td>
<td>icivics_testcases.I13_EducatorRegistration3_Test@62bd765</td></tr>
<tr>
<td title='icivics_testcases.I11_EducatorRegistration1_Test.C333_verifyemailtooltips()'><b>C333_verifyemailtooltips</b><br>Test class: icivics_testcases.I11_EducatorRegistration1_Test<br>Parameters: https://staging.d9.icivics.org/user/register?role=teacher</td>
<td></td>
<td>5</td>
<td>icivics_testcases.I11_EducatorRegistration1_Test@19dc67c2</td></tr>
<tr>
<td title='icivics_testcases.I36_HP_5HeaderMyicivicsMisc_Test.C35_Verifytheavatar()'><b>C35_Verifytheavatar</b><br>Test class: icivics_testcases.I36_HP_5HeaderMyicivicsMisc_Test<br>Parameters: https://staging.d9.icivics.org</td>
<td></td>
<td>15</td>
<td>icivics_testcases.I36_HP_5HeaderMyicivicsMisc_Test@5a4aa2f2</td></tr>
<tr>
<td title='icivics_testcases.I11_EducatorRegistration1_Test.C336_verifyinvaliderrormsg()'><b>C336_verifyinvaliderrormsg</b><br>Test class: icivics_testcases.I11_EducatorRegistration1_Test<br>Parameters: https://staging.d9.icivics.org/user/register?role=teacher</td>
<td></td>
<td>16</td>
<td>icivics_testcases.I11_EducatorRegistration1_Test@19dc67c2</td></tr>
<tr>
<td title='icivics_testcases.I14_EducatorRegistration4_Test.C371_verifyvalidsubmission()'><b>C371_verifyvalidsubmission</b><br>Test class: icivics_testcases.I14_EducatorRegistration4_Test<br>Parameters: https://staging.d9.icivics.org/user/register?role=teacher</td>
<td></td>
<td>34</td>
<td>icivics_testcases.I14_EducatorRegistration4_Test@23a5fd2</td></tr>
<tr>
<td title='icivics_testcases.I11_EducatorRegistration1_Test.C335_verifyblankerrormsg()'><b>C335_verifyblankerrormsg</b><br>Test class: icivics_testcases.I11_EducatorRegistration1_Test<br>Parameters: https://staging.d9.icivics.org/user/register?role=teacher</td>
<td></td>
<td>52</td>
<td>icivics_testcases.I11_EducatorRegistration1_Test@19dc67c2</td></tr>
<tr>
<td title='icivics_testcases.I21_StudentRegistration1Email_Test.C390_verifyentertextinallfields()'><b>C390_verifyentertextinallfields</b><br>Test class: icivics_testcases.I21_StudentRegistration1Email_Test<br>Parameters: https://staging.d9.icivics.org/user/register?role=student&email=1</td>
<td></td>
<td>7</td>
<td>icivics_testcases.I21_StudentRegistration1Email_Test@58fdd99</td></tr>
<tr>
<td title='icivics_testcases.I36_HP_5HeaderMyicivicsMisc_Test.C35_Verifythenoavatar()'><b>C35_Verifythenoavatar</b><br>Test class: icivics_testcases.I36_HP_5HeaderMyicivicsMisc_Test<br>Parameters: https://staging.d9.icivics.org</td>
<td></td>
<td>13</td>
<td>icivics_testcases.I36_HP_5HeaderMyicivicsMisc_Test@5a4aa2f2</td></tr>
<tr>
<td title='icivics_testcases.I20_StudentRegistration1classcode_Test.C426_verifyemailtooltips()'><b>C426_verifyemailtooltips</b><br>Test class: icivics_testcases.I20_StudentRegistration1classcode_Test<br>Parameters: https://staging.d9.icivics.org/user/register?role=student</td>
<td></td>
<td>7</td>
<td>icivics_testcases.I20_StudentRegistration1classcode_Test@551bdc27</td></tr>
<tr>
<td title='icivics_testcases.I35_HP_4HeaderAbout_Test.C27_Verifyclickaboutbuttonagain()'><b>C27_Verifyclickaboutbuttonagain</b><br>Test class: icivics_testcases.I35_HP_4HeaderAbout_Test<br>Parameters: https://staging.d9.icivics.org/teachers</td>
<td></td>
<td>8</td>
<td>icivics_testcases.I35_HP_4HeaderAbout_Test@f0f2775</td></tr>
<tr>
<td title='icivics_testcases.I23_StudentRegistration2Email_Test.C408_hoveronpwdfield()'><b>C408_hoveronpwdfield</b><br>Test class: icivics_testcases.I23_StudentRegistration2Email_Test<br>Parameters: https://staging.d9.icivics.org/user/register?role=student&email=1</td>
<td></td>
<td>10</td>
<td>icivics_testcases.I23_StudentRegistration2Email_Test@7bc1a03d</td></tr>
<tr>
<td title='icivics_testcases.I22_StudentRegistration2classcode_Test.C399_Clickbackbutton()'><b>C399_Clickbackbutton</b><br>Test class: icivics_testcases.I22_StudentRegistration2classcode_Test<br>Parameters: https://staging.d9.icivics.org/user/register?role=student</td>
<td></td>
<td>14</td>
<td>icivics_testcases.I22_StudentRegistration2classcode_Test@6b1274d2</td></tr>
<tr>
<td title='icivics_testcases.I10_EducatorRegistration_Test.C325_Verifyerrormsg()'><b>C325_Verifyerrormsg</b><br>Test class: icivics_testcases.I10_EducatorRegistration_Test<br>Parameters: https://staging.d9.icivics.org/user/register?role=teacher</td>
<td></td>
<td>6</td>
<td>icivics_testcases.I10_EducatorRegistration_Test@1e9e725a</td></tr>
<tr>
<td title='icivics_testcases.I23_StudentRegistration2Email_Test.C398_verifypagecount2()'><b>C398_verifypagecount2</b><br>Test class: icivics_testcases.I23_StudentRegistration2Email_Test<br>Parameters: https://staging.d9.icivics.org/user/register?role=student&email=1</td>
<td></td>
<td>9</td>
<td>icivics_testcases.I23_StudentRegistration2Email_Test@7bc1a03d</td></tr>
<tr>
<td title='icivics_testcases.I30_HP_1Header_Test.C2_VerifyHeaderbuttonforauthenticateduser()'><b>C2_VerifyHeaderbuttonforauthenticateduser</b><br>Test class: icivics_testcases.I30_HP_1Header_Test<br>Parameters: https://staging.d9.icivics.org</td>
<td></td>
<td>20</td>
<td>icivics_testcases.I30_HP_1Header_Test@3d36e4cd</td></tr>
<tr>
<td title='icivics_testcases.I11_EducatorRegistration1_Test.C332_verifyfieldsmarkedwithanasterisk()'><b>C332_verifyfieldsmarkedwithanasterisk</b><br>Test class: icivics_testcases.I11_EducatorRegistration1_Test<br>Parameters: https://staging.d9.icivics.org/user/register?role=teacher</td>
<td></td>
<td>3</td>
<td>icivics_testcases.I11_EducatorRegistration1_Test@19dc67c2</td></tr>
<tr>
<td title='icivics_testcases.I23_StudentRegistration2Email_Test.C399_Clickbackbutton()'><b>C399_Clickbackbutton</b><br>Test class: icivics_testcases.I23_StudentRegistration2Email_Test<br>Parameters: https://staging.d9.icivics.org/user/register?role=student&email=1</td>
<td></td>
<td>15</td>
<td>icivics_testcases.I23_StudentRegistration2Email_Test@7bc1a03d</td></tr>
<tr>
<td title='icivics_testcases.I11_EducatorRegistration1_Test.C334_verifyemailerrormsg()'><b>C334_verifyemailerrormsg</b><br>Test class: icivics_testcases.I11_EducatorRegistration1_Test<br>Parameters: https://staging.d9.icivics.org/user/register?role=teacher</td>
<td></td>
<td>16</td>
<td>icivics_testcases.I11_EducatorRegistration1_Test@19dc67c2</td></tr>
<tr>
<td title='icivics_testcases.I22_StudentRegistration2classcode_Test.C403_clickontermsofuselink()'><b>C403_clickontermsofuselink</b><br>Test class: icivics_testcases.I22_StudentRegistration2classcode_Test<br>Parameters: https://staging.d9.icivics.org/user/register?role=student</td>
<td></td>
<td>26</td>
<td>icivics_testcases.I22_StudentRegistration2classcode_Test@6b1274d2</td></tr>
<tr>
<td title='icivics_testcases.I23_StudentRegistration2Email_Test.C410_VerifyPasswordindicatormatch()'><b>C410_VerifyPasswordindicatormatch</b><br>Test class: icivics_testcases.I23_StudentRegistration2Email_Test<br>Parameters: https://staging.d9.icivics.org/user/register?role=student&email=1</td>
<td></td>
<td>9</td>
<td>icivics_testcases.I23_StudentRegistration2Email_Test@7bc1a03d</td></tr>
<tr>
<td title='icivics_testcases.I21_StudentRegistration1Email_Test.C383_Verifybreadcrumbs()'><b>C383_Verifybreadcrumbs</b><br>Test class: icivics_testcases.I21_StudentRegistration1Email_Test<br>Parameters: https://staging.d9.icivics.org/user/register?role=student&email=1</td>
<td></td>
<td>5</td>
<td>icivics_testcases.I21_StudentRegistration1Email_Test@58fdd99</td></tr>
<tr>
<td title='icivics_testcases.I22_StudentRegistration2classcode_Test.C398_verifypagecount2()'><b>C398_verifypagecount2</b><br>Test class: icivics_testcases.I22_StudentRegistration2classcode_Test<br>Parameters: https://staging.d9.icivics.org/user/register?role=student</td>
<td></td>
<td>8</td>
<td>icivics_testcases.I22_StudentRegistration2classcode_Test@6b1274d2</td></tr>
<tr>
<td title='icivics_testcases.I23_StudentRegistration2Email_Test.C412_verifytermsofuseandprivacycheckbox()'><b>C412_verifytermsofuseandprivacycheckbox</b><br>Test class: icivics_testcases.I23_StudentRegistration2Email_Test<br>Parameters: https://staging.d9.icivics.org/user/register?role=student&email=1</td>
<td></td>
<td>14</td>
<td>icivics_testcases.I23_StudentRegistration2Email_Test@7bc1a03d</td></tr>
<tr>
<td title='icivics_testcases.I37_HP_5HeaderSigninMisc_Test.C33_Verifysigninbuttonforanonymoususer()'><b>C33_Verifysigninbuttonforanonymoususer</b><br>Test class: icivics_testcases.I37_HP_5HeaderSigninMisc_Test<br>Parameters: https://staging.d9.icivics.org</td>
<td></td>
<td>6</td>
<td>icivics_testcases.I37_HP_5HeaderSigninMisc_Test@6591f517</td></tr>
<tr>
<td title='icivics_testcases.I12_EducatorRegistration2_Test.C338_verifybreadcrumbspage1()'><b>C338_verifybreadcrumbspage1</b><br>Test class: icivics_testcases.I12_EducatorRegistration2_Test<br>Parameters: https://staging.d9.icivics.org/user/register?role=teacher</td>
<td></td>
<td>11</td>
<td>icivics_testcases.I12_EducatorRegistration2_Test@221af3c0</td></tr>
<tr>
<td title='icivics_testcases.I15_EducatorRegistration5_Test.C372_verifybreadcrumbspage5()'><b>C372_verifybreadcrumbspage5</b><br>Test class: icivics_testcases.I15_EducatorRegistration5_Test<br>Parameters: https://staging.d9.icivics.org/user/register?role=teacher</td>
<td></td>
<td>29</td>
<td>icivics_testcases.I15_EducatorRegistration5_Test@dd3b207</td></tr>
<tr>
<td title='icivics_testcases.I11_EducatorRegistration1_Test.C327_verifybreadcrumbspage1()'><b>C327_verifybreadcrumbspage1</b><br>Test class: icivics_testcases.I11_EducatorRegistration1_Test<br>Parameters: https://staging.d9.icivics.org/user/register?role=teacher</td>
<td></td>
<td>6</td>
<td>icivics_testcases.I11_EducatorRegistration1_Test@19dc67c2</td></tr>
<tr>
<td title='icivics_testcases.I31_HP_1TeacherHeader_Test.C7_verifyresizeheaderintohamburger()'><b>C7_verifyresizeheaderintohamburger</b><br>Test class: icivics_testcases.I31_HP_1TeacherHeader_Test<br>Parameters: https://staging.d9.icivics.org/teachers</td>
<td></td>
<td>32</td>
<td>icivics_testcases.I31_HP_1TeacherHeader_Test@7ff2a664</td></tr>
<tr>
<td title='icivics_testcases.I36_HP_5HeaderMyicivicsMisc_Test.C42_Verifymyicivicsbuttonsubmenuclose()'><b>C42_Verifymyicivicsbuttonsubmenuclose</b><br>Test class: icivics_testcases.I36_HP_5HeaderMyicivicsMisc_Test<br>Parameters: https://staging.d9.icivics.org</td>
<td></td>
<td>16</td>
<td>icivics_testcases.I36_HP_5HeaderMyicivicsMisc_Test@5a4aa2f2</td></tr>
<tr>
<td title='icivics_testcases.I22_StudentRegistration2classcode_Test.C410_VerifyPasswordindicatormatch()'><b>C410_VerifyPasswordindicatormatch</b><br>Test class: icivics_testcases.I22_StudentRegistration2classcode_Test<br>Parameters: https://staging.d9.icivics.org/user/register?role=student</td>
<td></td>
<td>16</td>
<td>icivics_testcases.I22_StudentRegistration2classcode_Test@6b1274d2</td></tr>
<tr>
<td title='icivics_testcases.I23_StudentRegistration2Email_Test.C403_clickontermsofuselink()'><b>C403_clickontermsofuselink</b><br>Test class: icivics_testcases.I23_StudentRegistration2Email_Test<br>Parameters: https://staging.d9.icivics.org/user/register?role=student&email=1</td>
<td></td>
<td>35</td>
<td>icivics_testcases.I23_StudentRegistration2Email_Test@7bc1a03d</td></tr>
<tr>
<td title='icivics_testcases.I10_EducatorRegistration_Test.C323_Verifyallbuttonlinks()'><b>C323_Verifyallbuttonlinks</b><br>Test class: icivics_testcases.I10_EducatorRegistration_Test<br>Parameters: https://staging.d9.icivics.org/user/register?role=teacher</td>
<td></td>
<td>280</td>
<td>icivics_testcases.I10_EducatorRegistration_Test@1e9e725a</td></tr>
<tr>
<td title='icivics_testcases.I32_HP_2Headerplay_Test.C13_Verifyclickonplaybuttonagain()'><b>C13_Verifyclickonplaybuttonagain</b><br>Test class: icivics_testcases.I32_HP_2Headerplay_Test<br>Parameters: https://staging.d9.icivics.org/games</td>
<td></td>
<td>4</td>
<td>icivics_testcases.I32_HP_2Headerplay_Test@58c1c010</td></tr>
<tr>
<td title='icivics_testcases.I10_EducatorRegistration_Test.C321_VerifyallpageElements()'><b>C321_VerifyallpageElements</b><br>Test class: icivics_testcases.I10_EducatorRegistration_Test<br>Parameters: https://staging.d9.icivics.org/user/register?role=teacher</td>
<td></td>
<td>23</td>
<td>icivics_testcases.I10_EducatorRegistration_Test@1e9e725a</td></tr>
<tr>
<td title='icivics_testcases.I25_StudentRegistration3Email_Test.C374_verifycheckmsgdisplay()'><b>C374_verifycheckmsgdisplay</b><br>Test class: icivics_testcases.I25_StudentRegistration3Email_Test<br>Parameters: https://staging.d9.icivics.org/user/register?role=student&email=1</td>
<td></td>
<td>18</td>
<td>icivics_testcases.I25_StudentRegistration3Email_Test@5d20e46</td></tr>
<tr>
<td title='icivics_testcases.I22_StudentRegistration2classcode_Test.C408_hoveronpwdfield()'><b>C408_hoveronpwdfield</b><br>Test class: icivics_testcases.I22_StudentRegistration2classcode_Test<br>Parameters: https://staging.d9.icivics.org/user/register?role=student</td>
<td></td>
<td>12</td>
<td>icivics_testcases.I22_StudentRegistration2classcode_Test@6b1274d2</td></tr>
<tr>
<td title='icivics_testcases.I35_HP_4HeaderAbout_Test.C23_Verifysubmenucount()'><b>C23_Verifysubmenucount</b><br>Test class: icivics_testcases.I35_HP_4HeaderAbout_Test<br>Parameters: https://staging.d9.icivics.org/teachers</td>
<td></td>
<td>14</td>
<td>icivics_testcases.I35_HP_4HeaderAbout_Test@f0f2775</td></tr>
<tr>
<td title='icivics_testcases.I12_EducatorRegistration2_Test.C339_verifypreviouspage()'><b>C339_verifypreviouspage</b><br>Test class: icivics_testcases.I12_EducatorRegistration2_Test<br>Parameters: https://staging.d9.icivics.org/user/register?role=teacher</td>
<td></td>
<td>15</td>
<td>icivics_testcases.I12_EducatorRegistration2_Test@221af3c0</td></tr>
<tr>
<td title='icivics_testcases.I20_StudentRegistration1classcode_Test.C435_verifyregistrationwithvalidvalue()'><b>C435_verifyregistrationwithvalidvalue</b><br>Test class: icivics_testcases.I20_StudentRegistration1classcode_Test<br>Parameters: https://staging.d9.icivics.org/user/register?role=student</td>
<td></td>
<td>15</td>
<td>icivics_testcases.I20_StudentRegistration1classcode_Test@551bdc27</td></tr>
<tr>
<td title='icivics_testcases.I36_HP_5HeaderMyicivicsMisc_Test.C41_verifyselectpageisunderlined()'><b>C41_verifyselectpageisunderlined</b><br>Test class: icivics_testcases.I36_HP_5HeaderMyicivicsMisc_Test<br>Parameters: https://staging.d9.icivics.org</td>
<td></td>
<td>54</td>
<td>icivics_testcases.I36_HP_5HeaderMyicivicsMisc_Test@5a4aa2f2</td></tr>
<tr>
<td title='icivics_testcases.I31_HP_1TeacherHeader_Test.C4_Verifyheaderelemets()'><b>C4_Verifyheaderelemets</b><br>Test class: icivics_testcases.I31_HP_1TeacherHeader_Test<br>Parameters: https://staging.d9.icivics.org/teachers</td>
<td></td>
<td>191</td>
<td>icivics_testcases.I31_HP_1TeacherHeader_Test@7ff2a664</td></tr>
<tr>
<td title='icivics_testcases.I21_StudentRegistration1Email_Test.C385_Verifyvideolink()'><b>C385_Verifyvideolink</b><br>Test class: icivics_testcases.I21_StudentRegistration1Email_Test<br>Parameters: https://staging.d9.icivics.org/user/register?role=student&email=1</td>
<td></td>
<td>26</td>
<td>icivics_testcases.I21_StudentRegistration1Email_Test@58fdd99</td></tr>
<tr>
<td title='icivics_testcases.I24_StudentRegistration3classcode_Test.C458_verifyemailtextddisplay()'><b>C458_verifyemailtextddisplay</b><br>Test class: icivics_testcases.I24_StudentRegistration3classcode_Test<br>Parameters: https://staging.d9.icivics.org/user/register?role=student</td>
<td></td>
<td>20</td>
<td>icivics_testcases.I24_StudentRegistration3classcode_Test@ba8d91c</td></tr>
<tr>
<td title='icivics_testcases.I14_EducatorRegistration4_Test.C361_verifyallpage3fields()'><b>C361_verifyallpage3fields</b><br>Test class: icivics_testcases.I14_EducatorRegistration4_Test<br>Parameters: https://staging.d9.icivics.org/user/register?role=teacher</td>
<td></td>
<td>36</td>
<td>icivics_testcases.I14_EducatorRegistration4_Test@23a5fd2</td></tr>
<tr>
<td title='icivics_testcases.I25_StudentRegistration3Email_Test.C373_verifycheckmsgdisplay()'><b>C373_verifycheckmsgdisplay</b><br>Test class: icivics_testcases.I25_StudentRegistration3Email_Test<br>Parameters: https://staging.d9.icivics.org/user/register?role=student&email=1</td>
<td></td>
<td>23</td>
<td>icivics_testcases.I25_StudentRegistration3Email_Test@5d20e46</td></tr>
<tr>
<td title='icivics_testcases.I23_StudentRegistration2Email_Test.C413_verifyblankerrormsg()'><b>C413_verifyblankerrormsg</b><br>Test class: icivics_testcases.I23_StudentRegistration2Email_Test<br>Parameters: https://staging.d9.icivics.org/user/register?role=student&email=1</td>
<td></td>
<td>17</td>
<td>icivics_testcases.I23_StudentRegistration2Email_Test@7bc1a03d</td></tr>
<tr>
<td title='icivics_testcases.I25_StudentRegistration3Email_Test.C377_verifyconfirmationemail()'><b>C377_verifyconfirmationemail</b><br>Test class: icivics_testcases.I25_StudentRegistration3Email_Test<br>Parameters: https://staging.d9.icivics.org/user/register?role=student&email=1</td>
<td></td>
<td>25</td>
<td>icivics_testcases.I25_StudentRegistration3Email_Test@5d20e46</td></tr>
<tr>
<td title='icivics_testcases.I21_StudentRegistration1Email_Test.C389_verifyusernamepregeneratedrandomly()'><b>C389_verifyusernamepregeneratedrandomly</b><br>Test class: icivics_testcases.I21_StudentRegistration1Email_Test<br>Parameters: https://staging.d9.icivics.org/user/register?role=student&email=1</td>
<td></td>
<td>16</td>
<td>icivics_testcases.I21_StudentRegistration1Email_Test@58fdd99</td></tr>
<tr>
<td title='icivics_testcases.I25_StudentRegistration3Email_Test.C375_verifyregisteredemaildisplay()'><b>C375_verifyregisteredemaildisplay</b><br>Test class: icivics_testcases.I25_StudentRegistration3Email_Test<br>Parameters: https://staging.d9.icivics.org/user/register?role=student&email=1</td>
<td></td>
<td>22</td>
<td>icivics_testcases.I25_StudentRegistration3Email_Test@5d20e46</td></tr>
<tr>
<td title='icivics_testcases.I14_EducatorRegistration4_Test.C368_verifyallfieldswithinvaliddata()'><b>C368_verifyallfieldswithinvaliddata</b><br>Test class: icivics_testcases.I14_EducatorRegistration4_Test<br>Parameters: https://staging.d9.icivics.org/user/register?role=teacher</td>
<td></td>
<td>31</td>
<td>icivics_testcases.I14_EducatorRegistration4_Test@23a5fd2</td></tr>
</table><p>
<table width='100%' border='1' class='invocation-skipped'>
<tr><td colspan='4' align='center'><b>SKIPPED TESTS</b></td></tr>
<tr><td><b>Test method</b></td>
<td width="30%"><b>Exception</b></td>
<td width="10%"><b>Time (seconds)</b></td>
<td><b>Instance</b></td>
</tr>
<tr>
<td title='icivics_testcases.I20_StudentRegistration1classcode_Test.C430_verifyregistrationwithvaliddata()'><b>C430_verifyregistrationwithvaliddata</b><br>Test class: icivics_testcases.I20_StudentRegistration1classcode_Test<br>Parameters: https://staging.d9.icivics.org/user/register?role=student</td>
<td><div><pre>org.openqa.selenium.WebDriverException: unknown error: cannot determine loading status
from unknown error: unexpected command response
  (Session info: chrome=103.0.5060.114)
Build info: version: &apos;4.3.0&apos;, revision: &apos;a4995e2c09*&apos;
System info: host: &apos;AMX-RL-20-348-W&apos;, ip: &apos;10.10.7.69&apos;, os.name: &apos;Windows 10&apos;, os.arch: &apos;amd64&apos;, os.version: &apos;10.0&apos;, java.version: &apos;1.8.0_181&apos;
Driver info: org.openqa.selenium.chrome.ChromeDriver
Command: [50a64a654540fb39f5e6826641d8ef61, clickElement {id=ae3b958e-95d7-48f9-9b2d-398e6fe70c8d}]
Capabilities {acceptInsecureCerts: false, browserName: chrome, browserVersion: 103.0.5060.114, chrome: {chromedriverVersion: 103.0.5060.53 (a1711811edd7..., userDataDir: C:\Users\VENKAT~1.T\AppData...}, goog:chromeOptions: {debuggerAddress: localhost:51930}, networkConnectionEnabled: false, pageLoadStrategy: normal, platformName: WINDOWS, proxy: Proxy(), se:cdp: ws://localhost:51930/devtoo..., se:cdpVersion: 103.0.5060.114, setWindowRect: true, strictFileInteractability: false, timeouts: {implicit: 0, pageLoad: 300000, script: 30000}, unhandledPromptBehavior: dismiss and notify, webauthn:extension:credBlob: true, webauthn:extension:largeBlob: true, webauthn:virtualAuthenticators: true}
Element: [[ChromeDriver: chrome on WINDOWS (50a64a654540fb39f5e6826641d8ef61)] -&gt; xpath: //button[@id=&apos;edit-next&apos;]]
Session ID: 50a64a654540fb39f5e6826641d8ef61
	at org.openqa.selenium.remote.codec.w3c.W3CHttpResponseCodec.createException(W3CHttpResponseCodec.java:200)
	at org.openqa.selenium.remote.codec.w3c.W3CHttpResponseCodec.decode(W3CHttpResponseCodec.java:133)
	at org.openqa.selenium.remote.codec.w3c.W3CHttpResponseCodec.decode(W3CHttpResponseCodec.java:53)
	at org.openqa.selenium.remote.HttpCommandExecutor.execute(HttpCommandExecutor.java:184)
	at org.openqa.selenium.remote.service.DriverCommandExecutor.invokeExecute(DriverCommandExecutor.java:167)
	at org.openqa.selenium.remote.service.DriverCommandExecutor.execute(DriverCommandExecutor.java:142)
	at org.openqa.selenium.remote.RemoteWebDriver.execute(RemoteWebDriver.java:569)
	at org.openqa.selenium.remote.RemoteWebElement.execute(RemoteWebElement.java:257)
	at org.openqa.selenium.remote.RemoteWebElement.click(RemoteWebElement.java:78)
	at selenium.base.SeleniumBase.click(SeleniumBase.java:58)
	at icivics_pages.StudentRegistration1classcode.clicknext(StudentRegistration1classcode.java:236)
	at icivics_testcases.I20_StudentRegistration1classcode_Test.C430_verifyregistrationwithvaliddata(I20_StudentRegistration1classcode_Test.java:79)
	at java.util.concurrent.ThreadPoolExecutor.runWorker(Unknown Source)
	at java.util.concurrent.ThreadPoolExecutor$Worker.run(Unknown Source)
	at java.lang.Thread.run(Unknown Source)
... Removed 15 stack frames</pre></div><a href='#' onClick='toggleBox("stack-trace41410868", this, "Click to show all stack frames", "Click to hide stack frames")'>Click to show all stack frames</a>
<div class='stack-trace' id='stack-trace41410868'><pre>org.openqa.selenium.WebDriverException: unknown error: cannot determine loading status
from unknown error: unexpected command response
  (Session info: chrome=103.0.5060.114)
Build info: version: &apos;4.3.0&apos;, revision: &apos;a4995e2c09*&apos;
System info: host: &apos;AMX-RL-20-348-W&apos;, ip: &apos;10.10.7.69&apos;, os.name: &apos;Windows 10&apos;, os.arch: &apos;amd64&apos;, os.version: &apos;10.0&apos;, java.version: &apos;1.8.0_181&apos;
Driver info: org.openqa.selenium.chrome.ChromeDriver
Command: [50a64a654540fb39f5e6826641d8ef61, clickElement {id=ae3b958e-95d7-48f9-9b2d-398e6fe70c8d}]
Capabilities {acceptInsecureCerts: false, browserName: chrome, browserVersion: 103.0.5060.114, chrome: {chromedriverVersion: 103.0.5060.53 (a1711811edd7..., userDataDir: C:\Users\VENKAT~1.T\AppData...}, goog:chromeOptions: {debuggerAddress: localhost:51930}, networkConnectionEnabled: false, pageLoadStrategy: normal, platformName: WINDOWS, proxy: Proxy(), se:cdp: ws://localhost:51930/devtoo..., se:cdpVersion: 103.0.5060.114, setWindowRect: true, strictFileInteractability: false, timeouts: {implicit: 0, pageLoad: 300000, script: 30000}, unhandledPromptBehavior: dismiss and notify, webauthn:extension:credBlob: true, webauthn:extension:largeBlob: true, webauthn:virtualAuthenticators: true}
Element: [[ChromeDriver: chrome on WINDOWS (50a64a654540fb39f5e6826641d8ef61)] -&gt; xpath: //button[@id=&apos;edit-next&apos;]]
Session ID: 50a64a654540fb39f5e6826641d8ef61
	at sun.reflect.GeneratedConstructorAccessor98.newInstance(Unknown Source)
	at sun.reflect.DelegatingConstructorAccessorImpl.newInstance(Unknown Source)
	at java.lang.reflect.Constructor.newInstance(Unknown Source)
	at org.openqa.selenium.remote.codec.w3c.W3CHttpResponseCodec.createException(W3CHttpResponseCodec.java:200)
	at org.openqa.selenium.remote.codec.w3c.W3CHttpResponseCodec.decode(W3CHttpResponseCodec.java:133)
	at org.openqa.selenium.remote.codec.w3c.W3CHttpResponseCodec.decode(W3CHttpResponseCodec.java:53)
	at org.openqa.selenium.remote.HttpCommandExecutor.execute(HttpCommandExecutor.java:184)
	at org.openqa.selenium.remote.service.DriverCommandExecutor.invokeExecute(DriverCommandExecutor.java:167)
	at org.openqa.selenium.remote.service.DriverCommandExecutor.execute(DriverCommandExecutor.java:142)
	at org.openqa.selenium.remote.RemoteWebDriver.execute(RemoteWebDriver.java:569)
	at org.openqa.selenium.remote.RemoteWebElement.execute(RemoteWebElement.java:257)
	at org.openqa.selenium.remote.RemoteWebElement.click(RemoteWebElement.java:78)
	at selenium.base.SeleniumBase.click(SeleniumBase.java:58)
	at icivics_pages.StudentRegistration1classcode.clicknext(StudentRegistration1classcode.java:236)
	at icivics_testcases.I20_StudentRegistration1classcode_Test.C430_verifyregistrationwithvaliddata(I20_StudentRegistration1classcode_Test.java:79)
	at sun.reflect.NativeMethodAccessorImpl.invoke0(Native Method)
	at sun.reflect.NativeMethodAccessorImpl.invoke(Unknown Source)
	at sun.reflect.DelegatingMethodAccessorImpl.invoke(Unknown Source)
	at java.lang.reflect.Method.invoke(Unknown Source)
	at org.testng.internal.MethodInvocationHelper.invokeMethod(MethodInvocationHelper.java:133)
	at org.testng.internal.TestInvoker.invokeMethod(TestInvoker.java:598)
	at org.testng.internal.TestInvoker.retryFailed(TestInvoker.java:213)
	at org.testng.internal.MethodRunner.runInSequence(MethodRunner.java:58)
	at org.testng.internal.TestInvoker$MethodInvocationAgent.invoke(TestInvoker.java:824)
	at org.testng.internal.TestInvoker.invokeTestMethods(TestInvoker.java:146)
	at org.testng.internal.TestMethodWorker.invokeTestMethods(TestMethodWorker.java:146)
	at org.testng.internal.TestMethodWorker.run(TestMethodWorker.java:128)
	at java.util.concurrent.ThreadPoolExecutor.runWorker(Unknown Source)
	at java.util.concurrent.ThreadPoolExecutor$Worker.run(Unknown Source)
	at java.lang.Thread.run(Unknown Source)
</pre></div></td>
<td>9</td>
<td>icivics_testcases.I20_StudentRegistration1classcode_Test@551bdc27</td></tr>
<tr>
<td title='icivics_testcases.I24_StudentRegistration3classcode_Test.C458_verifyemailtextddisplay()'><b>C458_verifyemailtextddisplay</b><br>Test class: icivics_testcases.I24_StudentRegistration3classcode_Test<br>Parameters: https://staging.d9.icivics.org/user/register?role=student</td>
<td><div><pre>org.openqa.selenium.WebDriverException: unknown error: cannot determine loading status
from unknown error: unexpected command response
  (Session info: chrome=103.0.5060.114)
Build info: version: &apos;4.3.0&apos;, revision: &apos;a4995e2c09*&apos;
System info: host: &apos;AMX-RL-20-348-W&apos;, ip: &apos;10.10.7.69&apos;, os.name: &apos;Windows 10&apos;, os.arch: &apos;amd64&apos;, os.version: &apos;10.0&apos;, java.version: &apos;1.8.0_181&apos;
Driver info: org.openqa.selenium.chrome.ChromeDriver
Command: [92c0098164db1b80b6e745ac542affb3, clickElement {id=ed19fcc7-1fc3-4f09-8211-f551fafe09da}]
Capabilities {acceptInsecureCerts: false, browserName: chrome, browserVersion: 103.0.5060.114, chrome: {chromedriverVersion: 103.0.5060.53 (a1711811edd7..., userDataDir: C:\Users\VENKAT~1.T\AppData...}, goog:chromeOptions: {debuggerAddress: localhost:52398}, networkConnectionEnabled: false, pageLoadStrategy: normal, platformName: WINDOWS, proxy: Proxy(), se:cdp: ws://localhost:52398/devtoo..., se:cdpVersion: 103.0.5060.114, setWindowRect: true, strictFileInteractability: false, timeouts: {implicit: 0, pageLoad: 300000, script: 30000}, unhandledPromptBehavior: dismiss and notify, webauthn:extension:credBlob: true, webauthn:extension:largeBlob: true, webauthn:virtualAuthenticators: true}
Element: [[ChromeDriver: chrome on WINDOWS (92c0098164db1b80b6e745ac542affb3)] -&gt; xpath: //button[@id=&apos;edit-next&apos;]]
Session ID: 92c0098164db1b80b6e745ac542affb3
	at org.openqa.selenium.remote.codec.w3c.W3CHttpResponseCodec.createException(W3CHttpResponseCodec.java:200)
	at org.openqa.selenium.remote.codec.w3c.W3CHttpResponseCodec.decode(W3CHttpResponseCodec.java:133)
	at org.openqa.selenium.remote.codec.w3c.W3CHttpResponseCodec.decode(W3CHttpResponseCodec.java:53)
	at org.openqa.selenium.remote.HttpCommandExecutor.execute(HttpCommandExecutor.java:184)
	at org.openqa.selenium.remote.service.DriverCommandExecutor.invokeExecute(DriverCommandExecutor.java:167)
	at org.openqa.selenium.remote.service.DriverCommandExecutor.execute(DriverCommandExecutor.java:142)
	at org.openqa.selenium.remote.RemoteWebDriver.execute(RemoteWebDriver.java:569)
	at org.openqa.selenium.remote.RemoteWebElement.execute(RemoteWebElement.java:257)
	at org.openqa.selenium.remote.RemoteWebElement.click(RemoteWebElement.java:78)
	at icivics_pages.StudentRegistration3classcode.verifyregistrationwithvaliddata(StudentRegistration3classcode.java:75)
	at icivics_testcases.I24_StudentRegistration3classcode_Test.C458_verifyemailtextddisplay(I24_StudentRegistration3classcode_Test.java:68)
	at java.util.concurrent.ThreadPoolExecutor.runWorker(Unknown Source)
	at java.util.concurrent.ThreadPoolExecutor$Worker.run(Unknown Source)
	at java.lang.Thread.run(Unknown Source)
... Removed 15 stack frames</pre></div><a href='#' onClick='toggleBox("stack-trace534773467", this, "Click to show all stack frames", "Click to hide stack frames")'>Click to show all stack frames</a>
<div class='stack-trace' id='stack-trace534773467'><pre>org.openqa.selenium.WebDriverException: unknown error: cannot determine loading status
from unknown error: unexpected command response
  (Session info: chrome=103.0.5060.114)
Build info: version: &apos;4.3.0&apos;, revision: &apos;a4995e2c09*&apos;
System info: host: &apos;AMX-RL-20-348-W&apos;, ip: &apos;10.10.7.69&apos;, os.name: &apos;Windows 10&apos;, os.arch: &apos;amd64&apos;, os.version: &apos;10.0&apos;, java.version: &apos;1.8.0_181&apos;
Driver info: org.openqa.selenium.chrome.ChromeDriver
Command: [92c0098164db1b80b6e745ac542affb3, clickElement {id=ed19fcc7-1fc3-4f09-8211-f551fafe09da}]
Capabilities {acceptInsecureCerts: false, browserName: chrome, browserVersion: 103.0.5060.114, chrome: {chromedriverVersion: 103.0.5060.53 (a1711811edd7..., userDataDir: C:\Users\VENKAT~1.T\AppData...}, goog:chromeOptions: {debuggerAddress: localhost:52398}, networkConnectionEnabled: false, pageLoadStrategy: normal, platformName: WINDOWS, proxy: Proxy(), se:cdp: ws://localhost:52398/devtoo..., se:cdpVersion: 103.0.5060.114, setWindowRect: true, strictFileInteractability: false, timeouts: {implicit: 0, pageLoad: 300000, script: 30000}, unhandledPromptBehavior: dismiss and notify, webauthn:extension:credBlob: true, webauthn:extension:largeBlob: true, webauthn:virtualAuthenticators: true}
Element: [[ChromeDriver: chrome on WINDOWS (92c0098164db1b80b6e745ac542affb3)] -&gt; xpath: //button[@id=&apos;edit-next&apos;]]
Session ID: 92c0098164db1b80b6e745ac542affb3
	at sun.reflect.GeneratedConstructorAccessor98.newInstance(Unknown Source)
	at sun.reflect.DelegatingConstructorAccessorImpl.newInstance(Unknown Source)
	at java.lang.reflect.Constructor.newInstance(Unknown Source)
	at org.openqa.selenium.remote.codec.w3c.W3CHttpResponseCodec.createException(W3CHttpResponseCodec.java:200)
	at org.openqa.selenium.remote.codec.w3c.W3CHttpResponseCodec.decode(W3CHttpResponseCodec.java:133)
	at org.openqa.selenium.remote.codec.w3c.W3CHttpResponseCodec.decode(W3CHttpResponseCodec.java:53)
	at org.openqa.selenium.remote.HttpCommandExecutor.execute(HttpCommandExecutor.java:184)
	at org.openqa.selenium.remote.service.DriverCommandExecutor.invokeExecute(DriverCommandExecutor.java:167)
	at org.openqa.selenium.remote.service.DriverCommandExecutor.execute(DriverCommandExecutor.java:142)
	at org.openqa.selenium.remote.RemoteWebDriver.execute(RemoteWebDriver.java:569)
	at org.openqa.selenium.remote.RemoteWebElement.execute(RemoteWebElement.java:257)
	at org.openqa.selenium.remote.RemoteWebElement.click(RemoteWebElement.java:78)
	at icivics_pages.StudentRegistration3classcode.verifyregistrationwithvaliddata(StudentRegistration3classcode.java:75)
	at icivics_testcases.I24_StudentRegistration3classcode_Test.C458_verifyemailtextddisplay(I24_StudentRegistration3classcode_Test.java:68)
	at sun.reflect.NativeMethodAccessorImpl.invoke0(Native Method)
	at sun.reflect.NativeMethodAccessorImpl.invoke(Unknown Source)
	at sun.reflect.DelegatingMethodAccessorImpl.invoke(Unknown Source)
	at java.lang.reflect.Method.invoke(Unknown Source)
	at org.testng.internal.MethodInvocationHelper.invokeMethod(MethodInvocationHelper.java:133)
	at org.testng.internal.TestInvoker.invokeMethod(TestInvoker.java:598)
	at org.testng.internal.TestInvoker.invokeTestMethod(TestInvoker.java:173)
	at org.testng.internal.MethodRunner.runInSequence(MethodRunner.java:46)
	at org.testng.internal.TestInvoker$MethodInvocationAgent.invoke(TestInvoker.java:824)
	at org.testng.internal.TestInvoker.invokeTestMethods(TestInvoker.java:146)
	at org.testng.internal.TestMethodWorker.invokeTestMethods(TestMethodWorker.java:146)
	at org.testng.internal.TestMethodWorker.run(TestMethodWorker.java:128)
	at java.util.concurrent.ThreadPoolExecutor.runWorker(Unknown Source)
	at java.util.concurrent.ThreadPoolExecutor$Worker.run(Unknown Source)
	at java.lang.Thread.run(Unknown Source)
</pre></div></td>
<td>10</td>
<td>icivics_testcases.I24_StudentRegistration3classcode_Test@ba8d91c</td></tr>
<tr>
<td title='icivics_testcases.I12_EducatorRegistration2_Test.C343_verifyotheradditionalfield()'><b>C343_verifyotheradditionalfield</b><br>Test class: icivics_testcases.I12_EducatorRegistration2_Test<br>Parameters: https://staging.d9.icivics.org/user/register?role=teacher</td>
<td><div><pre>org.openqa.selenium.WebDriverException: unknown error: cannot determine loading status
from unknown error: unexpected command response
  (Session info: chrome=103.0.5060.114)
Build info: version: &apos;4.3.0&apos;, revision: &apos;a4995e2c09*&apos;
System info: host: &apos;AMX-RL-20-348-W&apos;, ip: &apos;10.10.7.69&apos;, os.name: &apos;Windows 10&apos;, os.arch: &apos;amd64&apos;, os.version: &apos;10.0&apos;, java.version: &apos;1.8.0_181&apos;
Driver info: org.openqa.selenium.chrome.ChromeDriver
Command: [185bd1dcd620d1c21473294f01af04fb, clickElement {id=a0885140-29f5-467c-9438-9b7832d46c2d}]
Capabilities {acceptInsecureCerts: false, browserName: chrome, browserVersion: 103.0.5060.114, chrome: {chromedriverVersion: 103.0.5060.53 (a1711811edd7..., userDataDir: C:\Users\VENKAT~1.T\AppData...}, goog:chromeOptions: {debuggerAddress: localhost:64271}, networkConnectionEnabled: false, pageLoadStrategy: normal, platformName: WINDOWS, proxy: Proxy(), se:cdp: ws://localhost:64271/devtoo..., se:cdpVersion: 103.0.5060.114, setWindowRect: true, strictFileInteractability: false, timeouts: {implicit: 0, pageLoad: 300000, script: 30000}, unhandledPromptBehavior: dismiss and notify, webauthn:extension:credBlob: true, webauthn:extension:largeBlob: true, webauthn:virtualAuthenticators: true}
Element: [[ChromeDriver: chrome on WINDOWS (185bd1dcd620d1c21473294f01af04fb)] -&gt; xpath: //button[@id=&apos;edit-next&apos;]]
Session ID: 185bd1dcd620d1c21473294f01af04fb
	at org.openqa.selenium.remote.codec.w3c.W3CHttpResponseCodec.createException(W3CHttpResponseCodec.java:200)
	at org.openqa.selenium.remote.codec.w3c.W3CHttpResponseCodec.decode(W3CHttpResponseCodec.java:133)
	at org.openqa.selenium.remote.codec.w3c.W3CHttpResponseCodec.decode(W3CHttpResponseCodec.java:53)
	at org.openqa.selenium.remote.HttpCommandExecutor.execute(HttpCommandExecutor.java:184)
	at org.openqa.selenium.remote.service.DriverCommandExecutor.invokeExecute(DriverCommandExecutor.java:167)
	at org.openqa.selenium.remote.service.DriverCommandExecutor.execute(DriverCommandExecutor.java:142)
	at org.openqa.selenium.remote.RemoteWebDriver.execute(RemoteWebDriver.java:569)
	at org.openqa.selenium.remote.RemoteWebElement.execute(RemoteWebElement.java:257)
	at org.openqa.selenium.remote.RemoteWebElement.click(RemoteWebElement.java:78)
	at icivics_pages.EducatorRegistration2.verifywithvaliddata(EducatorRegistration2.java:67)
	at icivics_testcases.I12_EducatorRegistration2_Test.C343_verifyotheradditionalfield(I12_EducatorRegistration2_Test.java:88)
	at java.util.concurrent.ThreadPoolExecutor.runWorker(Unknown Source)
	at java.util.concurrent.ThreadPoolExecutor$Worker.run(Unknown Source)
	at java.lang.Thread.run(Unknown Source)
... Removed 16 stack frames</pre></div><a href='#' onClick='toggleBox("stack-trace8162554", this, "Click to show all stack frames", "Click to hide stack frames")'>Click to show all stack frames</a>
<div class='stack-trace' id='stack-trace8162554'><pre>org.openqa.selenium.WebDriverException: unknown error: cannot determine loading status
from unknown error: unexpected command response
  (Session info: chrome=103.0.5060.114)
Build info: version: &apos;4.3.0&apos;, revision: &apos;a4995e2c09*&apos;
System info: host: &apos;AMX-RL-20-348-W&apos;, ip: &apos;10.10.7.69&apos;, os.name: &apos;Windows 10&apos;, os.arch: &apos;amd64&apos;, os.version: &apos;10.0&apos;, java.version: &apos;1.8.0_181&apos;
Driver info: org.openqa.selenium.chrome.ChromeDriver
Command: [185bd1dcd620d1c21473294f01af04fb, clickElement {id=a0885140-29f5-467c-9438-9b7832d46c2d}]
Capabilities {acceptInsecureCerts: false, browserName: chrome, browserVersion: 103.0.5060.114, chrome: {chromedriverVersion: 103.0.5060.53 (a1711811edd7..., userDataDir: C:\Users\VENKAT~1.T\AppData...}, goog:chromeOptions: {debuggerAddress: localhost:64271}, networkConnectionEnabled: false, pageLoadStrategy: normal, platformName: WINDOWS, proxy: Proxy(), se:cdp: ws://localhost:64271/devtoo..., se:cdpVersion: 103.0.5060.114, setWindowRect: true, strictFileInteractability: false, timeouts: {implicit: 0, pageLoad: 300000, script: 30000}, unhandledPromptBehavior: dismiss and notify, webauthn:extension:credBlob: true, webauthn:extension:largeBlob: true, webauthn:virtualAuthenticators: true}
Element: [[ChromeDriver: chrome on WINDOWS (185bd1dcd620d1c21473294f01af04fb)] -&gt; xpath: //button[@id=&apos;edit-next&apos;]]
Session ID: 185bd1dcd620d1c21473294f01af04fb
	at sun.reflect.NativeConstructorAccessorImpl.newInstance0(Native Method)
	at sun.reflect.NativeConstructorAccessorImpl.newInstance(Unknown Source)
	at sun.reflect.DelegatingConstructorAccessorImpl.newInstance(Unknown Source)
	at java.lang.reflect.Constructor.newInstance(Unknown Source)
	at org.openqa.selenium.remote.codec.w3c.W3CHttpResponseCodec.createException(W3CHttpResponseCodec.java:200)
	at org.openqa.selenium.remote.codec.w3c.W3CHttpResponseCodec.decode(W3CHttpResponseCodec.java:133)
	at org.openqa.selenium.remote.codec.w3c.W3CHttpResponseCodec.decode(W3CHttpResponseCodec.java:53)
	at org.openqa.selenium.remote.HttpCommandExecutor.execute(HttpCommandExecutor.java:184)
	at org.openqa.selenium.remote.service.DriverCommandExecutor.invokeExecute(DriverCommandExecutor.java:167)
	at org.openqa.selenium.remote.service.DriverCommandExecutor.execute(DriverCommandExecutor.java:142)
	at org.openqa.selenium.remote.RemoteWebDriver.execute(RemoteWebDriver.java:569)
	at org.openqa.selenium.remote.RemoteWebElement.execute(RemoteWebElement.java:257)
	at org.openqa.selenium.remote.RemoteWebElement.click(RemoteWebElement.java:78)
	at icivics_pages.EducatorRegistration2.verifywithvaliddata(EducatorRegistration2.java:67)
	at icivics_testcases.I12_EducatorRegistration2_Test.C343_verifyotheradditionalfield(I12_EducatorRegistration2_Test.java:88)
	at sun.reflect.NativeMethodAccessorImpl.invoke0(Native Method)
	at sun.reflect.NativeMethodAccessorImpl.invoke(Unknown Source)
	at sun.reflect.DelegatingMethodAccessorImpl.invoke(Unknown Source)
	at java.lang.reflect.Method.invoke(Unknown Source)
	at org.testng.internal.MethodInvocationHelper.invokeMethod(MethodInvocationHelper.java:133)
	at org.testng.internal.TestInvoker.invokeMethod(TestInvoker.java:598)
	at org.testng.internal.TestInvoker.invokeTestMethod(TestInvoker.java:173)
	at org.testng.internal.MethodRunner.runInSequence(MethodRunner.java:46)
	at org.testng.internal.TestInvoker$MethodInvocationAgent.invoke(TestInvoker.java:824)
	at org.testng.internal.TestInvoker.invokeTestMethods(TestInvoker.java:146)
	at org.testng.internal.TestMethodWorker.invokeTestMethods(TestMethodWorker.java:146)
	at org.testng.internal.TestMethodWorker.run(TestMethodWorker.java:128)
	at java.util.concurrent.ThreadPoolExecutor.runWorker(Unknown Source)
	at java.util.concurrent.ThreadPoolExecutor$Worker.run(Unknown Source)
	at java.lang.Thread.run(Unknown Source)
</pre></div></td>
<td>9</td>
<td>icivics_testcases.I12_EducatorRegistration2_Test@221af3c0</td></tr>
<tr>
<td title='icivics_testcases.I12_EducatorRegistration2_Test.C346_verifyerrormsgboxcolor()'><b>C346_verifyerrormsgboxcolor</b><br>Test class: icivics_testcases.I12_EducatorRegistration2_Test<br>Parameters: https://staging.d9.icivics.org/user/register?role=teacher</td>
<td><div><pre>org.openqa.selenium.WebDriverException: unknown error: cannot determine loading status
from unknown error: unexpected command response
  (Session info: chrome=103.0.5060.114)
Build info: version: &apos;4.3.0&apos;, revision: &apos;a4995e2c09*&apos;
System info: host: &apos;AMX-RL-20-348-W&apos;, ip: &apos;10.10.7.69&apos;, os.name: &apos;Windows 10&apos;, os.arch: &apos;amd64&apos;, os.version: &apos;10.0&apos;, java.version: &apos;1.8.0_181&apos;
Driver info: org.openqa.selenium.chrome.ChromeDriver
Command: [b95b22afd1d3e872e1cf1f672f154990, clickElement {id=2470eac4-3220-4df4-8dac-09731bffc7e6}]
Capabilities {acceptInsecureCerts: false, browserName: chrome, browserVersion: 103.0.5060.114, chrome: {chromedriverVersion: 103.0.5060.53 (a1711811edd7..., userDataDir: C:\Users\VENKAT~1.T\AppData...}, goog:chromeOptions: {debuggerAddress: localhost:64974}, networkConnectionEnabled: false, pageLoadStrategy: normal, platformName: WINDOWS, proxy: Proxy(), se:cdp: ws://localhost:64974/devtoo..., se:cdpVersion: 103.0.5060.114, setWindowRect: true, strictFileInteractability: false, timeouts: {implicit: 0, pageLoad: 300000, script: 30000}, unhandledPromptBehavior: dismiss and notify, webauthn:extension:credBlob: true, webauthn:extension:largeBlob: true, webauthn:virtualAuthenticators: true}
Element: [[ChromeDriver: chrome on WINDOWS (b95b22afd1d3e872e1cf1f672f154990)] -&gt; xpath: //button[@id=&apos;edit-next&apos;]]
Session ID: b95b22afd1d3e872e1cf1f672f154990
	at org.openqa.selenium.remote.codec.w3c.W3CHttpResponseCodec.createException(W3CHttpResponseCodec.java:200)
	at org.openqa.selenium.remote.codec.w3c.W3CHttpResponseCodec.decode(W3CHttpResponseCodec.java:133)
	at org.openqa.selenium.remote.codec.w3c.W3CHttpResponseCodec.decode(W3CHttpResponseCodec.java:53)
	at org.openqa.selenium.remote.HttpCommandExecutor.execute(HttpCommandExecutor.java:184)
	at org.openqa.selenium.remote.service.DriverCommandExecutor.invokeExecute(DriverCommandExecutor.java:167)
	at org.openqa.selenium.remote.service.DriverCommandExecutor.execute(DriverCommandExecutor.java:142)
	at org.openqa.selenium.remote.RemoteWebDriver.execute(RemoteWebDriver.java:569)
	at org.openqa.selenium.remote.RemoteWebElement.execute(RemoteWebElement.java:257)
	at org.openqa.selenium.remote.RemoteWebElement.click(RemoteWebElement.java:78)
	at selenium.base.SeleniumBase.click(SeleniumBase.java:58)
	at icivics_pages.EducatorRegistration2.verifyerrormsgboxcolor(EducatorRegistration2.java:365)
	at icivics_testcases.I12_EducatorRegistration2_Test.C346_verifyerrormsgboxcolor(I12_EducatorRegistration2_Test.java:125)
	at java.util.concurrent.ThreadPoolExecutor.runWorker(Unknown Source)
	at java.util.concurrent.ThreadPoolExecutor$Worker.run(Unknown Source)
	at java.lang.Thread.run(Unknown Source)
... Removed 16 stack frames</pre></div><a href='#' onClick='toggleBox("stack-trace1952643012", this, "Click to show all stack frames", "Click to hide stack frames")'>Click to show all stack frames</a>
<div class='stack-trace' id='stack-trace1952643012'><pre>org.openqa.selenium.WebDriverException: unknown error: cannot determine loading status
from unknown error: unexpected command response
  (Session info: chrome=103.0.5060.114)
Build info: version: &apos;4.3.0&apos;, revision: &apos;a4995e2c09*&apos;
System info: host: &apos;AMX-RL-20-348-W&apos;, ip: &apos;10.10.7.69&apos;, os.name: &apos;Windows 10&apos;, os.arch: &apos;amd64&apos;, os.version: &apos;10.0&apos;, java.version: &apos;1.8.0_181&apos;
Driver info: org.openqa.selenium.chrome.ChromeDriver
Command: [b95b22afd1d3e872e1cf1f672f154990, clickElement {id=2470eac4-3220-4df4-8dac-09731bffc7e6}]
Capabilities {acceptInsecureCerts: false, browserName: chrome, browserVersion: 103.0.5060.114, chrome: {chromedriverVersion: 103.0.5060.53 (a1711811edd7..., userDataDir: C:\Users\VENKAT~1.T\AppData...}, goog:chromeOptions: {debuggerAddress: localhost:64974}, networkConnectionEnabled: false, pageLoadStrategy: normal, platformName: WINDOWS, proxy: Proxy(), se:cdp: ws://localhost:64974/devtoo..., se:cdpVersion: 103.0.5060.114, setWindowRect: true, strictFileInteractability: false, timeouts: {implicit: 0, pageLoad: 300000, script: 30000}, unhandledPromptBehavior: dismiss and notify, webauthn:extension:credBlob: true, webauthn:extension:largeBlob: true, webauthn:virtualAuthenticators: true}
Element: [[ChromeDriver: chrome on WINDOWS (b95b22afd1d3e872e1cf1f672f154990)] -&gt; xpath: //button[@id=&apos;edit-next&apos;]]
Session ID: b95b22afd1d3e872e1cf1f672f154990
	at sun.reflect.NativeConstructorAccessorImpl.newInstance0(Native Method)
	at sun.reflect.NativeConstructorAccessorImpl.newInstance(Unknown Source)
	at sun.reflect.DelegatingConstructorAccessorImpl.newInstance(Unknown Source)
	at java.lang.reflect.Constructor.newInstance(Unknown Source)
	at org.openqa.selenium.remote.codec.w3c.W3CHttpResponseCodec.createException(W3CHttpResponseCodec.java:200)
	at org.openqa.selenium.remote.codec.w3c.W3CHttpResponseCodec.decode(W3CHttpResponseCodec.java:133)
	at org.openqa.selenium.remote.codec.w3c.W3CHttpResponseCodec.decode(W3CHttpResponseCodec.java:53)
	at org.openqa.selenium.remote.HttpCommandExecutor.execute(HttpCommandExecutor.java:184)
	at org.openqa.selenium.remote.service.DriverCommandExecutor.invokeExecute(DriverCommandExecutor.java:167)
	at org.openqa.selenium.remote.service.DriverCommandExecutor.execute(DriverCommandExecutor.java:142)
	at org.openqa.selenium.remote.RemoteWebDriver.execute(RemoteWebDriver.java:569)
	at org.openqa.selenium.remote.RemoteWebElement.execute(RemoteWebElement.java:257)
	at org.openqa.selenium.remote.RemoteWebElement.click(RemoteWebElement.java:78)
	at selenium.base.SeleniumBase.click(SeleniumBase.java:58)
	at icivics_pages.EducatorRegistration2.verifyerrormsgboxcolor(EducatorRegistration2.java:365)
	at icivics_testcases.I12_EducatorRegistration2_Test.C346_verifyerrormsgboxcolor(I12_EducatorRegistration2_Test.java:125)
	at sun.reflect.NativeMethodAccessorImpl.invoke0(Native Method)
	at sun.reflect.NativeMethodAccessorImpl.invoke(Unknown Source)
	at sun.reflect.DelegatingMethodAccessorImpl.invoke(Unknown Source)
	at java.lang.reflect.Method.invoke(Unknown Source)
	at org.testng.internal.MethodInvocationHelper.invokeMethod(MethodInvocationHelper.java:133)
	at org.testng.internal.TestInvoker.invokeMethod(TestInvoker.java:598)
	at org.testng.internal.TestInvoker.invokeTestMethod(TestInvoker.java:173)
	at org.testng.internal.MethodRunner.runInSequence(MethodRunner.java:46)
	at org.testng.internal.TestInvoker$MethodInvocationAgent.invoke(TestInvoker.java:824)
	at org.testng.internal.TestInvoker.invokeTestMethods(TestInvoker.java:146)
	at org.testng.internal.TestMethodWorker.invokeTestMethods(TestMethodWorker.java:146)
	at org.testng.internal.TestMethodWorker.run(TestMethodWorker.java:128)
	at java.util.concurrent.ThreadPoolExecutor.runWorker(Unknown Source)
	at java.util.concurrent.ThreadPoolExecutor$Worker.run(Unknown Source)
	at java.lang.Thread.run(Unknown Source)
</pre></div></td>
<td>18</td>
<td>icivics_testcases.I12_EducatorRegistration2_Test@221af3c0</td></tr>
<tr>
<td title='icivics_testcases.I20_StudentRegistration1classcode_Test.C430_verifyregistrationwithvaliddata()'><b>C430_verifyregistrationwithvaliddata</b><br>Test class: icivics_testcases.I20_StudentRegistration1classcode_Test<br>Parameters: https://staging.d9.icivics.org/user/register?role=student</td>
<td><div><pre>org.openqa.selenium.WebDriverException: unknown error: cannot determine loading status
from unknown error: unexpected command response
  (Session info: chrome=103.0.5060.114)
Build info: version: &apos;4.3.0&apos;, revision: &apos;a4995e2c09*&apos;
System info: host: &apos;AMX-RL-20-348-W&apos;, ip: &apos;10.10.7.69&apos;, os.name: &apos;Windows 10&apos;, os.arch: &apos;amd64&apos;, os.version: &apos;10.0&apos;, java.version: &apos;1.8.0_181&apos;
Driver info: org.openqa.selenium.chrome.ChromeDriver
Command: [415d1568b5696c81fab9e4d1c09020ec, clickElement {id=832e923c-8869-4bc3-a348-455286d12414}]
Capabilities {acceptInsecureCerts: false, browserName: chrome, browserVersion: 103.0.5060.114, chrome: {chromedriverVersion: 103.0.5060.53 (a1711811edd7..., userDataDir: C:\Users\VENKAT~1.T\AppData...}, goog:chromeOptions: {debuggerAddress: localhost:51796}, networkConnectionEnabled: false, pageLoadStrategy: normal, platformName: WINDOWS, proxy: Proxy(), se:cdp: ws://localhost:51796/devtoo..., se:cdpVersion: 103.0.5060.114, setWindowRect: true, strictFileInteractability: false, timeouts: {implicit: 0, pageLoad: 300000, script: 30000}, unhandledPromptBehavior: dismiss and notify, webauthn:extension:credBlob: true, webauthn:extension:largeBlob: true, webauthn:virtualAuthenticators: true}
Element: [[ChromeDriver: chrome on WINDOWS (415d1568b5696c81fab9e4d1c09020ec)] -&gt; xpath: //span[@class=&apos;switch-register-type-link&apos;]/a]
Session ID: 415d1568b5696c81fab9e4d1c09020ec
	at org.openqa.selenium.remote.codec.w3c.W3CHttpResponseCodec.createException(W3CHttpResponseCodec.java:200)
	at org.openqa.selenium.remote.codec.w3c.W3CHttpResponseCodec.decode(W3CHttpResponseCodec.java:133)
	at org.openqa.selenium.remote.codec.w3c.W3CHttpResponseCodec.decode(W3CHttpResponseCodec.java:53)
	at org.openqa.selenium.remote.HttpCommandExecutor.execute(HttpCommandExecutor.java:184)
	at org.openqa.selenium.remote.service.DriverCommandExecutor.invokeExecute(DriverCommandExecutor.java:167)
	at org.openqa.selenium.remote.service.DriverCommandExecutor.execute(DriverCommandExecutor.java:142)
	at org.openqa.selenium.remote.RemoteWebDriver.execute(RemoteWebDriver.java:569)
	at org.openqa.selenium.remote.RemoteWebElement.execute(RemoteWebElement.java:257)
	at org.openqa.selenium.remote.RemoteWebElement.click(RemoteWebElement.java:78)
	at icivics_pages.StudentRegistration1classcode.clickOptionallink(StudentRegistration1classcode.java:51)
	at icivics_testcases.I20_StudentRegistration1classcode_Test.C430_verifyregistrationwithvaliddata(I20_StudentRegistration1classcode_Test.java:77)
	at java.util.concurrent.ThreadPoolExecutor.runWorker(Unknown Source)
	at java.util.concurrent.ThreadPoolExecutor$Worker.run(Unknown Source)
	at java.lang.Thread.run(Unknown Source)
... Removed 15 stack frames</pre></div><a href='#' onClick='toggleBox("stack-trace1320383380", this, "Click to show all stack frames", "Click to hide stack frames")'>Click to show all stack frames</a>
<div class='stack-trace' id='stack-trace1320383380'><pre>org.openqa.selenium.WebDriverException: unknown error: cannot determine loading status
from unknown error: unexpected command response
  (Session info: chrome=103.0.5060.114)
Build info: version: &apos;4.3.0&apos;, revision: &apos;a4995e2c09*&apos;
System info: host: &apos;AMX-RL-20-348-W&apos;, ip: &apos;10.10.7.69&apos;, os.name: &apos;Windows 10&apos;, os.arch: &apos;amd64&apos;, os.version: &apos;10.0&apos;, java.version: &apos;1.8.0_181&apos;
Driver info: org.openqa.selenium.chrome.ChromeDriver
Command: [415d1568b5696c81fab9e4d1c09020ec, clickElement {id=832e923c-8869-4bc3-a348-455286d12414}]
Capabilities {acceptInsecureCerts: false, browserName: chrome, browserVersion: 103.0.5060.114, chrome: {chromedriverVersion: 103.0.5060.53 (a1711811edd7..., userDataDir: C:\Users\VENKAT~1.T\AppData...}, goog:chromeOptions: {debuggerAddress: localhost:51796}, networkConnectionEnabled: false, pageLoadStrategy: normal, platformName: WINDOWS, proxy: Proxy(), se:cdp: ws://localhost:51796/devtoo..., se:cdpVersion: 103.0.5060.114, setWindowRect: true, strictFileInteractability: false, timeouts: {implicit: 0, pageLoad: 300000, script: 30000}, unhandledPromptBehavior: dismiss and notify, webauthn:extension:credBlob: true, webauthn:extension:largeBlob: true, webauthn:virtualAuthenticators: true}
Element: [[ChromeDriver: chrome on WINDOWS (415d1568b5696c81fab9e4d1c09020ec)] -&gt; xpath: //span[@class=&apos;switch-register-type-link&apos;]/a]
Session ID: 415d1568b5696c81fab9e4d1c09020ec
	at sun.reflect.GeneratedConstructorAccessor98.newInstance(Unknown Source)
	at sun.reflect.DelegatingConstructorAccessorImpl.newInstance(Unknown Source)
	at java.lang.reflect.Constructor.newInstance(Unknown Source)
	at org.openqa.selenium.remote.codec.w3c.W3CHttpResponseCodec.createException(W3CHttpResponseCodec.java:200)
	at org.openqa.selenium.remote.codec.w3c.W3CHttpResponseCodec.decode(W3CHttpResponseCodec.java:133)
	at org.openqa.selenium.remote.codec.w3c.W3CHttpResponseCodec.decode(W3CHttpResponseCodec.java:53)
	at org.openqa.selenium.remote.HttpCommandExecutor.execute(HttpCommandExecutor.java:184)
	at org.openqa.selenium.remote.service.DriverCommandExecutor.invokeExecute(DriverCommandExecutor.java:167)
	at org.openqa.selenium.remote.service.DriverCommandExecutor.execute(DriverCommandExecutor.java:142)
	at org.openqa.selenium.remote.RemoteWebDriver.execute(RemoteWebDriver.java:569)
	at org.openqa.selenium.remote.RemoteWebElement.execute(RemoteWebElement.java:257)
	at org.openqa.selenium.remote.RemoteWebElement.click(RemoteWebElement.java:78)
	at icivics_pages.StudentRegistration1classcode.clickOptionallink(StudentRegistration1classcode.java:51)
	at icivics_testcases.I20_StudentRegistration1classcode_Test.C430_verifyregistrationwithvaliddata(I20_StudentRegistration1classcode_Test.java:77)
	at sun.reflect.NativeMethodAccessorImpl.invoke0(Native Method)
	at sun.reflect.NativeMethodAccessorImpl.invoke(Unknown Source)
	at sun.reflect.DelegatingMethodAccessorImpl.invoke(Unknown Source)
	at java.lang.reflect.Method.invoke(Unknown Source)
	at org.testng.internal.MethodInvocationHelper.invokeMethod(MethodInvocationHelper.java:133)
	at org.testng.internal.TestInvoker.invokeMethod(TestInvoker.java:598)
	at org.testng.internal.TestInvoker.invokeTestMethod(TestInvoker.java:173)
	at org.testng.internal.MethodRunner.runInSequence(MethodRunner.java:46)
	at org.testng.internal.TestInvoker$MethodInvocationAgent.invoke(TestInvoker.java:824)
	at org.testng.internal.TestInvoker.invokeTestMethods(TestInvoker.java:146)
	at org.testng.internal.TestMethodWorker.invokeTestMethods(TestMethodWorker.java:146)
	at org.testng.internal.TestMethodWorker.run(TestMethodWorker.java:128)
	at java.util.concurrent.ThreadPoolExecutor.runWorker(Unknown Source)
	at java.util.concurrent.ThreadPoolExecutor$Worker.run(Unknown Source)
	at java.lang.Thread.run(Unknown Source)
</pre></div></td>
<td>4</td>
<td>icivics_testcases.I20_StudentRegistration1classcode_Test@551bdc27</td></tr>
<tr>
<td title='icivics_testcases.I23_StudentRegistration2Email_Test.C409_VerifyPasswordstrengthmeter()'><b>C409_VerifyPasswordstrengthmeter</b><br>Test class: icivics_testcases.I23_StudentRegistration2Email_Test<br>Parameters: https://staging.d9.icivics.org/user/register?role=student&email=1</td>
<td><div><pre>org.openqa.selenium.WebDriverException: unknown error: cannot determine loading status
from unknown error: unexpected command response
  (Session info: chrome=103.0.5060.114)
Build info: version: &apos;4.3.0&apos;, revision: &apos;a4995e2c09*&apos;
System info: host: &apos;AMX-RL-20-348-W&apos;, ip: &apos;10.10.7.69&apos;, os.name: &apos;Windows 10&apos;, os.arch: &apos;amd64&apos;, os.version: &apos;10.0&apos;, java.version: &apos;1.8.0_181&apos;
Driver info: org.openqa.selenium.chrome.ChromeDriver
Command: [ff833174909108d419bd2d72c947f5cb, clickElement {id=a6a9dac2-6743-4933-84b9-b13df321c0de}]
Capabilities {acceptInsecureCerts: false, browserName: chrome, browserVersion: 103.0.5060.114, chrome: {chromedriverVersion: 103.0.5060.53 (a1711811edd7..., userDataDir: C:\Users\VENKAT~1.T\AppData...}, goog:chromeOptions: {debuggerAddress: localhost:51493}, networkConnectionEnabled: false, pageLoadStrategy: normal, platformName: WINDOWS, proxy: Proxy(), se:cdp: ws://localhost:51493/devtoo..., se:cdpVersion: 103.0.5060.114, setWindowRect: true, strictFileInteractability: false, timeouts: {implicit: 0, pageLoad: 300000, script: 30000}, unhandledPromptBehavior: dismiss and notify, webauthn:extension:credBlob: true, webauthn:extension:largeBlob: true, webauthn:virtualAuthenticators: true}
Element: [[ChromeDriver: chrome on WINDOWS (ff833174909108d419bd2d72c947f5cb)] -&gt; xpath: //button[@id=&apos;edit-next&apos;]]
Session ID: ff833174909108d419bd2d72c947f5cb
	at org.openqa.selenium.remote.codec.w3c.W3CHttpResponseCodec.createException(W3CHttpResponseCodec.java:200)
	at org.openqa.selenium.remote.codec.w3c.W3CHttpResponseCodec.decode(W3CHttpResponseCodec.java:133)
	at org.openqa.selenium.remote.codec.w3c.W3CHttpResponseCodec.decode(W3CHttpResponseCodec.java:53)
	at org.openqa.selenium.remote.HttpCommandExecutor.execute(HttpCommandExecutor.java:184)
	at org.openqa.selenium.remote.service.DriverCommandExecutor.invokeExecute(DriverCommandExecutor.java:167)
	at org.openqa.selenium.remote.service.DriverCommandExecutor.execute(DriverCommandExecutor.java:142)
	at org.openqa.selenium.remote.RemoteWebDriver.execute(RemoteWebDriver.java:569)
	at org.openqa.selenium.remote.RemoteWebElement.execute(RemoteWebElement.java:257)
	at org.openqa.selenium.remote.RemoteWebElement.click(RemoteWebElement.java:78)
	at icivics_pages.StudentRegistration2Email.verifywithvaliddata(StudentRegistration2Email.java:86)
	at icivics_testcases.I23_StudentRegistration2Email_Test.C409_VerifyPasswordstrengthmeter(I23_StudentRegistration2Email_Test.java:99)
	at java.util.concurrent.ThreadPoolExecutor.runWorker(Unknown Source)
	at java.util.concurrent.ThreadPoolExecutor$Worker.run(Unknown Source)
	at java.lang.Thread.run(Unknown Source)
... Removed 15 stack frames</pre></div><a href='#' onClick='toggleBox("stack-trace1314112955", this, "Click to show all stack frames", "Click to hide stack frames")'>Click to show all stack frames</a>
<div class='stack-trace' id='stack-trace1314112955'><pre>org.openqa.selenium.WebDriverException: unknown error: cannot determine loading status
from unknown error: unexpected command response
  (Session info: chrome=103.0.5060.114)
Build info: version: &apos;4.3.0&apos;, revision: &apos;a4995e2c09*&apos;
System info: host: &apos;AMX-RL-20-348-W&apos;, ip: &apos;10.10.7.69&apos;, os.name: &apos;Windows 10&apos;, os.arch: &apos;amd64&apos;, os.version: &apos;10.0&apos;, java.version: &apos;1.8.0_181&apos;
Driver info: org.openqa.selenium.chrome.ChromeDriver
Command: [ff833174909108d419bd2d72c947f5cb, clickElement {id=a6a9dac2-6743-4933-84b9-b13df321c0de}]
Capabilities {acceptInsecureCerts: false, browserName: chrome, browserVersion: 103.0.5060.114, chrome: {chromedriverVersion: 103.0.5060.53 (a1711811edd7..., userDataDir: C:\Users\VENKAT~1.T\AppData...}, goog:chromeOptions: {debuggerAddress: localhost:51493}, networkConnectionEnabled: false, pageLoadStrategy: normal, platformName: WINDOWS, proxy: Proxy(), se:cdp: ws://localhost:51493/devtoo..., se:cdpVersion: 103.0.5060.114, setWindowRect: true, strictFileInteractability: false, timeouts: {implicit: 0, pageLoad: 300000, script: 30000}, unhandledPromptBehavior: dismiss and notify, webauthn:extension:credBlob: true, webauthn:extension:largeBlob: true, webauthn:virtualAuthenticators: true}
Element: [[ChromeDriver: chrome on WINDOWS (ff833174909108d419bd2d72c947f5cb)] -&gt; xpath: //button[@id=&apos;edit-next&apos;]]
Session ID: ff833174909108d419bd2d72c947f5cb
	at sun.reflect.GeneratedConstructorAccessor98.newInstance(Unknown Source)
	at sun.reflect.DelegatingConstructorAccessorImpl.newInstance(Unknown Source)
	at java.lang.reflect.Constructor.newInstance(Unknown Source)
	at org.openqa.selenium.remote.codec.w3c.W3CHttpResponseCodec.createException(W3CHttpResponseCodec.java:200)
	at org.openqa.selenium.remote.codec.w3c.W3CHttpResponseCodec.decode(W3CHttpResponseCodec.java:133)
	at org.openqa.selenium.remote.codec.w3c.W3CHttpResponseCodec.decode(W3CHttpResponseCodec.java:53)
	at org.openqa.selenium.remote.HttpCommandExecutor.execute(HttpCommandExecutor.java:184)
	at org.openqa.selenium.remote.service.DriverCommandExecutor.invokeExecute(DriverCommandExecutor.java:167)
	at org.openqa.selenium.remote.service.DriverCommandExecutor.execute(DriverCommandExecutor.java:142)
	at org.openqa.selenium.remote.RemoteWebDriver.execute(RemoteWebDriver.java:569)
	at org.openqa.selenium.remote.RemoteWebElement.execute(RemoteWebElement.java:257)
	at org.openqa.selenium.remote.RemoteWebElement.click(RemoteWebElement.java:78)
	at icivics_pages.StudentRegistration2Email.verifywithvaliddata(StudentRegistration2Email.java:86)
	at icivics_testcases.I23_StudentRegistration2Email_Test.C409_VerifyPasswordstrengthmeter(I23_StudentRegistration2Email_Test.java:99)
	at sun.reflect.NativeMethodAccessorImpl.invoke0(Native Method)
	at sun.reflect.NativeMethodAccessorImpl.invoke(Unknown Source)
	at sun.reflect.DelegatingMethodAccessorImpl.invoke(Unknown Source)
	at java.lang.reflect.Method.invoke(Unknown Source)
	at org.testng.internal.MethodInvocationHelper.invokeMethod(MethodInvocationHelper.java:133)
	at org.testng.internal.TestInvoker.invokeMethod(TestInvoker.java:598)
	at org.testng.internal.TestInvoker.invokeTestMethod(TestInvoker.java:173)
	at org.testng.internal.MethodRunner.runInSequence(MethodRunner.java:46)
	at org.testng.internal.TestInvoker$MethodInvocationAgent.invoke(TestInvoker.java:824)
	at org.testng.internal.TestInvoker.invokeTestMethods(TestInvoker.java:146)
	at org.testng.internal.TestMethodWorker.invokeTestMethods(TestMethodWorker.java:146)
	at org.testng.internal.TestMethodWorker.run(TestMethodWorker.java:128)
	at java.util.concurrent.ThreadPoolExecutor.runWorker(Unknown Source)
	at java.util.concurrent.ThreadPoolExecutor$Worker.run(Unknown Source)
	at java.lang.Thread.run(Unknown Source)
</pre></div></td>
<td>4</td>
<td>icivics_testcases.I23_StudentRegistration2Email_Test@7bc1a03d</td></tr>
<tr>
<td title='icivics_testcases.I13_EducatorRegistration3_Test.C351_verifyallpage3fields()'><b>C351_verifyallpage3fields</b><br>Test class: icivics_testcases.I13_EducatorRegistration3_Test<br>Parameters: https://staging.d9.icivics.org/user/register?role=teacher</td>
<td><div><pre>org.openqa.selenium.WebDriverException: unknown error: cannot determine loading status
from unknown error: unexpected command response
  (Session info: chrome=103.0.5060.114)
Build info: version: &apos;4.3.0&apos;, revision: &apos;a4995e2c09*&apos;
System info: host: &apos;AMX-RL-20-348-W&apos;, ip: &apos;10.10.7.69&apos;, os.name: &apos;Windows 10&apos;, os.arch: &apos;amd64&apos;, os.version: &apos;10.0&apos;, java.version: &apos;1.8.0_181&apos;
Driver info: org.openqa.selenium.chrome.ChromeDriver
Command: [61a34eb160fe2150f4808c35638eb2d4, clickElement {id=4339642f-d82a-4d38-a8c3-6e00a4e3311a}]
Capabilities {acceptInsecureCerts: false, browserName: chrome, browserVersion: 103.0.5060.114, chrome: {chromedriverVersion: 103.0.5060.53 (a1711811edd7..., userDataDir: C:\Users\VENKAT~1.T\AppData...}, goog:chromeOptions: {debuggerAddress: localhost:64711}, networkConnectionEnabled: false, pageLoadStrategy: normal, platformName: WINDOWS, proxy: Proxy(), se:cdp: ws://localhost:64711/devtoo..., se:cdpVersion: 103.0.5060.114, setWindowRect: true, strictFileInteractability: false, timeouts: {implicit: 0, pageLoad: 300000, script: 30000}, unhandledPromptBehavior: dismiss and notify, webauthn:extension:credBlob: true, webauthn:extension:largeBlob: true, webauthn:virtualAuthenticators: true}
Element: [[ChromeDriver: chrome on WINDOWS (61a34eb160fe2150f4808c35638eb2d4)] -&gt; xpath: //button[@id=&apos;edit-next&apos;]]
Session ID: 61a34eb160fe2150f4808c35638eb2d4
	at org.openqa.selenium.remote.codec.w3c.W3CHttpResponseCodec.createException(W3CHttpResponseCodec.java:200)
	at org.openqa.selenium.remote.codec.w3c.W3CHttpResponseCodec.decode(W3CHttpResponseCodec.java:133)
	at org.openqa.selenium.remote.codec.w3c.W3CHttpResponseCodec.decode(W3CHttpResponseCodec.java:53)
	at org.openqa.selenium.remote.HttpCommandExecutor.execute(HttpCommandExecutor.java:184)
	at org.openqa.selenium.remote.service.DriverCommandExecutor.invokeExecute(DriverCommandExecutor.java:167)
	at org.openqa.selenium.remote.service.DriverCommandExecutor.execute(DriverCommandExecutor.java:142)
	at org.openqa.selenium.remote.RemoteWebDriver.execute(RemoteWebDriver.java:569)
	at org.openqa.selenium.remote.RemoteWebElement.execute(RemoteWebElement.java:257)
	at org.openqa.selenium.remote.RemoteWebElement.click(RemoteWebElement.java:78)
	at icivics_pages.EducatorRegistration3.verifywithvaliddata(EducatorRegistration3.java:71)
	at icivics_testcases.I13_EducatorRegistration3_Test.C351_verifyallpage3fields(I13_EducatorRegistration3_Test.java:51)
	at java.util.concurrent.ThreadPoolExecutor.runWorker(Unknown Source)
	at java.util.concurrent.ThreadPoolExecutor$Worker.run(Unknown Source)
	at java.lang.Thread.run(Unknown Source)
... Removed 16 stack frames</pre></div><a href='#' onClick='toggleBox("stack-trace1829659301", this, "Click to show all stack frames", "Click to hide stack frames")'>Click to show all stack frames</a>
<div class='stack-trace' id='stack-trace1829659301'><pre>org.openqa.selenium.WebDriverException: unknown error: cannot determine loading status
from unknown error: unexpected command response
  (Session info: chrome=103.0.5060.114)
Build info: version: &apos;4.3.0&apos;, revision: &apos;a4995e2c09*&apos;
System info: host: &apos;AMX-RL-20-348-W&apos;, ip: &apos;10.10.7.69&apos;, os.name: &apos;Windows 10&apos;, os.arch: &apos;amd64&apos;, os.version: &apos;10.0&apos;, java.version: &apos;1.8.0_181&apos;
Driver info: org.openqa.selenium.chrome.ChromeDriver
Command: [61a34eb160fe2150f4808c35638eb2d4, clickElement {id=4339642f-d82a-4d38-a8c3-6e00a4e3311a}]
Capabilities {acceptInsecureCerts: false, browserName: chrome, browserVersion: 103.0.5060.114, chrome: {chromedriverVersion: 103.0.5060.53 (a1711811edd7..., userDataDir: C:\Users\VENKAT~1.T\AppData...}, goog:chromeOptions: {debuggerAddress: localhost:64711}, networkConnectionEnabled: false, pageLoadStrategy: normal, platformName: WINDOWS, proxy: Proxy(), se:cdp: ws://localhost:64711/devtoo..., se:cdpVersion: 103.0.5060.114, setWindowRect: true, strictFileInteractability: false, timeouts: {implicit: 0, pageLoad: 300000, script: 30000}, unhandledPromptBehavior: dismiss and notify, webauthn:extension:credBlob: true, webauthn:extension:largeBlob: true, webauthn:virtualAuthenticators: true}
Element: [[ChromeDriver: chrome on WINDOWS (61a34eb160fe2150f4808c35638eb2d4)] -&gt; xpath: //button[@id=&apos;edit-next&apos;]]
Session ID: 61a34eb160fe2150f4808c35638eb2d4
	at sun.reflect.NativeConstructorAccessorImpl.newInstance0(Native Method)
	at sun.reflect.NativeConstructorAccessorImpl.newInstance(Unknown Source)
	at sun.reflect.DelegatingConstructorAccessorImpl.newInstance(Unknown Source)
	at java.lang.reflect.Constructor.newInstance(Unknown Source)
	at org.openqa.selenium.remote.codec.w3c.W3CHttpResponseCodec.createException(W3CHttpResponseCodec.java:200)
	at org.openqa.selenium.remote.codec.w3c.W3CHttpResponseCodec.decode(W3CHttpResponseCodec.java:133)
	at org.openqa.selenium.remote.codec.w3c.W3CHttpResponseCodec.decode(W3CHttpResponseCodec.java:53)
	at org.openqa.selenium.remote.HttpCommandExecutor.execute(HttpCommandExecutor.java:184)
	at org.openqa.selenium.remote.service.DriverCommandExecutor.invokeExecute(DriverCommandExecutor.java:167)
	at org.openqa.selenium.remote.service.DriverCommandExecutor.execute(DriverCommandExecutor.java:142)
	at org.openqa.selenium.remote.RemoteWebDriver.execute(RemoteWebDriver.java:569)
	at org.openqa.selenium.remote.RemoteWebElement.execute(RemoteWebElement.java:257)
	at org.openqa.selenium.remote.RemoteWebElement.click(RemoteWebElement.java:78)
	at icivics_pages.EducatorRegistration3.verifywithvaliddata(EducatorRegistration3.java:71)
	at icivics_testcases.I13_EducatorRegistration3_Test.C351_verifyallpage3fields(I13_EducatorRegistration3_Test.java:51)
	at sun.reflect.NativeMethodAccessorImpl.invoke0(Native Method)
	at sun.reflect.NativeMethodAccessorImpl.invoke(Unknown Source)
	at sun.reflect.DelegatingMethodAccessorImpl.invoke(Unknown Source)
	at java.lang.reflect.Method.invoke(Unknown Source)
	at org.testng.internal.MethodInvocationHelper.invokeMethod(MethodInvocationHelper.java:133)
	at org.testng.internal.TestInvoker.invokeMethod(TestInvoker.java:598)
	at org.testng.internal.TestInvoker.invokeTestMethod(TestInvoker.java:173)
	at org.testng.internal.MethodRunner.runInSequence(MethodRunner.java:46)
	at org.testng.internal.TestInvoker$MethodInvocationAgent.invoke(TestInvoker.java:824)
	at org.testng.internal.TestInvoker.invokeTestMethods(TestInvoker.java:146)
	at org.testng.internal.TestMethodWorker.invokeTestMethods(TestMethodWorker.java:146)
	at org.testng.internal.TestMethodWorker.run(TestMethodWorker.java:128)
	at java.util.concurrent.ThreadPoolExecutor.runWorker(Unknown Source)
	at java.util.concurrent.ThreadPoolExecutor$Worker.run(Unknown Source)
	at java.lang.Thread.run(Unknown Source)
</pre></div></td>
<td>6</td>
<td>icivics_testcases.I13_EducatorRegistration3_Test@62bd765</td></tr>
<tr>
<td title='icivics_testcases.I14_EducatorRegistration4_Test.C359_verifypreviouspage()'><b>C359_verifypreviouspage</b><br>Test class: icivics_testcases.I14_EducatorRegistration4_Test<br>Parameters: https://staging.d9.icivics.org/user/register?role=teacher</td>
<td><div><pre>org.openqa.selenium.WebDriverException: unknown error: cannot determine loading status
from unknown error: unexpected command response
  (Session info: chrome=103.0.5060.114)
Build info: version: &apos;4.3.0&apos;, revision: &apos;a4995e2c09*&apos;
System info: host: &apos;AMX-RL-20-348-W&apos;, ip: &apos;10.10.7.69&apos;, os.name: &apos;Windows 10&apos;, os.arch: &apos;amd64&apos;, os.version: &apos;10.0&apos;, java.version: &apos;1.8.0_181&apos;
Driver info: org.openqa.selenium.chrome.ChromeDriver
Command: [ccc28092eafe14741a749622af158417, clickElement {id=d26adb41-b3b7-4e71-89f3-f90adca2d879}]
Capabilities {acceptInsecureCerts: false, browserName: chrome, browserVersion: 103.0.5060.114, chrome: {chromedriverVersion: 103.0.5060.53 (a1711811edd7..., userDataDir: C:\Users\VENKAT~1.T\AppData...}, goog:chromeOptions: {debuggerAddress: localhost:64726}, networkConnectionEnabled: false, pageLoadStrategy: normal, platformName: WINDOWS, proxy: Proxy(), se:cdp: ws://localhost:64726/devtoo..., se:cdpVersion: 103.0.5060.114, setWindowRect: true, strictFileInteractability: false, timeouts: {implicit: 0, pageLoad: 300000, script: 30000}, unhandledPromptBehavior: dismiss and notify, webauthn:extension:credBlob: true, webauthn:extension:largeBlob: true, webauthn:virtualAuthenticators: true}
Element: [[ChromeDriver: chrome on WINDOWS (ccc28092eafe14741a749622af158417)] -&gt; xpath: //button[@id=&apos;edit-next&apos;]]
Session ID: ccc28092eafe14741a749622af158417
	at org.openqa.selenium.remote.codec.w3c.W3CHttpResponseCodec.createException(W3CHttpResponseCodec.java:200)
	at org.openqa.selenium.remote.codec.w3c.W3CHttpResponseCodec.decode(W3CHttpResponseCodec.java:133)
	at org.openqa.selenium.remote.codec.w3c.W3CHttpResponseCodec.decode(W3CHttpResponseCodec.java:53)
	at org.openqa.selenium.remote.HttpCommandExecutor.execute(HttpCommandExecutor.java:184)
	at org.openqa.selenium.remote.service.DriverCommandExecutor.invokeExecute(DriverCommandExecutor.java:167)
	at org.openqa.selenium.remote.service.DriverCommandExecutor.execute(DriverCommandExecutor.java:142)
	at org.openqa.selenium.remote.RemoteWebDriver.execute(RemoteWebDriver.java:569)
	at org.openqa.selenium.remote.RemoteWebElement.execute(RemoteWebElement.java:257)
	at org.openqa.selenium.remote.RemoteWebElement.click(RemoteWebElement.java:78)
	at selenium.base.SeleniumBase.click(SeleniumBase.java:58)
	at icivics_pages.EducatorRegistration4.verifywithvaliddata(EducatorRegistration4.java:113)
	at icivics_testcases.I14_EducatorRegistration4_Test.C359_verifypreviouspage(I14_EducatorRegistration4_Test.java:34)
	at java.util.concurrent.ThreadPoolExecutor.runWorker(Unknown Source)
	at java.util.concurrent.ThreadPoolExecutor$Worker.run(Unknown Source)
	at java.lang.Thread.run(Unknown Source)
... Removed 16 stack frames</pre></div><a href='#' onClick='toggleBox("stack-trace77011129", this, "Click to show all stack frames", "Click to hide stack frames")'>Click to show all stack frames</a>
<div class='stack-trace' id='stack-trace77011129'><pre>org.openqa.selenium.WebDriverException: unknown error: cannot determine loading status
from unknown error: unexpected command response
  (Session info: chrome=103.0.5060.114)
Build info: version: &apos;4.3.0&apos;, revision: &apos;a4995e2c09*&apos;
System info: host: &apos;AMX-RL-20-348-W&apos;, ip: &apos;10.10.7.69&apos;, os.name: &apos;Windows 10&apos;, os.arch: &apos;amd64&apos;, os.version: &apos;10.0&apos;, java.version: &apos;1.8.0_181&apos;
Driver info: org.openqa.selenium.chrome.ChromeDriver
Command: [ccc28092eafe14741a749622af158417, clickElement {id=d26adb41-b3b7-4e71-89f3-f90adca2d879}]
Capabilities {acceptInsecureCerts: false, browserName: chrome, browserVersion: 103.0.5060.114, chrome: {chromedriverVersion: 103.0.5060.53 (a1711811edd7..., userDataDir: C:\Users\VENKAT~1.T\AppData...}, goog:chromeOptions: {debuggerAddress: localhost:64726}, networkConnectionEnabled: false, pageLoadStrategy: normal, platformName: WINDOWS, proxy: Proxy(), se:cdp: ws://localhost:64726/devtoo..., se:cdpVersion: 103.0.5060.114, setWindowRect: true, strictFileInteractability: false, timeouts: {implicit: 0, pageLoad: 300000, script: 30000}, unhandledPromptBehavior: dismiss and notify, webauthn:extension:credBlob: true, webauthn:extension:largeBlob: true, webauthn:virtualAuthenticators: true}
Element: [[ChromeDriver: chrome on WINDOWS (ccc28092eafe14741a749622af158417)] -&gt; xpath: //button[@id=&apos;edit-next&apos;]]
Session ID: ccc28092eafe14741a749622af158417
	at sun.reflect.NativeConstructorAccessorImpl.newInstance0(Native Method)
	at sun.reflect.NativeConstructorAccessorImpl.newInstance(Unknown Source)
	at sun.reflect.DelegatingConstructorAccessorImpl.newInstance(Unknown Source)
	at java.lang.reflect.Constructor.newInstance(Unknown Source)
	at org.openqa.selenium.remote.codec.w3c.W3CHttpResponseCodec.createException(W3CHttpResponseCodec.java:200)
	at org.openqa.selenium.remote.codec.w3c.W3CHttpResponseCodec.decode(W3CHttpResponseCodec.java:133)
	at org.openqa.selenium.remote.codec.w3c.W3CHttpResponseCodec.decode(W3CHttpResponseCodec.java:53)
	at org.openqa.selenium.remote.HttpCommandExecutor.execute(HttpCommandExecutor.java:184)
	at org.openqa.selenium.remote.service.DriverCommandExecutor.invokeExecute(DriverCommandExecutor.java:167)
	at org.openqa.selenium.remote.service.DriverCommandExecutor.execute(DriverCommandExecutor.java:142)
	at org.openqa.selenium.remote.RemoteWebDriver.execute(RemoteWebDriver.java:569)
	at org.openqa.selenium.remote.RemoteWebElement.execute(RemoteWebElement.java:257)
	at org.openqa.selenium.remote.RemoteWebElement.click(RemoteWebElement.java:78)
	at selenium.base.SeleniumBase.click(SeleniumBase.java:58)
	at icivics_pages.EducatorRegistration4.verifywithvaliddata(EducatorRegistration4.java:113)
	at icivics_testcases.I14_EducatorRegistration4_Test.C359_verifypreviouspage(I14_EducatorRegistration4_Test.java:34)
	at sun.reflect.NativeMethodAccessorImpl.invoke0(Native Method)
	at sun.reflect.NativeMethodAccessorImpl.invoke(Unknown Source)
	at sun.reflect.DelegatingMethodAccessorImpl.invoke(Unknown Source)
	at java.lang.reflect.Method.invoke(Unknown Source)
	at org.testng.internal.MethodInvocationHelper.invokeMethod(MethodInvocationHelper.java:133)
	at org.testng.internal.TestInvoker.invokeMethod(TestInvoker.java:598)
	at org.testng.internal.TestInvoker.invokeTestMethod(TestInvoker.java:173)
	at org.testng.internal.MethodRunner.runInSequence(MethodRunner.java:46)
	at org.testng.internal.TestInvoker$MethodInvocationAgent.invoke(TestInvoker.java:824)
	at org.testng.internal.TestInvoker.invokeTestMethods(TestInvoker.java:146)
	at org.testng.internal.TestMethodWorker.invokeTestMethods(TestMethodWorker.java:146)
	at org.testng.internal.TestMethodWorker.run(TestMethodWorker.java:128)
	at java.util.concurrent.ThreadPoolExecutor.runWorker(Unknown Source)
	at java.util.concurrent.ThreadPoolExecutor$Worker.run(Unknown Source)
	at java.lang.Thread.run(Unknown Source)
</pre></div></td>
<td>23</td>
<td>icivics_testcases.I14_EducatorRegistration4_Test@23a5fd2</td></tr>
<tr>
<td title='icivics_testcases.I13_EducatorRegistration3_Test.C355_verifyallfieldswithblankfield()'><b>C355_verifyallfieldswithblankfield</b><br>Test class: icivics_testcases.I13_EducatorRegistration3_Test</td>
<td><div><pre>java.lang.RuntimeException: org.apache.poi.ooxml.POIXMLException: java.io.EOFException: Unexpected end of ZLIB input stream
	at java.util.concurrent.ThreadPoolExecutor.runWorker(Unknown Source)
	at java.util.concurrent.ThreadPoolExecutor$Worker.run(Unknown Source)
	at java.lang.Thread.run(Unknown Source)
Caused by: org.apache.poi.ooxml.POIXMLException: java.io.EOFException: Unexpected end of ZLIB input stream
	at org.apache.poi.xssf.usermodel.XSSFSheet.onDocumentRead(XSSFSheet.java:151)
	at org.apache.poi.xssf.usermodel.XSSFWorkbook.parseSheet(XSSFWorkbook.java:467)
	at org.apache.poi.xssf.usermodel.XSSFWorkbook.onDocumentRead(XSSFWorkbook.java:428)
	at org.apache.poi.ooxml.POIXMLDocument.load(POIXMLDocument.java:169)
	at org.apache.poi.xssf.usermodel.XSSFWorkbook.&lt;init&gt;(XSSFWorkbook.java:259)
	at org.apache.poi.xssf.usermodel.XSSFWorkbook.&lt;init&gt;(XSSFWorkbook.java:332)
	at utilities.DataLibrary.readExcelData(DataLibrary.java:14)
	at projectSpecific.base.ProjectSpecificMethods.fetchData(ProjectSpecificMethods.java:19)
	... 12 more
Caused by: java.io.EOFException: Unexpected end of ZLIB input stream
	at java.util.zip.InflaterInputStream.fill(Unknown Source)
	at org.apache.commons.compress.archivers.zip.InflaterInputStreamWithStatistics.fill(InflaterInputStreamWithStatistics.java:52)
	at java.util.zip.InflaterInputStream.read(Unknown Source)
	at org.apache.commons.compress.archivers.zip.InflaterInputStreamWithStatistics.read(InflaterInputStreamWithStatistics.java:67)
	at java.util.zip.InflaterInputStream.read(Unknown Source)
	at org.apache.commons.compress.archivers.zip.InflaterInputStreamWithStatistics.read(InflaterInputStreamWithStatistics.java:58)
	at java.io.FilterInputStream.read(Unknown Source)
	at org.apache.poi.openxml4j.util.ZipArchiveThresholdInputStream.read(ZipArchiveThresholdInputStream.java:71)
	at com.sun.org.apache.xerces.internal.impl.XMLEntityManager$RewindableInputStream.read(Unknown Source)
	at com.sun.org.apache.xerces.internal.impl.XMLEntityManager.setupCurrentEntity(Unknown Source)
	at com.sun.org.apache.xerces.internal.impl.XMLVersionDetector.determineDocVersion(Unknown Source)
	at com.sun.org.apache.xerces.internal.parsers.XML11Configuration.parse(Unknown Source)
	at com.sun.org.apache.xerces.internal.parsers.XML11Configuration.parse(Unknown Source)
	at com.sun.org.apache.xerces.internal.parsers.XMLParser.parse(Unknown Source)
	at com.sun.org.apache.xerces.internal.parsers.AbstractSAXParser.parse(Unknown Source)
	at com.sun.org.apache.xerces.internal.jaxp.SAXParserImpl$JAXPSAXParser.parse(Unknown Source)
	at org.apache.xmlbeans.impl.store.Locale$SaxLoader.load(Locale.java:2523)
	at org.apache.xmlbeans.impl.store.Locale.lambda$parseToXmlObject$3(Locale.java:715)
	at org.apache.xmlbeans.impl.store.Locale.syncWrap(Locale.java:488)
	at org.apache.xmlbeans.impl.store.Locale.parseToXmlObject(Locale.java:714)
	at org.apache.xmlbeans.impl.schema.SchemaTypeLoaderBase.parse(SchemaTypeLoaderBase.java:233)
	at org.apache.xmlbeans.impl.schema.AbstractDocumentFactory.parse(AbstractDocumentFactory.java:71)
	at org.apache.poi.xssf.usermodel.XSSFSheet.read(XSSFSheet.java:157)
	at org.apache.poi.xssf.usermodel.XSSFSheet.onDocumentRead(XSSFSheet.java:149)
	... 25 more
... Removed 16 stack frames</pre></div><a href='#' onClick='toggleBox("stack-trace1171868233", this, "Click to show all stack frames", "Click to hide stack frames")'>Click to show all stack frames</a>
<div class='stack-trace' id='stack-trace1171868233'><pre>java.lang.RuntimeException: org.apache.poi.ooxml.POIXMLException: java.io.EOFException: Unexpected end of ZLIB input stream
	at org.testng.internal.MethodInvocationHelper.invokeMethodNoCheckedException(MethodInvocationHelper.java:50)
	at org.testng.internal.MethodInvocationHelper.invokeDataProvider(MethodInvocationHelper.java:146)
	at org.testng.internal.Parameters.handleParameters(Parameters.java:798)
	at org.testng.internal.Parameters.handleParameters(Parameters.java:740)
	at org.testng.internal.ParameterHandler.handleParameters(ParameterHandler.java:59)
	at org.testng.internal.ParameterHandler.createParameters(ParameterHandler.java:38)
	at org.testng.internal.TestInvoker$MethodInvocationAgent.invoke(TestInvoker.java:791)
	at org.testng.internal.TestInvoker.invokeTestMethods(TestInvoker.java:146)
	at org.testng.internal.TestMethodWorker.invokeTestMethods(TestMethodWorker.java:146)
	at org.testng.internal.TestMethodWorker.run(TestMethodWorker.java:128)
	at java.util.concurrent.ThreadPoolExecutor.runWorker(Unknown Source)
	at java.util.concurrent.ThreadPoolExecutor$Worker.run(Unknown Source)
	at java.lang.Thread.run(Unknown Source)
Caused by: org.apache.poi.ooxml.POIXMLException: java.io.EOFException: Unexpected end of ZLIB input stream
	at org.apache.poi.xssf.usermodel.XSSFSheet.onDocumentRead(XSSFSheet.java:151)
	at org.apache.poi.xssf.usermodel.XSSFWorkbook.parseSheet(XSSFWorkbook.java:467)
	at org.apache.poi.xssf.usermodel.XSSFWorkbook.onDocumentRead(XSSFWorkbook.java:428)
	at org.apache.poi.ooxml.POIXMLDocument.load(POIXMLDocument.java:169)
	at org.apache.poi.xssf.usermodel.XSSFWorkbook.&lt;init&gt;(XSSFWorkbook.java:259)
	at org.apache.poi.xssf.usermodel.XSSFWorkbook.&lt;init&gt;(XSSFWorkbook.java:332)
	at utilities.DataLibrary.readExcelData(DataLibrary.java:14)
	at projectSpecific.base.ProjectSpecificMethods.fetchData(ProjectSpecificMethods.java:19)
	at sun.reflect.GeneratedMethodAccessor5.invoke(Unknown Source)
	at sun.reflect.DelegatingMethodAccessorImpl.invoke(Unknown Source)
	at java.lang.reflect.Method.invoke(Unknown Source)
	at org.testng.internal.MethodInvocationHelper.invokeMethod(MethodInvocationHelper.java:133)
	at org.testng.internal.MethodInvocationHelper.invokeMethod(MethodInvocationHelper.java:77)
	at org.testng.internal.MethodInvocationHelper.invokeMethodNoCheckedException(MethodInvocationHelper.java:46)
	... 12 more
Caused by: java.io.EOFException: Unexpected end of ZLIB input stream
	at java.util.zip.InflaterInputStream.fill(Unknown Source)
	at org.apache.commons.compress.archivers.zip.InflaterInputStreamWithStatistics.fill(InflaterInputStreamWithStatistics.java:52)
	at java.util.zip.InflaterInputStream.read(Unknown Source)
	at org.apache.commons.compress.archivers.zip.InflaterInputStreamWithStatistics.read(InflaterInputStreamWithStatistics.java:67)
	at java.util.zip.InflaterInputStream.read(Unknown Source)
	at org.apache.commons.compress.archivers.zip.InflaterInputStreamWithStatistics.read(InflaterInputStreamWithStatistics.java:58)
	at java.io.FilterInputStream.read(Unknown Source)
	at org.apache.poi.openxml4j.util.ZipArchiveThresholdInputStream.read(ZipArchiveThresholdInputStream.java:71)
	at com.sun.org.apache.xerces.internal.impl.XMLEntityManager$RewindableInputStream.read(Unknown Source)
	at com.sun.org.apache.xerces.internal.impl.XMLEntityManager.setupCurrentEntity(Unknown Source)
	at com.sun.org.apache.xerces.internal.impl.XMLVersionDetector.determineDocVersion(Unknown Source)
	at com.sun.org.apache.xerces.internal.parsers.XML11Configuration.parse(Unknown Source)
	at com.sun.org.apache.xerces.internal.parsers.XML11Configuration.parse(Unknown Source)
	at com.sun.org.apache.xerces.internal.parsers.XMLParser.parse(Unknown Source)
	at com.sun.org.apache.xerces.internal.parsers.AbstractSAXParser.parse(Unknown Source)
	at com.sun.org.apache.xerces.internal.jaxp.SAXParserImpl$JAXPSAXParser.parse(Unknown Source)
	at org.apache.xmlbeans.impl.store.Locale$SaxLoader.load(Locale.java:2523)
	at org.apache.xmlbeans.impl.store.Locale.lambda$parseToXmlObject$3(Locale.java:715)
	at org.apache.xmlbeans.impl.store.Locale.syncWrap(Locale.java:488)
	at org.apache.xmlbeans.impl.store.Locale.parseToXmlObject(Locale.java:714)
	at org.apache.xmlbeans.impl.schema.SchemaTypeLoaderBase.parse(SchemaTypeLoaderBase.java:233)
	at org.apache.xmlbeans.impl.schema.AbstractDocumentFactory.parse(AbstractDocumentFactory.java:71)
	at org.apache.poi.xssf.usermodel.XSSFSheet.read(XSSFSheet.java:157)
	at org.apache.poi.xssf.usermodel.XSSFSheet.onDocumentRead(XSSFSheet.java:149)
	... 25 more
</pre></div></td>
<td>0</td>
<td>icivics_testcases.I13_EducatorRegistration3_Test@62bd765</td></tr>
<tr>
<td title='icivics_testcases.I10_EducatorRegistration_Test.C323_Verifyallbuttonlinks()'><b>C323_Verifyallbuttonlinks</b><br>Test class: icivics_testcases.I10_EducatorRegistration_Test<br>Parameters: https://staging.d9.icivics.org/user/register?role=teacher</td>
<td><div><pre>org.openqa.selenium.WebDriverException: unknown error: cannot determine loading status
from unknown error: unexpected command response
  (Session info: chrome=103.0.5060.114)
Build info: version: &apos;4.3.0&apos;, revision: &apos;a4995e2c09*&apos;
System info: host: &apos;AMX-RL-20-348-W&apos;, ip: &apos;10.10.7.69&apos;, os.name: &apos;Windows 10&apos;, os.arch: &apos;amd64&apos;, os.version: &apos;10.0&apos;, java.version: &apos;1.8.0_181&apos;
Driver info: org.openqa.selenium.chrome.ChromeDriver
Command: [df0da9f9af8ccdf699ab6230a9a8a3f4, get {url=https://staging.d9.icivics.org/user/register?role=teacher}]
Capabilities {acceptInsecureCerts: false, browserName: chrome, browserVersion: 103.0.5060.114, chrome: {chromedriverVersion: 103.0.5060.53 (a1711811edd7..., userDataDir: C:\Users\VENKAT~1.T\AppData...}, goog:chromeOptions: {debuggerAddress: localhost:63544}, networkConnectionEnabled: false, pageLoadStrategy: normal, platformName: WINDOWS, proxy: Proxy(), se:cdp: ws://localhost:63544/devtoo..., se:cdpVersion: 103.0.5060.114, setWindowRect: true, strictFileInteractability: false, timeouts: {implicit: 0, pageLoad: 300000, script: 30000}, unhandledPromptBehavior: dismiss and notify, webauthn:extension:credBlob: true, webauthn:extension:largeBlob: true, webauthn:virtualAuthenticators: true}
Session ID: df0da9f9af8ccdf699ab6230a9a8a3f4
	at org.openqa.selenium.remote.codec.w3c.W3CHttpResponseCodec.createException(W3CHttpResponseCodec.java:200)
	at org.openqa.selenium.remote.codec.w3c.W3CHttpResponseCodec.decode(W3CHttpResponseCodec.java:133)
	at org.openqa.selenium.remote.codec.w3c.W3CHttpResponseCodec.decode(W3CHttpResponseCodec.java:53)
	at org.openqa.selenium.remote.HttpCommandExecutor.execute(HttpCommandExecutor.java:184)
	at org.openqa.selenium.remote.service.DriverCommandExecutor.invokeExecute(DriverCommandExecutor.java:167)
	at org.openqa.selenium.remote.service.DriverCommandExecutor.execute(DriverCommandExecutor.java:142)
	at org.openqa.selenium.remote.RemoteWebDriver.execute(RemoteWebDriver.java:569)
	at org.openqa.selenium.remote.RemoteWebDriver.get(RemoteWebDriver.java:332)
	at selenium.base.SeleniumBase.navigateto(SeleniumBase.java:260)
	at icivics_pages.EducatorRegistration.aboutbuttonelementsverification(EducatorRegistration.java:543)
	at icivics_testcases.I10_EducatorRegistration_Test.C323_Verifyallbuttonlinks(I10_EducatorRegistration_Test.java:45)
	at java.util.concurrent.ThreadPoolExecutor.runWorker(Unknown Source)
	at java.util.concurrent.ThreadPoolExecutor$Worker.run(Unknown Source)
	at java.lang.Thread.run(Unknown Source)
... Removed 16 stack frames</pre></div><a href='#' onClick='toggleBox("stack-trace586380192", this, "Click to show all stack frames", "Click to hide stack frames")'>Click to show all stack frames</a>
<div class='stack-trace' id='stack-trace586380192'><pre>org.openqa.selenium.WebDriverException: unknown error: cannot determine loading status
from unknown error: unexpected command response
  (Session info: chrome=103.0.5060.114)
Build info: version: &apos;4.3.0&apos;, revision: &apos;a4995e2c09*&apos;
System info: host: &apos;AMX-RL-20-348-W&apos;, ip: &apos;10.10.7.69&apos;, os.name: &apos;Windows 10&apos;, os.arch: &apos;amd64&apos;, os.version: &apos;10.0&apos;, java.version: &apos;1.8.0_181&apos;
Driver info: org.openqa.selenium.chrome.ChromeDriver
Command: [df0da9f9af8ccdf699ab6230a9a8a3f4, get {url=https://staging.d9.icivics.org/user/register?role=teacher}]
Capabilities {acceptInsecureCerts: false, browserName: chrome, browserVersion: 103.0.5060.114, chrome: {chromedriverVersion: 103.0.5060.53 (a1711811edd7..., userDataDir: C:\Users\VENKAT~1.T\AppData...}, goog:chromeOptions: {debuggerAddress: localhost:63544}, networkConnectionEnabled: false, pageLoadStrategy: normal, platformName: WINDOWS, proxy: Proxy(), se:cdp: ws://localhost:63544/devtoo..., se:cdpVersion: 103.0.5060.114, setWindowRect: true, strictFileInteractability: false, timeouts: {implicit: 0, pageLoad: 300000, script: 30000}, unhandledPromptBehavior: dismiss and notify, webauthn:extension:credBlob: true, webauthn:extension:largeBlob: true, webauthn:virtualAuthenticators: true}
Session ID: df0da9f9af8ccdf699ab6230a9a8a3f4
	at sun.reflect.NativeConstructorAccessorImpl.newInstance0(Native Method)
	at sun.reflect.NativeConstructorAccessorImpl.newInstance(Unknown Source)
	at sun.reflect.DelegatingConstructorAccessorImpl.newInstance(Unknown Source)
	at java.lang.reflect.Constructor.newInstance(Unknown Source)
	at org.openqa.selenium.remote.codec.w3c.W3CHttpResponseCodec.createException(W3CHttpResponseCodec.java:200)
	at org.openqa.selenium.remote.codec.w3c.W3CHttpResponseCodec.decode(W3CHttpResponseCodec.java:133)
	at org.openqa.selenium.remote.codec.w3c.W3CHttpResponseCodec.decode(W3CHttpResponseCodec.java:53)
	at org.openqa.selenium.remote.HttpCommandExecutor.execute(HttpCommandExecutor.java:184)
	at org.openqa.selenium.remote.service.DriverCommandExecutor.invokeExecute(DriverCommandExecutor.java:167)
	at org.openqa.selenium.remote.service.DriverCommandExecutor.execute(DriverCommandExecutor.java:142)
	at org.openqa.selenium.remote.RemoteWebDriver.execute(RemoteWebDriver.java:569)
	at org.openqa.selenium.remote.RemoteWebDriver.get(RemoteWebDriver.java:332)
	at selenium.base.SeleniumBase.navigateto(SeleniumBase.java:260)
	at icivics_pages.EducatorRegistration.aboutbuttonelementsverification(EducatorRegistration.java:543)
	at icivics_testcases.I10_EducatorRegistration_Test.C323_Verifyallbuttonlinks(I10_EducatorRegistration_Test.java:45)
	at sun.reflect.NativeMethodAccessorImpl.invoke0(Native Method)
	at sun.reflect.NativeMethodAccessorImpl.invoke(Unknown Source)
	at sun.reflect.DelegatingMethodAccessorImpl.invoke(Unknown Source)
	at java.lang.reflect.Method.invoke(Unknown Source)
	at org.testng.internal.MethodInvocationHelper.invokeMethod(MethodInvocationHelper.java:133)
	at org.testng.internal.TestInvoker.invokeMethod(TestInvoker.java:598)
	at org.testng.internal.TestInvoker.invokeTestMethod(TestInvoker.java:173)
	at org.testng.internal.MethodRunner.runInSequence(MethodRunner.java:46)
	at org.testng.internal.TestInvoker$MethodInvocationAgent.invoke(TestInvoker.java:824)
	at org.testng.internal.TestInvoker.invokeTestMethods(TestInvoker.java:146)
	at org.testng.internal.TestMethodWorker.invokeTestMethods(TestMethodWorker.java:146)
	at org.testng.internal.TestMethodWorker.run(TestMethodWorker.java:128)
	at java.util.concurrent.ThreadPoolExecutor.runWorker(Unknown Source)
	at java.util.concurrent.ThreadPoolExecutor$Worker.run(Unknown Source)
	at java.lang.Thread.run(Unknown Source)
</pre></div></td>
<td>281</td>
<td>icivics_testcases.I10_EducatorRegistration_Test@1e9e725a</td></tr>
<tr>
<td title='icivics_testcases.I25_StudentRegistration3Email_Test.C374_verifycheckmsgdisplay()'><b>C374_verifycheckmsgdisplay</b><br>Test class: icivics_testcases.I25_StudentRegistration3Email_Test<br>Parameters: https://staging.d9.icivics.org/user/register?role=student&email=1</td>
<td><div><pre>org.openqa.selenium.WebDriverException: unknown error: cannot determine loading status
from unknown error: unexpected command response
  (Session info: chrome=103.0.5060.114)
Build info: version: &apos;4.3.0&apos;, revision: &apos;a4995e2c09*&apos;
System info: host: &apos;AMX-RL-20-348-W&apos;, ip: &apos;10.10.7.69&apos;, os.name: &apos;Windows 10&apos;, os.arch: &apos;amd64&apos;, os.version: &apos;10.0&apos;, java.version: &apos;1.8.0_181&apos;
Driver info: org.openqa.selenium.chrome.ChromeDriver
Command: [19cee03aaf810980baf8ba05e5ab3e21, clickElement {id=80752b34-873c-4d22-8abc-535d46ca369d}]
Capabilities {acceptInsecureCerts: false, browserName: chrome, browserVersion: 103.0.5060.114, chrome: {chromedriverVersion: 103.0.5060.53 (a1711811edd7..., userDataDir: C:\Users\VENKAT~1.T\AppData...}, goog:chromeOptions: {debuggerAddress: localhost:49317}, networkConnectionEnabled: false, pageLoadStrategy: normal, platformName: WINDOWS, proxy: Proxy(), se:cdp: ws://localhost:49317/devtoo..., se:cdpVersion: 103.0.5060.114, setWindowRect: true, strictFileInteractability: false, timeouts: {implicit: 0, pageLoad: 300000, script: 30000}, unhandledPromptBehavior: dismiss and notify, webauthn:extension:credBlob: true, webauthn:extension:largeBlob: true, webauthn:virtualAuthenticators: true}
Element: [[ChromeDriver: chrome on WINDOWS (19cee03aaf810980baf8ba05e5ab3e21)] -&gt; xpath: //button[@id=&apos;edit-next&apos;]]
Session ID: 19cee03aaf810980baf8ba05e5ab3e21
	at org.openqa.selenium.remote.codec.w3c.W3CHttpResponseCodec.createException(W3CHttpResponseCodec.java:200)
	at org.openqa.selenium.remote.codec.w3c.W3CHttpResponseCodec.decode(W3CHttpResponseCodec.java:133)
	at org.openqa.selenium.remote.codec.w3c.W3CHttpResponseCodec.decode(W3CHttpResponseCodec.java:53)
	at org.openqa.selenium.remote.HttpCommandExecutor.execute(HttpCommandExecutor.java:184)
	at org.openqa.selenium.remote.service.DriverCommandExecutor.invokeExecute(DriverCommandExecutor.java:167)
	at org.openqa.selenium.remote.service.DriverCommandExecutor.execute(DriverCommandExecutor.java:142)
	at org.openqa.selenium.remote.RemoteWebDriver.execute(RemoteWebDriver.java:569)
	at org.openqa.selenium.remote.RemoteWebElement.execute(RemoteWebElement.java:257)
	at org.openqa.selenium.remote.RemoteWebElement.click(RemoteWebElement.java:78)
	at icivics_pages.StudentRegistration3Email.verifywithvaliddata(StudentRegistration3Email.java:67)
	at icivics_testcases.I25_StudentRegistration3Email_Test.C374_verifycheckmsgdisplay(I25_StudentRegistration3Email_Test.java:46)
	at java.util.concurrent.ThreadPoolExecutor.runWorker(Unknown Source)
	at java.util.concurrent.ThreadPoolExecutor$Worker.run(Unknown Source)
	at java.lang.Thread.run(Unknown Source)
... Removed 15 stack frames</pre></div><a href='#' onClick='toggleBox("stack-trace2072576954", this, "Click to show all stack frames", "Click to hide stack frames")'>Click to show all stack frames</a>
<div class='stack-trace' id='stack-trace2072576954'><pre>org.openqa.selenium.WebDriverException: unknown error: cannot determine loading status
from unknown error: unexpected command response
  (Session info: chrome=103.0.5060.114)
Build info: version: &apos;4.3.0&apos;, revision: &apos;a4995e2c09*&apos;
System info: host: &apos;AMX-RL-20-348-W&apos;, ip: &apos;10.10.7.69&apos;, os.name: &apos;Windows 10&apos;, os.arch: &apos;amd64&apos;, os.version: &apos;10.0&apos;, java.version: &apos;1.8.0_181&apos;
Driver info: org.openqa.selenium.chrome.ChromeDriver
Command: [19cee03aaf810980baf8ba05e5ab3e21, clickElement {id=80752b34-873c-4d22-8abc-535d46ca369d}]
Capabilities {acceptInsecureCerts: false, browserName: chrome, browserVersion: 103.0.5060.114, chrome: {chromedriverVersion: 103.0.5060.53 (a1711811edd7..., userDataDir: C:\Users\VENKAT~1.T\AppData...}, goog:chromeOptions: {debuggerAddress: localhost:49317}, networkConnectionEnabled: false, pageLoadStrategy: normal, platformName: WINDOWS, proxy: Proxy(), se:cdp: ws://localhost:49317/devtoo..., se:cdpVersion: 103.0.5060.114, setWindowRect: true, strictFileInteractability: false, timeouts: {implicit: 0, pageLoad: 300000, script: 30000}, unhandledPromptBehavior: dismiss and notify, webauthn:extension:credBlob: true, webauthn:extension:largeBlob: true, webauthn:virtualAuthenticators: true}
Element: [[ChromeDriver: chrome on WINDOWS (19cee03aaf810980baf8ba05e5ab3e21)] -&gt; xpath: //button[@id=&apos;edit-next&apos;]]
Session ID: 19cee03aaf810980baf8ba05e5ab3e21
	at sun.reflect.GeneratedConstructorAccessor98.newInstance(Unknown Source)
	at sun.reflect.DelegatingConstructorAccessorImpl.newInstance(Unknown Source)
	at java.lang.reflect.Constructor.newInstance(Unknown Source)
	at org.openqa.selenium.remote.codec.w3c.W3CHttpResponseCodec.createException(W3CHttpResponseCodec.java:200)
	at org.openqa.selenium.remote.codec.w3c.W3CHttpResponseCodec.decode(W3CHttpResponseCodec.java:133)
	at org.openqa.selenium.remote.codec.w3c.W3CHttpResponseCodec.decode(W3CHttpResponseCodec.java:53)
	at org.openqa.selenium.remote.HttpCommandExecutor.execute(HttpCommandExecutor.java:184)
	at org.openqa.selenium.remote.service.DriverCommandExecutor.invokeExecute(DriverCommandExecutor.java:167)
	at org.openqa.selenium.remote.service.DriverCommandExecutor.execute(DriverCommandExecutor.java:142)
	at org.openqa.selenium.remote.RemoteWebDriver.execute(RemoteWebDriver.java:569)
	at org.openqa.selenium.remote.RemoteWebElement.execute(RemoteWebElement.java:257)
	at org.openqa.selenium.remote.RemoteWebElement.click(RemoteWebElement.java:78)
	at icivics_pages.StudentRegistration3Email.verifywithvaliddata(StudentRegistration3Email.java:67)
	at icivics_testcases.I25_StudentRegistration3Email_Test.C374_verifycheckmsgdisplay(I25_StudentRegistration3Email_Test.java:46)
	at sun.reflect.NativeMethodAccessorImpl.invoke0(Native Method)
	at sun.reflect.NativeMethodAccessorImpl.invoke(Unknown Source)
	at sun.reflect.DelegatingMethodAccessorImpl.invoke(Unknown Source)
	at java.lang.reflect.Method.invoke(Unknown Source)
	at org.testng.internal.MethodInvocationHelper.invokeMethod(MethodInvocationHelper.java:133)
	at org.testng.internal.TestInvoker.invokeMethod(TestInvoker.java:598)
	at org.testng.internal.TestInvoker.invokeTestMethod(TestInvoker.java:173)
	at org.testng.internal.MethodRunner.runInSequence(MethodRunner.java:46)
	at org.testng.internal.TestInvoker$MethodInvocationAgent.invoke(TestInvoker.java:824)
	at org.testng.internal.TestInvoker.invokeTestMethods(TestInvoker.java:146)
	at org.testng.internal.TestMethodWorker.invokeTestMethods(TestMethodWorker.java:146)
	at org.testng.internal.TestMethodWorker.run(TestMethodWorker.java:128)
	at java.util.concurrent.ThreadPoolExecutor.runWorker(Unknown Source)
	at java.util.concurrent.ThreadPoolExecutor$Worker.run(Unknown Source)
	at java.lang.Thread.run(Unknown Source)
</pre></div></td>
<td>10</td>
<td>icivics_testcases.I25_StudentRegistration3Email_Test@5d20e46</td></tr>
<tr>
<td title='icivics_testcases.I14_EducatorRegistration4_Test.C366_verifypasswordstrengthIndicator()'><b>C366_verifypasswordstrengthIndicator</b><br>Test class: icivics_testcases.I14_EducatorRegistration4_Test<br>Parameters: https://staging.d9.icivics.org/user/register?role=teacher</td>
<td><div><pre>org.openqa.selenium.WebDriverException: unknown error: cannot determine loading status
from unknown error: unexpected command response
  (Session info: chrome=103.0.5060.114)
Build info: version: &apos;4.3.0&apos;, revision: &apos;a4995e2c09*&apos;
System info: host: &apos;AMX-RL-20-348-W&apos;, ip: &apos;10.10.7.69&apos;, os.name: &apos;Windows 10&apos;, os.arch: &apos;amd64&apos;, os.version: &apos;10.0&apos;, java.version: &apos;1.8.0_181&apos;
Driver info: org.openqa.selenium.chrome.ChromeDriver
Command: [a619ac8b6d6af6a75325324ec187178d, clickElement {id=4a1172b7-c2d9-4f54-a3c3-a7589c46dbdc}]
Capabilities {acceptInsecureCerts: false, browserName: chrome, browserVersion: 103.0.5060.114, chrome: {chromedriverVersion: 103.0.5060.53 (a1711811edd7..., userDataDir: C:\Users\VENKAT~1.T\AppData...}, goog:chromeOptions: {debuggerAddress: localhost:50146}, networkConnectionEnabled: false, pageLoadStrategy: normal, platformName: WINDOWS, proxy: Proxy(), se:cdp: ws://localhost:50146/devtoo..., se:cdpVersion: 103.0.5060.114, setWindowRect: true, strictFileInteractability: false, timeouts: {implicit: 0, pageLoad: 300000, script: 30000}, unhandledPromptBehavior: dismiss and notify, webauthn:extension:credBlob: true, webauthn:extension:largeBlob: true, webauthn:virtualAuthenticators: true}
Element: [[ChromeDriver: chrome on WINDOWS (a619ac8b6d6af6a75325324ec187178d)] -&gt; xpath: //button[@id=&apos;edit-next&apos;]]
Session ID: a619ac8b6d6af6a75325324ec187178d
	at org.openqa.selenium.remote.codec.w3c.W3CHttpResponseCodec.createException(W3CHttpResponseCodec.java:200)
	at org.openqa.selenium.remote.codec.w3c.W3CHttpResponseCodec.decode(W3CHttpResponseCodec.java:133)
	at org.openqa.selenium.remote.codec.w3c.W3CHttpResponseCodec.decode(W3CHttpResponseCodec.java:53)
	at org.openqa.selenium.remote.HttpCommandExecutor.execute(HttpCommandExecutor.java:184)
	at org.openqa.selenium.remote.service.DriverCommandExecutor.invokeExecute(DriverCommandExecutor.java:167)
	at org.openqa.selenium.remote.service.DriverCommandExecutor.execute(DriverCommandExecutor.java:142)
	at org.openqa.selenium.remote.RemoteWebDriver.execute(RemoteWebDriver.java:569)
	at org.openqa.selenium.remote.RemoteWebElement.execute(RemoteWebElement.java:257)
	at org.openqa.selenium.remote.RemoteWebElement.click(RemoteWebElement.java:78)
	at icivics_pages.EducatorRegistration4.verifywithvaliddata(EducatorRegistration4.java:73)
	at icivics_testcases.I14_EducatorRegistration4_Test.C366_verifypasswordstrengthIndicator(I14_EducatorRegistration4_Test.java:114)
	at java.util.concurrent.ThreadPoolExecutor.runWorker(Unknown Source)
	at java.util.concurrent.ThreadPoolExecutor$Worker.run(Unknown Source)
	at java.lang.Thread.run(Unknown Source)
... Removed 15 stack frames</pre></div><a href='#' onClick='toggleBox("stack-trace412942089", this, "Click to show all stack frames", "Click to hide stack frames")'>Click to show all stack frames</a>
<div class='stack-trace' id='stack-trace412942089'><pre>org.openqa.selenium.WebDriverException: unknown error: cannot determine loading status
from unknown error: unexpected command response
  (Session info: chrome=103.0.5060.114)
Build info: version: &apos;4.3.0&apos;, revision: &apos;a4995e2c09*&apos;
System info: host: &apos;AMX-RL-20-348-W&apos;, ip: &apos;10.10.7.69&apos;, os.name: &apos;Windows 10&apos;, os.arch: &apos;amd64&apos;, os.version: &apos;10.0&apos;, java.version: &apos;1.8.0_181&apos;
Driver info: org.openqa.selenium.chrome.ChromeDriver
Command: [a619ac8b6d6af6a75325324ec187178d, clickElement {id=4a1172b7-c2d9-4f54-a3c3-a7589c46dbdc}]
Capabilities {acceptInsecureCerts: false, browserName: chrome, browserVersion: 103.0.5060.114, chrome: {chromedriverVersion: 103.0.5060.53 (a1711811edd7..., userDataDir: C:\Users\VENKAT~1.T\AppData...}, goog:chromeOptions: {debuggerAddress: localhost:50146}, networkConnectionEnabled: false, pageLoadStrategy: normal, platformName: WINDOWS, proxy: Proxy(), se:cdp: ws://localhost:50146/devtoo..., se:cdpVersion: 103.0.5060.114, setWindowRect: true, strictFileInteractability: false, timeouts: {implicit: 0, pageLoad: 300000, script: 30000}, unhandledPromptBehavior: dismiss and notify, webauthn:extension:credBlob: true, webauthn:extension:largeBlob: true, webauthn:virtualAuthenticators: true}
Element: [[ChromeDriver: chrome on WINDOWS (a619ac8b6d6af6a75325324ec187178d)] -&gt; xpath: //button[@id=&apos;edit-next&apos;]]
Session ID: a619ac8b6d6af6a75325324ec187178d
	at sun.reflect.GeneratedConstructorAccessor98.newInstance(Unknown Source)
	at sun.reflect.DelegatingConstructorAccessorImpl.newInstance(Unknown Source)
	at java.lang.reflect.Constructor.newInstance(Unknown Source)
	at org.openqa.selenium.remote.codec.w3c.W3CHttpResponseCodec.createException(W3CHttpResponseCodec.java:200)
	at org.openqa.selenium.remote.codec.w3c.W3CHttpResponseCodec.decode(W3CHttpResponseCodec.java:133)
	at org.openqa.selenium.remote.codec.w3c.W3CHttpResponseCodec.decode(W3CHttpResponseCodec.java:53)
	at org.openqa.selenium.remote.HttpCommandExecutor.execute(HttpCommandExecutor.java:184)
	at org.openqa.selenium.remote.service.DriverCommandExecutor.invokeExecute(DriverCommandExecutor.java:167)
	at org.openqa.selenium.remote.service.DriverCommandExecutor.execute(DriverCommandExecutor.java:142)
	at org.openqa.selenium.remote.RemoteWebDriver.execute(RemoteWebDriver.java:569)
	at org.openqa.selenium.remote.RemoteWebElement.execute(RemoteWebElement.java:257)
	at org.openqa.selenium.remote.RemoteWebElement.click(RemoteWebElement.java:78)
	at icivics_pages.EducatorRegistration4.verifywithvaliddata(EducatorRegistration4.java:73)
	at icivics_testcases.I14_EducatorRegistration4_Test.C366_verifypasswordstrengthIndicator(I14_EducatorRegistration4_Test.java:114)
	at sun.reflect.NativeMethodAccessorImpl.invoke0(Native Method)
	at sun.reflect.NativeMethodAccessorImpl.invoke(Unknown Source)
	at sun.reflect.DelegatingMethodAccessorImpl.invoke(Unknown Source)
	at java.lang.reflect.Method.invoke(Unknown Source)
	at org.testng.internal.MethodInvocationHelper.invokeMethod(MethodInvocationHelper.java:133)
	at org.testng.internal.TestInvoker.invokeMethod(TestInvoker.java:598)
	at org.testng.internal.TestInvoker.invokeTestMethod(TestInvoker.java:173)
	at org.testng.internal.MethodRunner.runInSequence(MethodRunner.java:46)
	at org.testng.internal.TestInvoker$MethodInvocationAgent.invoke(TestInvoker.java:824)
	at org.testng.internal.TestInvoker.invokeTestMethods(TestInvoker.java:146)
	at org.testng.internal.TestMethodWorker.invokeTestMethods(TestMethodWorker.java:146)
	at org.testng.internal.TestMethodWorker.run(TestMethodWorker.java:128)
	at java.util.concurrent.ThreadPoolExecutor.runWorker(Unknown Source)
	at java.util.concurrent.ThreadPoolExecutor$Worker.run(Unknown Source)
	at java.lang.Thread.run(Unknown Source)
</pre></div></td>
<td>7</td>
<td>icivics_testcases.I14_EducatorRegistration4_Test@23a5fd2</td></tr>
<tr>
<td title='icivics_testcases.I23_StudentRegistration2Email_Test.C410_VerifyPasswordindicatormatch()'><b>C410_VerifyPasswordindicatormatch</b><br>Test class: icivics_testcases.I23_StudentRegistration2Email_Test<br>Parameters: https://staging.d9.icivics.org/user/register?role=student&email=1</td>
<td><div><pre>org.openqa.selenium.WebDriverException: unknown error: cannot determine loading status
from unknown error: unexpected command response
  (Session info: chrome=103.0.5060.114)
Build info: version: &apos;4.3.0&apos;, revision: &apos;a4995e2c09*&apos;
System info: host: &apos;AMX-RL-20-348-W&apos;, ip: &apos;10.10.7.69&apos;, os.name: &apos;Windows 10&apos;, os.arch: &apos;amd64&apos;, os.version: &apos;10.0&apos;, java.version: &apos;1.8.0_181&apos;
Driver info: org.openqa.selenium.chrome.ChromeDriver
Command: [ade9857cc68137029b9107c66339a436, clickElement {id=72c3c7ab-9d1c-48ea-8577-b6b26c230b99}]
Capabilities {acceptInsecureCerts: false, browserName: chrome, browserVersion: 103.0.5060.114, chrome: {chromedriverVersion: 103.0.5060.53 (a1711811edd7..., userDataDir: C:\Users\VENKAT~1.T\AppData...}, goog:chromeOptions: {debuggerAddress: localhost:51817}, networkConnectionEnabled: false, pageLoadStrategy: normal, platformName: WINDOWS, proxy: Proxy(), se:cdp: ws://localhost:51817/devtoo..., se:cdpVersion: 103.0.5060.114, setWindowRect: true, strictFileInteractability: false, timeouts: {implicit: 0, pageLoad: 300000, script: 30000}, unhandledPromptBehavior: dismiss and notify, webauthn:extension:credBlob: true, webauthn:extension:largeBlob: true, webauthn:virtualAuthenticators: true}
Element: [[ChromeDriver: chrome on WINDOWS (ade9857cc68137029b9107c66339a436)] -&gt; xpath: //button[@id=&apos;edit-next&apos;]]
Session ID: ade9857cc68137029b9107c66339a436
	at org.openqa.selenium.remote.codec.w3c.W3CHttpResponseCodec.createException(W3CHttpResponseCodec.java:200)
	at org.openqa.selenium.remote.codec.w3c.W3CHttpResponseCodec.decode(W3CHttpResponseCodec.java:133)
	at org.openqa.selenium.remote.codec.w3c.W3CHttpResponseCodec.decode(W3CHttpResponseCodec.java:53)
	at org.openqa.selenium.remote.HttpCommandExecutor.execute(HttpCommandExecutor.java:184)
	at org.openqa.selenium.remote.service.DriverCommandExecutor.invokeExecute(DriverCommandExecutor.java:167)
	at org.openqa.selenium.remote.service.DriverCommandExecutor.execute(DriverCommandExecutor.java:142)
	at org.openqa.selenium.remote.RemoteWebDriver.execute(RemoteWebDriver.java:569)
	at org.openqa.selenium.remote.RemoteWebElement.execute(RemoteWebElement.java:257)
	at org.openqa.selenium.remote.RemoteWebElement.click(RemoteWebElement.java:78)
	at icivics_pages.StudentRegistration2Email.verifywithvaliddata(StudentRegistration2Email.java:86)
	at icivics_testcases.I23_StudentRegistration2Email_Test.C410_VerifyPasswordindicatormatch(I23_StudentRegistration2Email_Test.java:111)
	at java.util.concurrent.ThreadPoolExecutor.runWorker(Unknown Source)
	at java.util.concurrent.ThreadPoolExecutor$Worker.run(Unknown Source)
	at java.lang.Thread.run(Unknown Source)
... Removed 15 stack frames</pre></div><a href='#' onClick='toggleBox("stack-trace460159064", this, "Click to show all stack frames", "Click to hide stack frames")'>Click to show all stack frames</a>
<div class='stack-trace' id='stack-trace460159064'><pre>org.openqa.selenium.WebDriverException: unknown error: cannot determine loading status
from unknown error: unexpected command response
  (Session info: chrome=103.0.5060.114)
Build info: version: &apos;4.3.0&apos;, revision: &apos;a4995e2c09*&apos;
System info: host: &apos;AMX-RL-20-348-W&apos;, ip: &apos;10.10.7.69&apos;, os.name: &apos;Windows 10&apos;, os.arch: &apos;amd64&apos;, os.version: &apos;10.0&apos;, java.version: &apos;1.8.0_181&apos;
Driver info: org.openqa.selenium.chrome.ChromeDriver
Command: [ade9857cc68137029b9107c66339a436, clickElement {id=72c3c7ab-9d1c-48ea-8577-b6b26c230b99}]
Capabilities {acceptInsecureCerts: false, browserName: chrome, browserVersion: 103.0.5060.114, chrome: {chromedriverVersion: 103.0.5060.53 (a1711811edd7..., userDataDir: C:\Users\VENKAT~1.T\AppData...}, goog:chromeOptions: {debuggerAddress: localhost:51817}, networkConnectionEnabled: false, pageLoadStrategy: normal, platformName: WINDOWS, proxy: Proxy(), se:cdp: ws://localhost:51817/devtoo..., se:cdpVersion: 103.0.5060.114, setWindowRect: true, strictFileInteractability: false, timeouts: {implicit: 0, pageLoad: 300000, script: 30000}, unhandledPromptBehavior: dismiss and notify, webauthn:extension:credBlob: true, webauthn:extension:largeBlob: true, webauthn:virtualAuthenticators: true}
Element: [[ChromeDriver: chrome on WINDOWS (ade9857cc68137029b9107c66339a436)] -&gt; xpath: //button[@id=&apos;edit-next&apos;]]
Session ID: ade9857cc68137029b9107c66339a436
	at sun.reflect.GeneratedConstructorAccessor98.newInstance(Unknown Source)
	at sun.reflect.DelegatingConstructorAccessorImpl.newInstance(Unknown Source)
	at java.lang.reflect.Constructor.newInstance(Unknown Source)
	at org.openqa.selenium.remote.codec.w3c.W3CHttpResponseCodec.createException(W3CHttpResponseCodec.java:200)
	at org.openqa.selenium.remote.codec.w3c.W3CHttpResponseCodec.decode(W3CHttpResponseCodec.java:133)
	at org.openqa.selenium.remote.codec.w3c.W3CHttpResponseCodec.decode(W3CHttpResponseCodec.java:53)
	at org.openqa.selenium.remote.HttpCommandExecutor.execute(HttpCommandExecutor.java:184)
	at org.openqa.selenium.remote.service.DriverCommandExecutor.invokeExecute(DriverCommandExecutor.java:167)
	at org.openqa.selenium.remote.service.DriverCommandExecutor.execute(DriverCommandExecutor.java:142)
	at org.openqa.selenium.remote.RemoteWebDriver.execute(RemoteWebDriver.java:569)
	at org.openqa.selenium.remote.RemoteWebElement.execute(RemoteWebElement.java:257)
	at org.openqa.selenium.remote.RemoteWebElement.click(RemoteWebElement.java:78)
	at icivics_pages.StudentRegistration2Email.verifywithvaliddata(StudentRegistration2Email.java:86)
	at icivics_testcases.I23_StudentRegistration2Email_Test.C410_VerifyPasswordindicatormatch(I23_StudentRegistration2Email_Test.java:111)
	at sun.reflect.NativeMethodAccessorImpl.invoke0(Native Method)
	at sun.reflect.NativeMethodAccessorImpl.invoke(Unknown Source)
	at sun.reflect.DelegatingMethodAccessorImpl.invoke(Unknown Source)
	at java.lang.reflect.Method.invoke(Unknown Source)
	at org.testng.internal.MethodInvocationHelper.invokeMethod(MethodInvocationHelper.java:133)
	at org.testng.internal.TestInvoker.invokeMethod(TestInvoker.java:598)
	at org.testng.internal.TestInvoker.retryFailed(TestInvoker.java:213)
	at org.testng.internal.MethodRunner.runInSequence(MethodRunner.java:58)
	at org.testng.internal.TestInvoker$MethodInvocationAgent.invoke(TestInvoker.java:824)
	at org.testng.internal.TestInvoker.invokeTestMethods(TestInvoker.java:146)
	at org.testng.internal.TestMethodWorker.invokeTestMethods(TestMethodWorker.java:146)
	at org.testng.internal.TestMethodWorker.run(TestMethodWorker.java:128)
	at java.util.concurrent.ThreadPoolExecutor.runWorker(Unknown Source)
	at java.util.concurrent.ThreadPoolExecutor$Worker.run(Unknown Source)
	at java.lang.Thread.run(Unknown Source)
</pre></div></td>
<td>5</td>
<td>icivics_testcases.I23_StudentRegistration2Email_Test@7bc1a03d</td></tr>
<tr>
<td title='icivics_testcases.I23_StudentRegistration2Email_Test.C409_VerifyPasswordstrengthmeter()'><b>C409_VerifyPasswordstrengthmeter</b><br>Test class: icivics_testcases.I23_StudentRegistration2Email_Test<br>Parameters: https://staging.d9.icivics.org/user/register?role=student&email=1</td>
<td><div><pre>org.openqa.selenium.WebDriverException: unknown error: cannot determine loading status
from unknown error: unexpected command response
  (Session info: chrome=103.0.5060.114)
Build info: version: &apos;4.3.0&apos;, revision: &apos;a4995e2c09*&apos;
System info: host: &apos;AMX-RL-20-348-W&apos;, ip: &apos;10.10.7.69&apos;, os.name: &apos;Windows 10&apos;, os.arch: &apos;amd64&apos;, os.version: &apos;10.0&apos;, java.version: &apos;1.8.0_181&apos;
Driver info: org.openqa.selenium.chrome.ChromeDriver
Command: [2011c3c1887d023987e3695312996b5b, clickElement {id=4229a395-b82b-4cd1-8ff1-1ccb70133497}]
Capabilities {acceptInsecureCerts: false, browserName: chrome, browserVersion: 103.0.5060.114, chrome: {chromedriverVersion: 103.0.5060.53 (a1711811edd7..., userDataDir: C:\Users\VENKAT~1.T\AppData...}, goog:chromeOptions: {debuggerAddress: localhost:51578}, networkConnectionEnabled: false, pageLoadStrategy: normal, platformName: WINDOWS, proxy: Proxy(), se:cdp: ws://localhost:51578/devtoo..., se:cdpVersion: 103.0.5060.114, setWindowRect: true, strictFileInteractability: false, timeouts: {implicit: 0, pageLoad: 300000, script: 30000}, unhandledPromptBehavior: dismiss and notify, webauthn:extension:credBlob: true, webauthn:extension:largeBlob: true, webauthn:virtualAuthenticators: true}
Element: [[ChromeDriver: chrome on WINDOWS (2011c3c1887d023987e3695312996b5b)] -&gt; xpath: //button[@id=&apos;edit-next&apos;]]
Session ID: 2011c3c1887d023987e3695312996b5b
	at org.openqa.selenium.remote.codec.w3c.W3CHttpResponseCodec.createException(W3CHttpResponseCodec.java:200)
	at org.openqa.selenium.remote.codec.w3c.W3CHttpResponseCodec.decode(W3CHttpResponseCodec.java:133)
	at org.openqa.selenium.remote.codec.w3c.W3CHttpResponseCodec.decode(W3CHttpResponseCodec.java:53)
	at org.openqa.selenium.remote.HttpCommandExecutor.execute(HttpCommandExecutor.java:184)
	at org.openqa.selenium.remote.service.DriverCommandExecutor.invokeExecute(DriverCommandExecutor.java:167)
	at org.openqa.selenium.remote.service.DriverCommandExecutor.execute(DriverCommandExecutor.java:142)
	at org.openqa.selenium.remote.RemoteWebDriver.execute(RemoteWebDriver.java:569)
	at org.openqa.selenium.remote.RemoteWebElement.execute(RemoteWebElement.java:257)
	at org.openqa.selenium.remote.RemoteWebElement.click(RemoteWebElement.java:78)
	at icivics_pages.StudentRegistration2Email.verifywithvaliddata(StudentRegistration2Email.java:86)
	at icivics_testcases.I23_StudentRegistration2Email_Test.C409_VerifyPasswordstrengthmeter(I23_StudentRegistration2Email_Test.java:99)
	at java.util.concurrent.ThreadPoolExecutor.runWorker(Unknown Source)
	at java.util.concurrent.ThreadPoolExecutor$Worker.run(Unknown Source)
	at java.lang.Thread.run(Unknown Source)
... Removed 15 stack frames</pre></div><a href='#' onClick='toggleBox("stack-trace1280310745", this, "Click to show all stack frames", "Click to hide stack frames")'>Click to show all stack frames</a>
<div class='stack-trace' id='stack-trace1280310745'><pre>org.openqa.selenium.WebDriverException: unknown error: cannot determine loading status
from unknown error: unexpected command response
  (Session info: chrome=103.0.5060.114)
Build info: version: &apos;4.3.0&apos;, revision: &apos;a4995e2c09*&apos;
System info: host: &apos;AMX-RL-20-348-W&apos;, ip: &apos;10.10.7.69&apos;, os.name: &apos;Windows 10&apos;, os.arch: &apos;amd64&apos;, os.version: &apos;10.0&apos;, java.version: &apos;1.8.0_181&apos;
Driver info: org.openqa.selenium.chrome.ChromeDriver
Command: [2011c3c1887d023987e3695312996b5b, clickElement {id=4229a395-b82b-4cd1-8ff1-1ccb70133497}]
Capabilities {acceptInsecureCerts: false, browserName: chrome, browserVersion: 103.0.5060.114, chrome: {chromedriverVersion: 103.0.5060.53 (a1711811edd7..., userDataDir: C:\Users\VENKAT~1.T\AppData...}, goog:chromeOptions: {debuggerAddress: localhost:51578}, networkConnectionEnabled: false, pageLoadStrategy: normal, platformName: WINDOWS, proxy: Proxy(), se:cdp: ws://localhost:51578/devtoo..., se:cdpVersion: 103.0.5060.114, setWindowRect: true, strictFileInteractability: false, timeouts: {implicit: 0, pageLoad: 300000, script: 30000}, unhandledPromptBehavior: dismiss and notify, webauthn:extension:credBlob: true, webauthn:extension:largeBlob: true, webauthn:virtualAuthenticators: true}
Element: [[ChromeDriver: chrome on WINDOWS (2011c3c1887d023987e3695312996b5b)] -&gt; xpath: //button[@id=&apos;edit-next&apos;]]
Session ID: 2011c3c1887d023987e3695312996b5b
	at sun.reflect.GeneratedConstructorAccessor98.newInstance(Unknown Source)
	at sun.reflect.DelegatingConstructorAccessorImpl.newInstance(Unknown Source)
	at java.lang.reflect.Constructor.newInstance(Unknown Source)
	at org.openqa.selenium.remote.codec.w3c.W3CHttpResponseCodec.createException(W3CHttpResponseCodec.java:200)
	at org.openqa.selenium.remote.codec.w3c.W3CHttpResponseCodec.decode(W3CHttpResponseCodec.java:133)
	at org.openqa.selenium.remote.codec.w3c.W3CHttpResponseCodec.decode(W3CHttpResponseCodec.java:53)
	at org.openqa.selenium.remote.HttpCommandExecutor.execute(HttpCommandExecutor.java:184)
	at org.openqa.selenium.remote.service.DriverCommandExecutor.invokeExecute(DriverCommandExecutor.java:167)
	at org.openqa.selenium.remote.service.DriverCommandExecutor.execute(DriverCommandExecutor.java:142)
	at org.openqa.selenium.remote.RemoteWebDriver.execute(RemoteWebDriver.java:569)
	at org.openqa.selenium.remote.RemoteWebElement.execute(RemoteWebElement.java:257)
	at org.openqa.selenium.remote.RemoteWebElement.click(RemoteWebElement.java:78)
	at icivics_pages.StudentRegistration2Email.verifywithvaliddata(StudentRegistration2Email.java:86)
	at icivics_testcases.I23_StudentRegistration2Email_Test.C409_VerifyPasswordstrengthmeter(I23_StudentRegistration2Email_Test.java:99)
	at sun.reflect.NativeMethodAccessorImpl.invoke0(Native Method)
	at sun.reflect.NativeMethodAccessorImpl.invoke(Unknown Source)
	at sun.reflect.DelegatingMethodAccessorImpl.invoke(Unknown Source)
	at java.lang.reflect.Method.invoke(Unknown Source)
	at org.testng.internal.MethodInvocationHelper.invokeMethod(MethodInvocationHelper.java:133)
	at org.testng.internal.TestInvoker.invokeMethod(TestInvoker.java:598)
	at org.testng.internal.TestInvoker.retryFailed(TestInvoker.java:213)
	at org.testng.internal.MethodRunner.runInSequence(MethodRunner.java:58)
	at org.testng.internal.TestInvoker$MethodInvocationAgent.invoke(TestInvoker.java:824)
	at org.testng.internal.TestInvoker.invokeTestMethods(TestInvoker.java:146)
	at org.testng.internal.TestMethodWorker.invokeTestMethods(TestMethodWorker.java:146)
	at org.testng.internal.TestMethodWorker.run(TestMethodWorker.java:128)
	at java.util.concurrent.ThreadPoolExecutor.runWorker(Unknown Source)
	at java.util.concurrent.ThreadPoolExecutor$Worker.run(Unknown Source)
	at java.lang.Thread.run(Unknown Source)
</pre></div></td>
<td>4</td>
<td>icivics_testcases.I23_StudentRegistration2Email_Test@7bc1a03d</td></tr>
<tr>
<td title='icivics_testcases.I22_StudentRegistration2classcode_Test.C412_verifytermsofuseandprivacycheckbox()'><b>C412_verifytermsofuseandprivacycheckbox</b><br>Test class: icivics_testcases.I22_StudentRegistration2classcode_Test<br>Parameters: https://staging.d9.icivics.org/user/register?role=student</td>
<td><div><pre>org.openqa.selenium.WebDriverException: unknown error: unexpected command response
  (Session info: chrome=103.0.5060.114)
Build info: version: &apos;4.3.0&apos;, revision: &apos;a4995e2c09*&apos;
System info: host: &apos;AMX-RL-20-348-W&apos;, ip: &apos;10.10.7.69&apos;, os.name: &apos;Windows 10&apos;, os.arch: &apos;amd64&apos;, os.version: &apos;10.0&apos;, java.version: &apos;1.8.0_181&apos;
Driver info: org.openqa.selenium.chrome.ChromeDriver
Command: [427f0d2ec620e1765013ca1a5b19e739, clickElement {id=145efd57-2af2-430a-be71-5d84f53390b4}]
Capabilities {acceptInsecureCerts: false, browserName: chrome, browserVersion: 103.0.5060.114, chrome: {chromedriverVersion: 103.0.5060.53 (a1711811edd7..., userDataDir: C:\Users\VENKAT~1.T\AppData...}, goog:chromeOptions: {debuggerAddress: localhost:51002}, networkConnectionEnabled: false, pageLoadStrategy: normal, platformName: WINDOWS, proxy: Proxy(), se:cdp: ws://localhost:51002/devtoo..., se:cdpVersion: 103.0.5060.114, setWindowRect: true, strictFileInteractability: false, timeouts: {implicit: 0, pageLoad: 300000, script: 30000}, unhandledPromptBehavior: dismiss and notify, webauthn:extension:credBlob: true, webauthn:extension:largeBlob: true, webauthn:virtualAuthenticators: true}
Element: [[ChromeDriver: chrome on WINDOWS (427f0d2ec620e1765013ca1a5b19e739)] -&gt; xpath: //button[@id=&apos;edit-next&apos;]]
Session ID: 427f0d2ec620e1765013ca1a5b19e739
	at org.openqa.selenium.remote.codec.w3c.W3CHttpResponseCodec.createException(W3CHttpResponseCodec.java:200)
	at org.openqa.selenium.remote.codec.w3c.W3CHttpResponseCodec.decode(W3CHttpResponseCodec.java:133)
	at org.openqa.selenium.remote.codec.w3c.W3CHttpResponseCodec.decode(W3CHttpResponseCodec.java:53)
	at org.openqa.selenium.remote.HttpCommandExecutor.execute(HttpCommandExecutor.java:184)
	at org.openqa.selenium.remote.service.DriverCommandExecutor.invokeExecute(DriverCommandExecutor.java:167)
	at org.openqa.selenium.remote.service.DriverCommandExecutor.execute(DriverCommandExecutor.java:142)
	at org.openqa.selenium.remote.RemoteWebDriver.execute(RemoteWebDriver.java:569)
	at org.openqa.selenium.remote.RemoteWebElement.execute(RemoteWebElement.java:257)
	at org.openqa.selenium.remote.RemoteWebElement.click(RemoteWebElement.java:78)
	at icivics_pages.StudentRegistration2classcode.verifyregistrationwithvaliddata(StudentRegistration2classcode.java:74)
	at icivics_testcases.I22_StudentRegistration2classcode_Test.C412_verifytermsofuseandprivacycheckbox(I22_StudentRegistration2classcode_Test.java:134)
	at java.util.concurrent.ThreadPoolExecutor.runWorker(Unknown Source)
	at java.util.concurrent.ThreadPoolExecutor$Worker.run(Unknown Source)
	at java.lang.Thread.run(Unknown Source)
... Removed 15 stack frames</pre></div><a href='#' onClick='toggleBox("stack-trace2062151166", this, "Click to show all stack frames", "Click to hide stack frames")'>Click to show all stack frames</a>
<div class='stack-trace' id='stack-trace2062151166'><pre>org.openqa.selenium.WebDriverException: unknown error: unexpected command response
  (Session info: chrome=103.0.5060.114)
Build info: version: &apos;4.3.0&apos;, revision: &apos;a4995e2c09*&apos;
System info: host: &apos;AMX-RL-20-348-W&apos;, ip: &apos;10.10.7.69&apos;, os.name: &apos;Windows 10&apos;, os.arch: &apos;amd64&apos;, os.version: &apos;10.0&apos;, java.version: &apos;1.8.0_181&apos;
Driver info: org.openqa.selenium.chrome.ChromeDriver
Command: [427f0d2ec620e1765013ca1a5b19e739, clickElement {id=145efd57-2af2-430a-be71-5d84f53390b4}]
Capabilities {acceptInsecureCerts: false, browserName: chrome, browserVersion: 103.0.5060.114, chrome: {chromedriverVersion: 103.0.5060.53 (a1711811edd7..., userDataDir: C:\Users\VENKAT~1.T\AppData...}, goog:chromeOptions: {debuggerAddress: localhost:51002}, networkConnectionEnabled: false, pageLoadStrategy: normal, platformName: WINDOWS, proxy: Proxy(), se:cdp: ws://localhost:51002/devtoo..., se:cdpVersion: 103.0.5060.114, setWindowRect: true, strictFileInteractability: false, timeouts: {implicit: 0, pageLoad: 300000, script: 30000}, unhandledPromptBehavior: dismiss and notify, webauthn:extension:credBlob: true, webauthn:extension:largeBlob: true, webauthn:virtualAuthenticators: true}
Element: [[ChromeDriver: chrome on WINDOWS (427f0d2ec620e1765013ca1a5b19e739)] -&gt; xpath: //button[@id=&apos;edit-next&apos;]]
Session ID: 427f0d2ec620e1765013ca1a5b19e739
	at sun.reflect.GeneratedConstructorAccessor98.newInstance(Unknown Source)
	at sun.reflect.DelegatingConstructorAccessorImpl.newInstance(Unknown Source)
	at java.lang.reflect.Constructor.newInstance(Unknown Source)
	at org.openqa.selenium.remote.codec.w3c.W3CHttpResponseCodec.createException(W3CHttpResponseCodec.java:200)
	at org.openqa.selenium.remote.codec.w3c.W3CHttpResponseCodec.decode(W3CHttpResponseCodec.java:133)
	at org.openqa.selenium.remote.codec.w3c.W3CHttpResponseCodec.decode(W3CHttpResponseCodec.java:53)
	at org.openqa.selenium.remote.HttpCommandExecutor.execute(HttpCommandExecutor.java:184)
	at org.openqa.selenium.remote.service.DriverCommandExecutor.invokeExecute(DriverCommandExecutor.java:167)
	at org.openqa.selenium.remote.service.DriverCommandExecutor.execute(DriverCommandExecutor.java:142)
	at org.openqa.selenium.remote.RemoteWebDriver.execute(RemoteWebDriver.java:569)
	at org.openqa.selenium.remote.RemoteWebElement.execute(RemoteWebElement.java:257)
	at org.openqa.selenium.remote.RemoteWebElement.click(RemoteWebElement.java:78)
	at icivics_pages.StudentRegistration2classcode.verifyregistrationwithvaliddata(StudentRegistration2classcode.java:74)
	at icivics_testcases.I22_StudentRegistration2classcode_Test.C412_verifytermsofuseandprivacycheckbox(I22_StudentRegistration2classcode_Test.java:134)
	at sun.reflect.NativeMethodAccessorImpl.invoke0(Native Method)
	at sun.reflect.NativeMethodAccessorImpl.invoke(Unknown Source)
	at sun.reflect.DelegatingMethodAccessorImpl.invoke(Unknown Source)
	at java.lang.reflect.Method.invoke(Unknown Source)
	at org.testng.internal.MethodInvocationHelper.invokeMethod(MethodInvocationHelper.java:133)
	at org.testng.internal.TestInvoker.invokeMethod(TestInvoker.java:598)
	at org.testng.internal.TestInvoker.invokeTestMethod(TestInvoker.java:173)
	at org.testng.internal.MethodRunner.runInSequence(MethodRunner.java:46)
	at org.testng.internal.TestInvoker$MethodInvocationAgent.invoke(TestInvoker.java:824)
	at org.testng.internal.TestInvoker.invokeTestMethods(TestInvoker.java:146)
	at org.testng.internal.TestMethodWorker.invokeTestMethods(TestMethodWorker.java:146)
	at org.testng.internal.TestMethodWorker.run(TestMethodWorker.java:128)
	at java.util.concurrent.ThreadPoolExecutor.runWorker(Unknown Source)
	at java.util.concurrent.ThreadPoolExecutor$Worker.run(Unknown Source)
	at java.lang.Thread.run(Unknown Source)
</pre></div></td>
<td>8</td>
<td>icivics_testcases.I22_StudentRegistration2classcode_Test@6b1274d2</td></tr>
<tr>
<td title='icivics_testcases.I23_StudentRegistration2Email_Test.C398_verifypagecount2()'><b>C398_verifypagecount2</b><br>Test class: icivics_testcases.I23_StudentRegistration2Email_Test<br>Parameters: https://staging.d9.icivics.org/user/register?role=student&email=1</td>
<td><div><pre>org.openqa.selenium.WebDriverException: unknown error: cannot determine loading status
from unknown error: unexpected command response
  (Session info: chrome=103.0.5060.114)
Build info: version: &apos;4.3.0&apos;, revision: &apos;a4995e2c09*&apos;
System info: host: &apos;AMX-RL-20-348-W&apos;, ip: &apos;10.10.7.69&apos;, os.name: &apos;Windows 10&apos;, os.arch: &apos;amd64&apos;, os.version: &apos;10.0&apos;, java.version: &apos;1.8.0_181&apos;
Driver info: org.openqa.selenium.chrome.ChromeDriver
Command: [2c5023f661ca365df3fca135922f3fbb, clickElement {id=b340f5a4-9093-414e-b43b-f77a8e83449c}]
Capabilities {acceptInsecureCerts: false, browserName: chrome, browserVersion: 103.0.5060.114, chrome: {chromedriverVersion: 103.0.5060.53 (a1711811edd7..., userDataDir: C:\Users\VENKAT~1.T\AppData...}, goog:chromeOptions: {debuggerAddress: localhost:50275}, networkConnectionEnabled: false, pageLoadStrategy: normal, platformName: WINDOWS, proxy: Proxy(), se:cdp: ws://localhost:50275/devtoo..., se:cdpVersion: 103.0.5060.114, setWindowRect: true, strictFileInteractability: false, timeouts: {implicit: 0, pageLoad: 300000, script: 30000}, unhandledPromptBehavior: dismiss and notify, webauthn:extension:credBlob: true, webauthn:extension:largeBlob: true, webauthn:virtualAuthenticators: true}
Element: [[ChromeDriver: chrome on WINDOWS (2c5023f661ca365df3fca135922f3fbb)] -&gt; xpath: //button[@id=&apos;edit-next&apos;]]
Session ID: 2c5023f661ca365df3fca135922f3fbb
	at org.openqa.selenium.remote.codec.w3c.W3CHttpResponseCodec.createException(W3CHttpResponseCodec.java:200)
	at org.openqa.selenium.remote.codec.w3c.W3CHttpResponseCodec.decode(W3CHttpResponseCodec.java:133)
	at org.openqa.selenium.remote.codec.w3c.W3CHttpResponseCodec.decode(W3CHttpResponseCodec.java:53)
	at org.openqa.selenium.remote.HttpCommandExecutor.execute(HttpCommandExecutor.java:184)
	at org.openqa.selenium.remote.service.DriverCommandExecutor.invokeExecute(DriverCommandExecutor.java:167)
	at org.openqa.selenium.remote.service.DriverCommandExecutor.execute(DriverCommandExecutor.java:142)
	at org.openqa.selenium.remote.RemoteWebDriver.execute(RemoteWebDriver.java:569)
	at org.openqa.selenium.remote.RemoteWebElement.execute(RemoteWebElement.java:257)
	at org.openqa.selenium.remote.RemoteWebElement.click(RemoteWebElement.java:78)
	at icivics_pages.StudentRegistration2Email.verifywithvaliddata(StudentRegistration2Email.java:86)
	at icivics_testcases.I23_StudentRegistration2Email_Test.C398_verifypagecount2(I23_StudentRegistration2Email_Test.java:27)
	at java.util.concurrent.ThreadPoolExecutor.runWorker(Unknown Source)
	at java.util.concurrent.ThreadPoolExecutor$Worker.run(Unknown Source)
	at java.lang.Thread.run(Unknown Source)
... Removed 15 stack frames</pre></div><a href='#' onClick='toggleBox("stack-trace167591172", this, "Click to show all stack frames", "Click to hide stack frames")'>Click to show all stack frames</a>
<div class='stack-trace' id='stack-trace167591172'><pre>org.openqa.selenium.WebDriverException: unknown error: cannot determine loading status
from unknown error: unexpected command response
  (Session info: chrome=103.0.5060.114)
Build info: version: &apos;4.3.0&apos;, revision: &apos;a4995e2c09*&apos;
System info: host: &apos;AMX-RL-20-348-W&apos;, ip: &apos;10.10.7.69&apos;, os.name: &apos;Windows 10&apos;, os.arch: &apos;amd64&apos;, os.version: &apos;10.0&apos;, java.version: &apos;1.8.0_181&apos;
Driver info: org.openqa.selenium.chrome.ChromeDriver
Command: [2c5023f661ca365df3fca135922f3fbb, clickElement {id=b340f5a4-9093-414e-b43b-f77a8e83449c}]
Capabilities {acceptInsecureCerts: false, browserName: chrome, browserVersion: 103.0.5060.114, chrome: {chromedriverVersion: 103.0.5060.53 (a1711811edd7..., userDataDir: C:\Users\VENKAT~1.T\AppData...}, goog:chromeOptions: {debuggerAddress: localhost:50275}, networkConnectionEnabled: false, pageLoadStrategy: normal, platformName: WINDOWS, proxy: Proxy(), se:cdp: ws://localhost:50275/devtoo..., se:cdpVersion: 103.0.5060.114, setWindowRect: true, strictFileInteractability: false, timeouts: {implicit: 0, pageLoad: 300000, script: 30000}, unhandledPromptBehavior: dismiss and notify, webauthn:extension:credBlob: true, webauthn:extension:largeBlob: true, webauthn:virtualAuthenticators: true}
Element: [[ChromeDriver: chrome on WINDOWS (2c5023f661ca365df3fca135922f3fbb)] -&gt; xpath: //button[@id=&apos;edit-next&apos;]]
Session ID: 2c5023f661ca365df3fca135922f3fbb
	at sun.reflect.GeneratedConstructorAccessor98.newInstance(Unknown Source)
	at sun.reflect.DelegatingConstructorAccessorImpl.newInstance(Unknown Source)
	at java.lang.reflect.Constructor.newInstance(Unknown Source)
	at org.openqa.selenium.remote.codec.w3c.W3CHttpResponseCodec.createException(W3CHttpResponseCodec.java:200)
	at org.openqa.selenium.remote.codec.w3c.W3CHttpResponseCodec.decode(W3CHttpResponseCodec.java:133)
	at org.openqa.selenium.remote.codec.w3c.W3CHttpResponseCodec.decode(W3CHttpResponseCodec.java:53)
	at org.openqa.selenium.remote.HttpCommandExecutor.execute(HttpCommandExecutor.java:184)
	at org.openqa.selenium.remote.service.DriverCommandExecutor.invokeExecute(DriverCommandExecutor.java:167)
	at org.openqa.selenium.remote.service.DriverCommandExecutor.execute(DriverCommandExecutor.java:142)
	at org.openqa.selenium.remote.RemoteWebDriver.execute(RemoteWebDriver.java:569)
	at org.openqa.selenium.remote.RemoteWebElement.execute(RemoteWebElement.java:257)
	at org.openqa.selenium.remote.RemoteWebElement.click(RemoteWebElement.java:78)
	at icivics_pages.StudentRegistration2Email.verifywithvaliddata(StudentRegistration2Email.java:86)
	at icivics_testcases.I23_StudentRegistration2Email_Test.C398_verifypagecount2(I23_StudentRegistration2Email_Test.java:27)
	at sun.reflect.NativeMethodAccessorImpl.invoke0(Native Method)
	at sun.reflect.NativeMethodAccessorImpl.invoke(Unknown Source)
	at sun.reflect.DelegatingMethodAccessorImpl.invoke(Unknown Source)
	at java.lang.reflect.Method.invoke(Unknown Source)
	at org.testng.internal.MethodInvocationHelper.invokeMethod(MethodInvocationHelper.java:133)
	at org.testng.internal.TestInvoker.invokeMethod(TestInvoker.java:598)
	at org.testng.internal.TestInvoker.retryFailed(TestInvoker.java:213)
	at org.testng.internal.MethodRunner.runInSequence(MethodRunner.java:58)
	at org.testng.internal.TestInvoker$MethodInvocationAgent.invoke(TestInvoker.java:824)
	at org.testng.internal.TestInvoker.invokeTestMethods(TestInvoker.java:146)
	at org.testng.internal.TestMethodWorker.invokeTestMethods(TestMethodWorker.java:146)
	at org.testng.internal.TestMethodWorker.run(TestMethodWorker.java:128)
	at java.util.concurrent.ThreadPoolExecutor.runWorker(Unknown Source)
	at java.util.concurrent.ThreadPoolExecutor$Worker.run(Unknown Source)
	at java.lang.Thread.run(Unknown Source)
</pre></div></td>
<td>7</td>
<td>icivics_testcases.I23_StudentRegistration2Email_Test@7bc1a03d</td></tr>
<tr>
<td title='icivics_testcases.I12_EducatorRegistration2_Test.C345_verifyblankerrormsg()'><b>C345_verifyblankerrormsg</b><br>Test class: icivics_testcases.I12_EducatorRegistration2_Test<br>Parameters: https://staging.d9.icivics.org/user/register?role=teacher</td>
<td><div><pre>org.openqa.selenium.WebDriverException: unknown error: unexpected command response
  (Session info: chrome=103.0.5060.114)
Build info: version: &apos;4.3.0&apos;, revision: &apos;a4995e2c09*&apos;
System info: host: &apos;AMX-RL-20-348-W&apos;, ip: &apos;10.10.7.69&apos;, os.name: &apos;Windows 10&apos;, os.arch: &apos;amd64&apos;, os.version: &apos;10.0&apos;, java.version: &apos;1.8.0_181&apos;
Driver info: org.openqa.selenium.chrome.ChromeDriver
Command: [697a3361126b98fc12ff42177357951c, clickElement {id=6486cf08-3ace-48d2-9080-698520dbf751}]
Capabilities {acceptInsecureCerts: false, browserName: chrome, browserVersion: 103.0.5060.114, chrome: {chromedriverVersion: 103.0.5060.53 (a1711811edd7..., userDataDir: C:\Users\VENKAT~1.T\AppData...}, goog:chromeOptions: {debuggerAddress: localhost:64598}, networkConnectionEnabled: false, pageLoadStrategy: normal, platformName: WINDOWS, proxy: Proxy(), se:cdp: ws://localhost:64598/devtoo..., se:cdpVersion: 103.0.5060.114, setWindowRect: true, strictFileInteractability: false, timeouts: {implicit: 0, pageLoad: 300000, script: 30000}, unhandledPromptBehavior: dismiss and notify, webauthn:extension:credBlob: true, webauthn:extension:largeBlob: true, webauthn:virtualAuthenticators: true}
Element: [[ChromeDriver: chrome on WINDOWS (697a3361126b98fc12ff42177357951c)] -&gt; xpath: //button[@id=&apos;edit-next&apos;]]
Session ID: 697a3361126b98fc12ff42177357951c
	at org.openqa.selenium.remote.codec.w3c.W3CHttpResponseCodec.createException(W3CHttpResponseCodec.java:200)
	at org.openqa.selenium.remote.codec.w3c.W3CHttpResponseCodec.decode(W3CHttpResponseCodec.java:133)
	at org.openqa.selenium.remote.codec.w3c.W3CHttpResponseCodec.decode(W3CHttpResponseCodec.java:53)
	at org.openqa.selenium.remote.HttpCommandExecutor.execute(HttpCommandExecutor.java:184)
	at org.openqa.selenium.remote.service.DriverCommandExecutor.invokeExecute(DriverCommandExecutor.java:167)
	at org.openqa.selenium.remote.service.DriverCommandExecutor.execute(DriverCommandExecutor.java:142)
	at org.openqa.selenium.remote.RemoteWebDriver.execute(RemoteWebDriver.java:569)
	at org.openqa.selenium.remote.RemoteWebElement.execute(RemoteWebElement.java:257)
	at org.openqa.selenium.remote.RemoteWebElement.click(RemoteWebElement.java:78)
	at icivics_pages.EducatorRegistration2.verifywithvaliddata(EducatorRegistration2.java:67)
	at icivics_testcases.I12_EducatorRegistration2_Test.C345_verifyblankerrormsg(I12_EducatorRegistration2_Test.java:112)
	at java.util.concurrent.ThreadPoolExecutor.runWorker(Unknown Source)
	at java.util.concurrent.ThreadPoolExecutor$Worker.run(Unknown Source)
	at java.lang.Thread.run(Unknown Source)
... Removed 16 stack frames</pre></div><a href='#' onClick='toggleBox("stack-trace742998387", this, "Click to show all stack frames", "Click to hide stack frames")'>Click to show all stack frames</a>
<div class='stack-trace' id='stack-trace742998387'><pre>org.openqa.selenium.WebDriverException: unknown error: unexpected command response
  (Session info: chrome=103.0.5060.114)
Build info: version: &apos;4.3.0&apos;, revision: &apos;a4995e2c09*&apos;
System info: host: &apos;AMX-RL-20-348-W&apos;, ip: &apos;10.10.7.69&apos;, os.name: &apos;Windows 10&apos;, os.arch: &apos;amd64&apos;, os.version: &apos;10.0&apos;, java.version: &apos;1.8.0_181&apos;
Driver info: org.openqa.selenium.chrome.ChromeDriver
Command: [697a3361126b98fc12ff42177357951c, clickElement {id=6486cf08-3ace-48d2-9080-698520dbf751}]
Capabilities {acceptInsecureCerts: false, browserName: chrome, browserVersion: 103.0.5060.114, chrome: {chromedriverVersion: 103.0.5060.53 (a1711811edd7..., userDataDir: C:\Users\VENKAT~1.T\AppData...}, goog:chromeOptions: {debuggerAddress: localhost:64598}, networkConnectionEnabled: false, pageLoadStrategy: normal, platformName: WINDOWS, proxy: Proxy(), se:cdp: ws://localhost:64598/devtoo..., se:cdpVersion: 103.0.5060.114, setWindowRect: true, strictFileInteractability: false, timeouts: {implicit: 0, pageLoad: 300000, script: 30000}, unhandledPromptBehavior: dismiss and notify, webauthn:extension:credBlob: true, webauthn:extension:largeBlob: true, webauthn:virtualAuthenticators: true}
Element: [[ChromeDriver: chrome on WINDOWS (697a3361126b98fc12ff42177357951c)] -&gt; xpath: //button[@id=&apos;edit-next&apos;]]
Session ID: 697a3361126b98fc12ff42177357951c
	at sun.reflect.NativeConstructorAccessorImpl.newInstance0(Native Method)
	at sun.reflect.NativeConstructorAccessorImpl.newInstance(Unknown Source)
	at sun.reflect.DelegatingConstructorAccessorImpl.newInstance(Unknown Source)
	at java.lang.reflect.Constructor.newInstance(Unknown Source)
	at org.openqa.selenium.remote.codec.w3c.W3CHttpResponseCodec.createException(W3CHttpResponseCodec.java:200)
	at org.openqa.selenium.remote.codec.w3c.W3CHttpResponseCodec.decode(W3CHttpResponseCodec.java:133)
	at org.openqa.selenium.remote.codec.w3c.W3CHttpResponseCodec.decode(W3CHttpResponseCodec.java:53)
	at org.openqa.selenium.remote.HttpCommandExecutor.execute(HttpCommandExecutor.java:184)
	at org.openqa.selenium.remote.service.DriverCommandExecutor.invokeExecute(DriverCommandExecutor.java:167)
	at org.openqa.selenium.remote.service.DriverCommandExecutor.execute(DriverCommandExecutor.java:142)
	at org.openqa.selenium.remote.RemoteWebDriver.execute(RemoteWebDriver.java:569)
	at org.openqa.selenium.remote.RemoteWebElement.execute(RemoteWebElement.java:257)
	at org.openqa.selenium.remote.RemoteWebElement.click(RemoteWebElement.java:78)
	at icivics_pages.EducatorRegistration2.verifywithvaliddata(EducatorRegistration2.java:67)
	at icivics_testcases.I12_EducatorRegistration2_Test.C345_verifyblankerrormsg(I12_EducatorRegistration2_Test.java:112)
	at sun.reflect.NativeMethodAccessorImpl.invoke0(Native Method)
	at sun.reflect.NativeMethodAccessorImpl.invoke(Unknown Source)
	at sun.reflect.DelegatingMethodAccessorImpl.invoke(Unknown Source)
	at java.lang.reflect.Method.invoke(Unknown Source)
	at org.testng.internal.MethodInvocationHelper.invokeMethod(MethodInvocationHelper.java:133)
	at org.testng.internal.TestInvoker.invokeMethod(TestInvoker.java:598)
	at org.testng.internal.TestInvoker.invokeTestMethod(TestInvoker.java:173)
	at org.testng.internal.MethodRunner.runInSequence(MethodRunner.java:46)
	at org.testng.internal.TestInvoker$MethodInvocationAgent.invoke(TestInvoker.java:824)
	at org.testng.internal.TestInvoker.invokeTestMethods(TestInvoker.java:146)
	at org.testng.internal.TestMethodWorker.invokeTestMethods(TestMethodWorker.java:146)
	at org.testng.internal.TestMethodWorker.run(TestMethodWorker.java:128)
	at java.util.concurrent.ThreadPoolExecutor.runWorker(Unknown Source)
	at java.util.concurrent.ThreadPoolExecutor$Worker.run(Unknown Source)
	at java.lang.Thread.run(Unknown Source)
</pre></div></td>
<td>6</td>
<td>icivics_testcases.I12_EducatorRegistration2_Test@221af3c0</td></tr>
<tr>
<td title='icivics_testcases.I23_StudentRegistration2Email_Test.C414_verifypage3loaded()'><b>C414_verifypage3loaded</b><br>Test class: icivics_testcases.I23_StudentRegistration2Email_Test<br>Parameters: https://staging.d9.icivics.org/user/register?role=student&email=1</td>
<td><div><pre>org.openqa.selenium.WebDriverException: unknown error: cannot determine loading status
from unknown error: unexpected command response
  (Session info: chrome=103.0.5060.114)
Build info: version: &apos;4.3.0&apos;, revision: &apos;a4995e2c09*&apos;
System info: host: &apos;AMX-RL-20-348-W&apos;, ip: &apos;10.10.7.69&apos;, os.name: &apos;Windows 10&apos;, os.arch: &apos;amd64&apos;, os.version: &apos;10.0&apos;, java.version: &apos;1.8.0_181&apos;
Driver info: org.openqa.selenium.chrome.ChromeDriver
Command: [8d25fe9f313fc4b6834fb705f05e83d0, clickElement {id=457546f3-9609-420d-a509-3383bde1edcc}]
Capabilities {acceptInsecureCerts: false, browserName: chrome, browserVersion: 103.0.5060.114, chrome: {chromedriverVersion: 103.0.5060.53 (a1711811edd7..., userDataDir: C:\Users\VENKAT~1.T\AppData...}, goog:chromeOptions: {debuggerAddress: localhost:52395}, networkConnectionEnabled: false, pageLoadStrategy: normal, platformName: WINDOWS, proxy: Proxy(), se:cdp: ws://localhost:52395/devtoo..., se:cdpVersion: 103.0.5060.114, setWindowRect: true, strictFileInteractability: false, timeouts: {implicit: 0, pageLoad: 300000, script: 30000}, unhandledPromptBehavior: dismiss and notify, webauthn:extension:credBlob: true, webauthn:extension:largeBlob: true, webauthn:virtualAuthenticators: true}
Element: [[ChromeDriver: chrome on WINDOWS (8d25fe9f313fc4b6834fb705f05e83d0)] -&gt; xpath: //button[@id=&apos;edit-next&apos;]]
Session ID: 8d25fe9f313fc4b6834fb705f05e83d0
	at org.openqa.selenium.remote.codec.w3c.W3CHttpResponseCodec.createException(W3CHttpResponseCodec.java:200)
	at org.openqa.selenium.remote.codec.w3c.W3CHttpResponseCodec.decode(W3CHttpResponseCodec.java:133)
	at org.openqa.selenium.remote.codec.w3c.W3CHttpResponseCodec.decode(W3CHttpResponseCodec.java:53)
	at org.openqa.selenium.remote.HttpCommandExecutor.execute(HttpCommandExecutor.java:184)
	at org.openqa.selenium.remote.service.DriverCommandExecutor.invokeExecute(DriverCommandExecutor.java:167)
	at org.openqa.selenium.remote.service.DriverCommandExecutor.execute(DriverCommandExecutor.java:142)
	at org.openqa.selenium.remote.RemoteWebDriver.execute(RemoteWebDriver.java:569)
	at org.openqa.selenium.remote.RemoteWebElement.execute(RemoteWebElement.java:257)
	at org.openqa.selenium.remote.RemoteWebElement.click(RemoteWebElement.java:78)
	at icivics_pages.StudentRegistration2Email.verifywithvaliddata(StudentRegistration2Email.java:86)
	at icivics_testcases.I23_StudentRegistration2Email_Test.C414_verifypage3loaded(I23_StudentRegistration2Email_Test.java:156)
	at java.util.concurrent.ThreadPoolExecutor.runWorker(Unknown Source)
	at java.util.concurrent.ThreadPoolExecutor$Worker.run(Unknown Source)
	at java.lang.Thread.run(Unknown Source)
... Removed 15 stack frames</pre></div><a href='#' onClick='toggleBox("stack-trace997583535", this, "Click to show all stack frames", "Click to hide stack frames")'>Click to show all stack frames</a>
<div class='stack-trace' id='stack-trace997583535'><pre>org.openqa.selenium.WebDriverException: unknown error: cannot determine loading status
from unknown error: unexpected command response
  (Session info: chrome=103.0.5060.114)
Build info: version: &apos;4.3.0&apos;, revision: &apos;a4995e2c09*&apos;
System info: host: &apos;AMX-RL-20-348-W&apos;, ip: &apos;10.10.7.69&apos;, os.name: &apos;Windows 10&apos;, os.arch: &apos;amd64&apos;, os.version: &apos;10.0&apos;, java.version: &apos;1.8.0_181&apos;
Driver info: org.openqa.selenium.chrome.ChromeDriver
Command: [8d25fe9f313fc4b6834fb705f05e83d0, clickElement {id=457546f3-9609-420d-a509-3383bde1edcc}]
Capabilities {acceptInsecureCerts: false, browserName: chrome, browserVersion: 103.0.5060.114, chrome: {chromedriverVersion: 103.0.5060.53 (a1711811edd7..., userDataDir: C:\Users\VENKAT~1.T\AppData...}, goog:chromeOptions: {debuggerAddress: localhost:52395}, networkConnectionEnabled: false, pageLoadStrategy: normal, platformName: WINDOWS, proxy: Proxy(), se:cdp: ws://localhost:52395/devtoo..., se:cdpVersion: 103.0.5060.114, setWindowRect: true, strictFileInteractability: false, timeouts: {implicit: 0, pageLoad: 300000, script: 30000}, unhandledPromptBehavior: dismiss and notify, webauthn:extension:credBlob: true, webauthn:extension:largeBlob: true, webauthn:virtualAuthenticators: true}
Element: [[ChromeDriver: chrome on WINDOWS (8d25fe9f313fc4b6834fb705f05e83d0)] -&gt; xpath: //button[@id=&apos;edit-next&apos;]]
Session ID: 8d25fe9f313fc4b6834fb705f05e83d0
	at sun.reflect.GeneratedConstructorAccessor98.newInstance(Unknown Source)
	at sun.reflect.DelegatingConstructorAccessorImpl.newInstance(Unknown Source)
	at java.lang.reflect.Constructor.newInstance(Unknown Source)
	at org.openqa.selenium.remote.codec.w3c.W3CHttpResponseCodec.createException(W3CHttpResponseCodec.java:200)
	at org.openqa.selenium.remote.codec.w3c.W3CHttpResponseCodec.decode(W3CHttpResponseCodec.java:133)
	at org.openqa.selenium.remote.codec.w3c.W3CHttpResponseCodec.decode(W3CHttpResponseCodec.java:53)
	at org.openqa.selenium.remote.HttpCommandExecutor.execute(HttpCommandExecutor.java:184)
	at org.openqa.selenium.remote.service.DriverCommandExecutor.invokeExecute(DriverCommandExecutor.java:167)
	at org.openqa.selenium.remote.service.DriverCommandExecutor.execute(DriverCommandExecutor.java:142)
	at org.openqa.selenium.remote.RemoteWebDriver.execute(RemoteWebDriver.java:569)
	at org.openqa.selenium.remote.RemoteWebElement.execute(RemoteWebElement.java:257)
	at org.openqa.selenium.remote.RemoteWebElement.click(RemoteWebElement.java:78)
	at icivics_pages.StudentRegistration2Email.verifywithvaliddata(StudentRegistration2Email.java:86)
	at icivics_testcases.I23_StudentRegistration2Email_Test.C414_verifypage3loaded(I23_StudentRegistration2Email_Test.java:156)
	at sun.reflect.NativeMethodAccessorImpl.invoke0(Native Method)
	at sun.reflect.NativeMethodAccessorImpl.invoke(Unknown Source)
	at sun.reflect.DelegatingMethodAccessorImpl.invoke(Unknown Source)
	at java.lang.reflect.Method.invoke(Unknown Source)
	at org.testng.internal.MethodInvocationHelper.invokeMethod(MethodInvocationHelper.java:133)
	at org.testng.internal.TestInvoker.invokeMethod(TestInvoker.java:598)
	at org.testng.internal.TestInvoker.invokeTestMethod(TestInvoker.java:173)
	at org.testng.internal.MethodRunner.runInSequence(MethodRunner.java:46)
	at org.testng.internal.TestInvoker$MethodInvocationAgent.invoke(TestInvoker.java:824)
	at org.testng.internal.TestInvoker.invokeTestMethods(TestInvoker.java:146)
	at org.testng.internal.TestMethodWorker.invokeTestMethods(TestMethodWorker.java:146)
	at org.testng.internal.TestMethodWorker.run(TestMethodWorker.java:128)
	at java.util.concurrent.ThreadPoolExecutor.runWorker(Unknown Source)
	at java.util.concurrent.ThreadPoolExecutor$Worker.run(Unknown Source)
	at java.lang.Thread.run(Unknown Source)
</pre></div></td>
<td>9</td>
<td>icivics_testcases.I23_StudentRegistration2Email_Test@7bc1a03d</td></tr>
<tr>
<td title='icivics_testcases.I20_StudentRegistration1classcode_Test.C430_verifyregistrationwithvaliddata()'><b>C430_verifyregistrationwithvaliddata</b><br>Test class: icivics_testcases.I20_StudentRegistration1classcode_Test<br>Parameters: https://staging.d9.icivics.org/user/register?role=student</td>
<td><div><pre>org.openqa.selenium.WebDriverException: unknown error: cannot determine loading status
from unknown error: unexpected command response
  (Session info: chrome=103.0.5060.114)
Build info: version: &apos;4.3.0&apos;, revision: &apos;a4995e2c09*&apos;
System info: host: &apos;AMX-RL-20-348-W&apos;, ip: &apos;10.10.7.69&apos;, os.name: &apos;Windows 10&apos;, os.arch: &apos;amd64&apos;, os.version: &apos;10.0&apos;, java.version: &apos;1.8.0_181&apos;
Driver info: org.openqa.selenium.chrome.ChromeDriver
Command: [faaed719620002b4ba0e9021259ffcf9, clickElement {id=4b4d5197-1222-43c7-a1a8-0744fc2cf61c}]
Capabilities {acceptInsecureCerts: false, browserName: chrome, browserVersion: 103.0.5060.114, chrome: {chromedriverVersion: 103.0.5060.53 (a1711811edd7..., userDataDir: C:\Users\VENKAT~1.T\AppData...}, goog:chromeOptions: {debuggerAddress: localhost:52028}, networkConnectionEnabled: false, pageLoadStrategy: normal, platformName: WINDOWS, proxy: Proxy(), se:cdp: ws://localhost:52028/devtoo..., se:cdpVersion: 103.0.5060.114, setWindowRect: true, strictFileInteractability: false, timeouts: {implicit: 0, pageLoad: 300000, script: 30000}, unhandledPromptBehavior: dismiss and notify, webauthn:extension:credBlob: true, webauthn:extension:largeBlob: true, webauthn:virtualAuthenticators: true}
Element: [[ChromeDriver: chrome on WINDOWS (faaed719620002b4ba0e9021259ffcf9)] -&gt; xpath: //span[@class=&apos;switch-register-type-link&apos;]/a]
Session ID: faaed719620002b4ba0e9021259ffcf9
	at org.openqa.selenium.remote.codec.w3c.W3CHttpResponseCodec.createException(W3CHttpResponseCodec.java:200)
	at org.openqa.selenium.remote.codec.w3c.W3CHttpResponseCodec.decode(W3CHttpResponseCodec.java:133)
	at org.openqa.selenium.remote.codec.w3c.W3CHttpResponseCodec.decode(W3CHttpResponseCodec.java:53)
	at org.openqa.selenium.remote.HttpCommandExecutor.execute(HttpCommandExecutor.java:184)
	at org.openqa.selenium.remote.service.DriverCommandExecutor.invokeExecute(DriverCommandExecutor.java:167)
	at org.openqa.selenium.remote.service.DriverCommandExecutor.execute(DriverCommandExecutor.java:142)
	at org.openqa.selenium.remote.RemoteWebDriver.execute(RemoteWebDriver.java:569)
	at org.openqa.selenium.remote.RemoteWebElement.execute(RemoteWebElement.java:257)
	at org.openqa.selenium.remote.RemoteWebElement.click(RemoteWebElement.java:78)
	at icivics_pages.StudentRegistration1classcode.clickOptionallink(StudentRegistration1classcode.java:51)
	at icivics_testcases.I20_StudentRegistration1classcode_Test.C430_verifyregistrationwithvaliddata(I20_StudentRegistration1classcode_Test.java:77)
	at java.util.concurrent.ThreadPoolExecutor.runWorker(Unknown Source)
	at java.util.concurrent.ThreadPoolExecutor$Worker.run(Unknown Source)
	at java.lang.Thread.run(Unknown Source)
... Removed 15 stack frames</pre></div><a href='#' onClick='toggleBox("stack-trace1515104370", this, "Click to show all stack frames", "Click to hide stack frames")'>Click to show all stack frames</a>
<div class='stack-trace' id='stack-trace1515104370'><pre>org.openqa.selenium.WebDriverException: unknown error: cannot determine loading status
from unknown error: unexpected command response
  (Session info: chrome=103.0.5060.114)
Build info: version: &apos;4.3.0&apos;, revision: &apos;a4995e2c09*&apos;
System info: host: &apos;AMX-RL-20-348-W&apos;, ip: &apos;10.10.7.69&apos;, os.name: &apos;Windows 10&apos;, os.arch: &apos;amd64&apos;, os.version: &apos;10.0&apos;, java.version: &apos;1.8.0_181&apos;
Driver info: org.openqa.selenium.chrome.ChromeDriver
Command: [faaed719620002b4ba0e9021259ffcf9, clickElement {id=4b4d5197-1222-43c7-a1a8-0744fc2cf61c}]
Capabilities {acceptInsecureCerts: false, browserName: chrome, browserVersion: 103.0.5060.114, chrome: {chromedriverVersion: 103.0.5060.53 (a1711811edd7..., userDataDir: C:\Users\VENKAT~1.T\AppData...}, goog:chromeOptions: {debuggerAddress: localhost:52028}, networkConnectionEnabled: false, pageLoadStrategy: normal, platformName: WINDOWS, proxy: Proxy(), se:cdp: ws://localhost:52028/devtoo..., se:cdpVersion: 103.0.5060.114, setWindowRect: true, strictFileInteractability: false, timeouts: {implicit: 0, pageLoad: 300000, script: 30000}, unhandledPromptBehavior: dismiss and notify, webauthn:extension:credBlob: true, webauthn:extension:largeBlob: true, webauthn:virtualAuthenticators: true}
Element: [[ChromeDriver: chrome on WINDOWS (faaed719620002b4ba0e9021259ffcf9)] -&gt; xpath: //span[@class=&apos;switch-register-type-link&apos;]/a]
Session ID: faaed719620002b4ba0e9021259ffcf9
	at sun.reflect.GeneratedConstructorAccessor98.newInstance(Unknown Source)
	at sun.reflect.DelegatingConstructorAccessorImpl.newInstance(Unknown Source)
	at java.lang.reflect.Constructor.newInstance(Unknown Source)
	at org.openqa.selenium.remote.codec.w3c.W3CHttpResponseCodec.createException(W3CHttpResponseCodec.java:200)
	at org.openqa.selenium.remote.codec.w3c.W3CHttpResponseCodec.decode(W3CHttpResponseCodec.java:133)
	at org.openqa.selenium.remote.codec.w3c.W3CHttpResponseCodec.decode(W3CHttpResponseCodec.java:53)
	at org.openqa.selenium.remote.HttpCommandExecutor.execute(HttpCommandExecutor.java:184)
	at org.openqa.selenium.remote.service.DriverCommandExecutor.invokeExecute(DriverCommandExecutor.java:167)
	at org.openqa.selenium.remote.service.DriverCommandExecutor.execute(DriverCommandExecutor.java:142)
	at org.openqa.selenium.remote.RemoteWebDriver.execute(RemoteWebDriver.java:569)
	at org.openqa.selenium.remote.RemoteWebElement.execute(RemoteWebElement.java:257)
	at org.openqa.selenium.remote.RemoteWebElement.click(RemoteWebElement.java:78)
	at icivics_pages.StudentRegistration1classcode.clickOptionallink(StudentRegistration1classcode.java:51)
	at icivics_testcases.I20_StudentRegistration1classcode_Test.C430_verifyregistrationwithvaliddata(I20_StudentRegistration1classcode_Test.java:77)
	at sun.reflect.NativeMethodAccessorImpl.invoke0(Native Method)
	at sun.reflect.NativeMethodAccessorImpl.invoke(Unknown Source)
	at sun.reflect.DelegatingMethodAccessorImpl.invoke(Unknown Source)
	at java.lang.reflect.Method.invoke(Unknown Source)
	at org.testng.internal.MethodInvocationHelper.invokeMethod(MethodInvocationHelper.java:133)
	at org.testng.internal.TestInvoker.invokeMethod(TestInvoker.java:598)
	at org.testng.internal.TestInvoker.retryFailed(TestInvoker.java:213)
	at org.testng.internal.MethodRunner.runInSequence(MethodRunner.java:58)
	at org.testng.internal.TestInvoker$MethodInvocationAgent.invoke(TestInvoker.java:824)
	at org.testng.internal.TestInvoker.invokeTestMethods(TestInvoker.java:146)
	at org.testng.internal.TestMethodWorker.invokeTestMethods(TestMethodWorker.java:146)
	at org.testng.internal.TestMethodWorker.run(TestMethodWorker.java:128)
	at java.util.concurrent.ThreadPoolExecutor.runWorker(Unknown Source)
	at java.util.concurrent.ThreadPoolExecutor$Worker.run(Unknown Source)
	at java.lang.Thread.run(Unknown Source)
</pre></div></td>
<td>4</td>
<td>icivics_testcases.I20_StudentRegistration1classcode_Test@551bdc27</td></tr>
<tr>
<td title='icivics_testcases.I23_StudentRegistration2Email_Test.C414_verifypage3loaded()'><b>C414_verifypage3loaded</b><br>Test class: icivics_testcases.I23_StudentRegistration2Email_Test<br>Parameters: https://staging.d9.icivics.org/user/register?role=student&email=1</td>
<td><div><pre>org.openqa.selenium.WebDriverException: unknown error: cannot determine loading status
from unknown error: unexpected command response
  (Session info: chrome=103.0.5060.114)
Build info: version: &apos;4.3.0&apos;, revision: &apos;a4995e2c09*&apos;
System info: host: &apos;AMX-RL-20-348-W&apos;, ip: &apos;10.10.7.69&apos;, os.name: &apos;Windows 10&apos;, os.arch: &apos;amd64&apos;, os.version: &apos;10.0&apos;, java.version: &apos;1.8.0_181&apos;
Driver info: org.openqa.selenium.chrome.ChromeDriver
Command: [d620ad876fc71676a7e191d9d20822b7, clickElement {id=977c46af-ba26-4ff3-b9a4-0005b1663fb2}]
Capabilities {acceptInsecureCerts: false, browserName: chrome, browserVersion: 103.0.5060.114, chrome: {chromedriverVersion: 103.0.5060.53 (a1711811edd7..., userDataDir: C:\Users\VENKAT~1.T\AppData...}, goog:chromeOptions: {debuggerAddress: localhost:52540}, networkConnectionEnabled: false, pageLoadStrategy: normal, platformName: WINDOWS, proxy: Proxy(), se:cdp: ws://localhost:52540/devtoo..., se:cdpVersion: 103.0.5060.114, setWindowRect: true, strictFileInteractability: false, timeouts: {implicit: 0, pageLoad: 300000, script: 30000}, unhandledPromptBehavior: dismiss and notify, webauthn:extension:credBlob: true, webauthn:extension:largeBlob: true, webauthn:virtualAuthenticators: true}
Element: [[ChromeDriver: chrome on WINDOWS (d620ad876fc71676a7e191d9d20822b7)] -&gt; xpath: //button[@id=&apos;edit-next&apos;]]
Session ID: d620ad876fc71676a7e191d9d20822b7
	at org.openqa.selenium.remote.codec.w3c.W3CHttpResponseCodec.createException(W3CHttpResponseCodec.java:200)
	at org.openqa.selenium.remote.codec.w3c.W3CHttpResponseCodec.decode(W3CHttpResponseCodec.java:133)
	at org.openqa.selenium.remote.codec.w3c.W3CHttpResponseCodec.decode(W3CHttpResponseCodec.java:53)
	at org.openqa.selenium.remote.HttpCommandExecutor.execute(HttpCommandExecutor.java:184)
	at org.openqa.selenium.remote.service.DriverCommandExecutor.invokeExecute(DriverCommandExecutor.java:167)
	at org.openqa.selenium.remote.service.DriverCommandExecutor.execute(DriverCommandExecutor.java:142)
	at org.openqa.selenium.remote.RemoteWebDriver.execute(RemoteWebDriver.java:569)
	at org.openqa.selenium.remote.RemoteWebElement.execute(RemoteWebElement.java:257)
	at org.openqa.selenium.remote.RemoteWebElement.click(RemoteWebElement.java:78)
	at icivics_pages.StudentRegistration2Email.verifywithvaliddata(StudentRegistration2Email.java:86)
	at icivics_testcases.I23_StudentRegistration2Email_Test.C414_verifypage3loaded(I23_StudentRegistration2Email_Test.java:156)
	at java.util.concurrent.ThreadPoolExecutor.runWorker(Unknown Source)
	at java.util.concurrent.ThreadPoolExecutor$Worker.run(Unknown Source)
	at java.lang.Thread.run(Unknown Source)
... Removed 15 stack frames</pre></div><a href='#' onClick='toggleBox("stack-trace465999962", this, "Click to show all stack frames", "Click to hide stack frames")'>Click to show all stack frames</a>
<div class='stack-trace' id='stack-trace465999962'><pre>org.openqa.selenium.WebDriverException: unknown error: cannot determine loading status
from unknown error: unexpected command response
  (Session info: chrome=103.0.5060.114)
Build info: version: &apos;4.3.0&apos;, revision: &apos;a4995e2c09*&apos;
System info: host: &apos;AMX-RL-20-348-W&apos;, ip: &apos;10.10.7.69&apos;, os.name: &apos;Windows 10&apos;, os.arch: &apos;amd64&apos;, os.version: &apos;10.0&apos;, java.version: &apos;1.8.0_181&apos;
Driver info: org.openqa.selenium.chrome.ChromeDriver
Command: [d620ad876fc71676a7e191d9d20822b7, clickElement {id=977c46af-ba26-4ff3-b9a4-0005b1663fb2}]
Capabilities {acceptInsecureCerts: false, browserName: chrome, browserVersion: 103.0.5060.114, chrome: {chromedriverVersion: 103.0.5060.53 (a1711811edd7..., userDataDir: C:\Users\VENKAT~1.T\AppData...}, goog:chromeOptions: {debuggerAddress: localhost:52540}, networkConnectionEnabled: false, pageLoadStrategy: normal, platformName: WINDOWS, proxy: Proxy(), se:cdp: ws://localhost:52540/devtoo..., se:cdpVersion: 103.0.5060.114, setWindowRect: true, strictFileInteractability: false, timeouts: {implicit: 0, pageLoad: 300000, script: 30000}, unhandledPromptBehavior: dismiss and notify, webauthn:extension:credBlob: true, webauthn:extension:largeBlob: true, webauthn:virtualAuthenticators: true}
Element: [[ChromeDriver: chrome on WINDOWS (d620ad876fc71676a7e191d9d20822b7)] -&gt; xpath: //button[@id=&apos;edit-next&apos;]]
Session ID: d620ad876fc71676a7e191d9d20822b7
	at sun.reflect.GeneratedConstructorAccessor98.newInstance(Unknown Source)
	at sun.reflect.DelegatingConstructorAccessorImpl.newInstance(Unknown Source)
	at java.lang.reflect.Constructor.newInstance(Unknown Source)
	at org.openqa.selenium.remote.codec.w3c.W3CHttpResponseCodec.createException(W3CHttpResponseCodec.java:200)
	at org.openqa.selenium.remote.codec.w3c.W3CHttpResponseCodec.decode(W3CHttpResponseCodec.java:133)
	at org.openqa.selenium.remote.codec.w3c.W3CHttpResponseCodec.decode(W3CHttpResponseCodec.java:53)
	at org.openqa.selenium.remote.HttpCommandExecutor.execute(HttpCommandExecutor.java:184)
	at org.openqa.selenium.remote.service.DriverCommandExecutor.invokeExecute(DriverCommandExecutor.java:167)
	at org.openqa.selenium.remote.service.DriverCommandExecutor.execute(DriverCommandExecutor.java:142)
	at org.openqa.selenium.remote.RemoteWebDriver.execute(RemoteWebDriver.java:569)
	at org.openqa.selenium.remote.RemoteWebElement.execute(RemoteWebElement.java:257)
	at org.openqa.selenium.remote.RemoteWebElement.click(RemoteWebElement.java:78)
	at icivics_pages.StudentRegistration2Email.verifywithvaliddata(StudentRegistration2Email.java:86)
	at icivics_testcases.I23_StudentRegistration2Email_Test.C414_verifypage3loaded(I23_StudentRegistration2Email_Test.java:156)
	at sun.reflect.NativeMethodAccessorImpl.invoke0(Native Method)
	at sun.reflect.NativeMethodAccessorImpl.invoke(Unknown Source)
	at sun.reflect.DelegatingMethodAccessorImpl.invoke(Unknown Source)
	at java.lang.reflect.Method.invoke(Unknown Source)
	at org.testng.internal.MethodInvocationHelper.invokeMethod(MethodInvocationHelper.java:133)
	at org.testng.internal.TestInvoker.invokeMethod(TestInvoker.java:598)
	at org.testng.internal.TestInvoker.retryFailed(TestInvoker.java:213)
	at org.testng.internal.MethodRunner.runInSequence(MethodRunner.java:58)
	at org.testng.internal.TestInvoker$MethodInvocationAgent.invoke(TestInvoker.java:824)
	at org.testng.internal.TestInvoker.invokeTestMethods(TestInvoker.java:146)
	at org.testng.internal.TestMethodWorker.invokeTestMethods(TestMethodWorker.java:146)
	at org.testng.internal.TestMethodWorker.run(TestMethodWorker.java:128)
	at java.util.concurrent.ThreadPoolExecutor.runWorker(Unknown Source)
	at java.util.concurrent.ThreadPoolExecutor$Worker.run(Unknown Source)
	at java.lang.Thread.run(Unknown Source)
</pre></div></td>
<td>6</td>
<td>icivics_testcases.I23_StudentRegistration2Email_Test@7bc1a03d</td></tr>
<tr>
<td title='icivics_testcases.I23_StudentRegistration2Email_Test.C410_VerifyPasswordindicatormatch()'><b>C410_VerifyPasswordindicatormatch</b><br>Test class: icivics_testcases.I23_StudentRegistration2Email_Test<br>Parameters: https://staging.d9.icivics.org/user/register?role=student&email=1</td>
<td><div><pre>org.openqa.selenium.WebDriverException: unknown error: cannot determine loading status
from unknown error: unexpected command response
  (Session info: chrome=103.0.5060.114)
Build info: version: &apos;4.3.0&apos;, revision: &apos;a4995e2c09*&apos;
System info: host: &apos;AMX-RL-20-348-W&apos;, ip: &apos;10.10.7.69&apos;, os.name: &apos;Windows 10&apos;, os.arch: &apos;amd64&apos;, os.version: &apos;10.0&apos;, java.version: &apos;1.8.0_181&apos;
Driver info: org.openqa.selenium.chrome.ChromeDriver
Command: [f58612e93989aa75779900b559644de7, clickElement {id=321ffcc4-a19d-4429-8596-dc3aa4a53f76}]
Capabilities {acceptInsecureCerts: false, browserName: chrome, browserVersion: 103.0.5060.114, chrome: {chromedriverVersion: 103.0.5060.53 (a1711811edd7..., userDataDir: C:\Users\VENKAT~1.T\AppData...}, goog:chromeOptions: {debuggerAddress: localhost:51726}, networkConnectionEnabled: false, pageLoadStrategy: normal, platformName: WINDOWS, proxy: Proxy(), se:cdp: ws://localhost:51726/devtoo..., se:cdpVersion: 103.0.5060.114, setWindowRect: true, strictFileInteractability: false, timeouts: {implicit: 0, pageLoad: 300000, script: 30000}, unhandledPromptBehavior: dismiss and notify, webauthn:extension:credBlob: true, webauthn:extension:largeBlob: true, webauthn:virtualAuthenticators: true}
Element: [[ChromeDriver: chrome on WINDOWS (f58612e93989aa75779900b559644de7)] -&gt; xpath: //button[@id=&apos;edit-next&apos;]]
Session ID: f58612e93989aa75779900b559644de7
	at org.openqa.selenium.remote.codec.w3c.W3CHttpResponseCodec.createException(W3CHttpResponseCodec.java:200)
	at org.openqa.selenium.remote.codec.w3c.W3CHttpResponseCodec.decode(W3CHttpResponseCodec.java:133)
	at org.openqa.selenium.remote.codec.w3c.W3CHttpResponseCodec.decode(W3CHttpResponseCodec.java:53)
	at org.openqa.selenium.remote.HttpCommandExecutor.execute(HttpCommandExecutor.java:184)
	at org.openqa.selenium.remote.service.DriverCommandExecutor.invokeExecute(DriverCommandExecutor.java:167)
	at org.openqa.selenium.remote.service.DriverCommandExecutor.execute(DriverCommandExecutor.java:142)
	at org.openqa.selenium.remote.RemoteWebDriver.execute(RemoteWebDriver.java:569)
	at org.openqa.selenium.remote.RemoteWebElement.execute(RemoteWebElement.java:257)
	at org.openqa.selenium.remote.RemoteWebElement.click(RemoteWebElement.java:78)
	at icivics_pages.StudentRegistration2Email.verifywithvaliddata(StudentRegistration2Email.java:86)
	at icivics_testcases.I23_StudentRegistration2Email_Test.C410_VerifyPasswordindicatormatch(I23_StudentRegistration2Email_Test.java:111)
	at java.util.concurrent.ThreadPoolExecutor.runWorker(Unknown Source)
	at java.util.concurrent.ThreadPoolExecutor$Worker.run(Unknown Source)
	at java.lang.Thread.run(Unknown Source)
... Removed 15 stack frames</pre></div><a href='#' onClick='toggleBox("stack-trace369306110", this, "Click to show all stack frames", "Click to hide stack frames")'>Click to show all stack frames</a>
<div class='stack-trace' id='stack-trace369306110'><pre>org.openqa.selenium.WebDriverException: unknown error: cannot determine loading status
from unknown error: unexpected command response
  (Session info: chrome=103.0.5060.114)
Build info: version: &apos;4.3.0&apos;, revision: &apos;a4995e2c09*&apos;
System info: host: &apos;AMX-RL-20-348-W&apos;, ip: &apos;10.10.7.69&apos;, os.name: &apos;Windows 10&apos;, os.arch: &apos;amd64&apos;, os.version: &apos;10.0&apos;, java.version: &apos;1.8.0_181&apos;
Driver info: org.openqa.selenium.chrome.ChromeDriver
Command: [f58612e93989aa75779900b559644de7, clickElement {id=321ffcc4-a19d-4429-8596-dc3aa4a53f76}]
Capabilities {acceptInsecureCerts: false, browserName: chrome, browserVersion: 103.0.5060.114, chrome: {chromedriverVersion: 103.0.5060.53 (a1711811edd7..., userDataDir: C:\Users\VENKAT~1.T\AppData...}, goog:chromeOptions: {debuggerAddress: localhost:51726}, networkConnectionEnabled: false, pageLoadStrategy: normal, platformName: WINDOWS, proxy: Proxy(), se:cdp: ws://localhost:51726/devtoo..., se:cdpVersion: 103.0.5060.114, setWindowRect: true, strictFileInteractability: false, timeouts: {implicit: 0, pageLoad: 300000, script: 30000}, unhandledPromptBehavior: dismiss and notify, webauthn:extension:credBlob: true, webauthn:extension:largeBlob: true, webauthn:virtualAuthenticators: true}
Element: [[ChromeDriver: chrome on WINDOWS (f58612e93989aa75779900b559644de7)] -&gt; xpath: //button[@id=&apos;edit-next&apos;]]
Session ID: f58612e93989aa75779900b559644de7
	at sun.reflect.GeneratedConstructorAccessor98.newInstance(Unknown Source)
	at sun.reflect.DelegatingConstructorAccessorImpl.newInstance(Unknown Source)
	at java.lang.reflect.Constructor.newInstance(Unknown Source)
	at org.openqa.selenium.remote.codec.w3c.W3CHttpResponseCodec.createException(W3CHttpResponseCodec.java:200)
	at org.openqa.selenium.remote.codec.w3c.W3CHttpResponseCodec.decode(W3CHttpResponseCodec.java:133)
	at org.openqa.selenium.remote.codec.w3c.W3CHttpResponseCodec.decode(W3CHttpResponseCodec.java:53)
	at org.openqa.selenium.remote.HttpCommandExecutor.execute(HttpCommandExecutor.java:184)
	at org.openqa.selenium.remote.service.DriverCommandExecutor.invokeExecute(DriverCommandExecutor.java:167)
	at org.openqa.selenium.remote.service.DriverCommandExecutor.execute(DriverCommandExecutor.java:142)
	at org.openqa.selenium.remote.RemoteWebDriver.execute(RemoteWebDriver.java:569)
	at org.openqa.selenium.remote.RemoteWebElement.execute(RemoteWebElement.java:257)
	at org.openqa.selenium.remote.RemoteWebElement.click(RemoteWebElement.java:78)
	at icivics_pages.StudentRegistration2Email.verifywithvaliddata(StudentRegistration2Email.java:86)
	at icivics_testcases.I23_StudentRegistration2Email_Test.C410_VerifyPasswordindicatormatch(I23_StudentRegistration2Email_Test.java:111)
	at sun.reflect.NativeMethodAccessorImpl.invoke0(Native Method)
	at sun.reflect.NativeMethodAccessorImpl.invoke(Unknown Source)
	at sun.reflect.DelegatingMethodAccessorImpl.invoke(Unknown Source)
	at java.lang.reflect.Method.invoke(Unknown Source)
	at org.testng.internal.MethodInvocationHelper.invokeMethod(MethodInvocationHelper.java:133)
	at org.testng.internal.TestInvoker.invokeMethod(TestInvoker.java:598)
	at org.testng.internal.TestInvoker.invokeTestMethod(TestInvoker.java:173)
	at org.testng.internal.MethodRunner.runInSequence(MethodRunner.java:46)
	at org.testng.internal.TestInvoker$MethodInvocationAgent.invoke(TestInvoker.java:824)
	at org.testng.internal.TestInvoker.invokeTestMethods(TestInvoker.java:146)
	at org.testng.internal.TestMethodWorker.invokeTestMethods(TestMethodWorker.java:146)
	at org.testng.internal.TestMethodWorker.run(TestMethodWorker.java:128)
	at java.util.concurrent.ThreadPoolExecutor.runWorker(Unknown Source)
	at java.util.concurrent.ThreadPoolExecutor$Worker.run(Unknown Source)
	at java.lang.Thread.run(Unknown Source)
</pre></div></td>
<td>5</td>
<td>icivics_testcases.I23_StudentRegistration2Email_Test@7bc1a03d</td></tr>
<tr>
<td title='icivics_testcases.I23_StudentRegistration2Email_Test.C398_verifypagecount2()'><b>C398_verifypagecount2</b><br>Test class: icivics_testcases.I23_StudentRegistration2Email_Test<br>Parameters: https://staging.d9.icivics.org/user/register?role=student&email=1</td>
<td><div><pre>org.openqa.selenium.WebDriverException: unknown error: cannot determine loading status
from unknown error: unexpected command response
  (Session info: chrome=103.0.5060.114)
Build info: version: &apos;4.3.0&apos;, revision: &apos;a4995e2c09*&apos;
System info: host: &apos;AMX-RL-20-348-W&apos;, ip: &apos;10.10.7.69&apos;, os.name: &apos;Windows 10&apos;, os.arch: &apos;amd64&apos;, os.version: &apos;10.0&apos;, java.version: &apos;1.8.0_181&apos;
Driver info: org.openqa.selenium.chrome.ChromeDriver
Command: [1bfe5c0c2ce9b7fa96a697939055bf6f, clickElement {id=b3a01dc1-9068-427e-a61d-0f5794960939}]
Capabilities {acceptInsecureCerts: false, browserName: chrome, browserVersion: 103.0.5060.114, chrome: {chromedriverVersion: 103.0.5060.53 (a1711811edd7..., userDataDir: C:\Users\VENKAT~1.T\AppData...}, goog:chromeOptions: {debuggerAddress: localhost:50145}, networkConnectionEnabled: false, pageLoadStrategy: normal, platformName: WINDOWS, proxy: Proxy(), se:cdp: ws://localhost:50145/devtoo..., se:cdpVersion: 103.0.5060.114, setWindowRect: true, strictFileInteractability: false, timeouts: {implicit: 0, pageLoad: 300000, script: 30000}, unhandledPromptBehavior: dismiss and notify, webauthn:extension:credBlob: true, webauthn:extension:largeBlob: true, webauthn:virtualAuthenticators: true}
Element: [[ChromeDriver: chrome on WINDOWS (1bfe5c0c2ce9b7fa96a697939055bf6f)] -&gt; xpath: //button[@id=&apos;edit-next&apos;]]
Session ID: 1bfe5c0c2ce9b7fa96a697939055bf6f
	at org.openqa.selenium.remote.codec.w3c.W3CHttpResponseCodec.createException(W3CHttpResponseCodec.java:200)
	at org.openqa.selenium.remote.codec.w3c.W3CHttpResponseCodec.decode(W3CHttpResponseCodec.java:133)
	at org.openqa.selenium.remote.codec.w3c.W3CHttpResponseCodec.decode(W3CHttpResponseCodec.java:53)
	at org.openqa.selenium.remote.HttpCommandExecutor.execute(HttpCommandExecutor.java:184)
	at org.openqa.selenium.remote.service.DriverCommandExecutor.invokeExecute(DriverCommandExecutor.java:167)
	at org.openqa.selenium.remote.service.DriverCommandExecutor.execute(DriverCommandExecutor.java:142)
	at org.openqa.selenium.remote.RemoteWebDriver.execute(RemoteWebDriver.java:569)
	at org.openqa.selenium.remote.RemoteWebElement.execute(RemoteWebElement.java:257)
	at org.openqa.selenium.remote.RemoteWebElement.click(RemoteWebElement.java:78)
	at icivics_pages.StudentRegistration2Email.verifywithvaliddata(StudentRegistration2Email.java:86)
	at icivics_testcases.I23_StudentRegistration2Email_Test.C398_verifypagecount2(I23_StudentRegistration2Email_Test.java:27)
	at java.util.concurrent.ThreadPoolExecutor.runWorker(Unknown Source)
	at java.util.concurrent.ThreadPoolExecutor$Worker.run(Unknown Source)
	at java.lang.Thread.run(Unknown Source)
... Removed 15 stack frames</pre></div><a href='#' onClick='toggleBox("stack-trace1698260391", this, "Click to show all stack frames", "Click to hide stack frames")'>Click to show all stack frames</a>
<div class='stack-trace' id='stack-trace1698260391'><pre>org.openqa.selenium.WebDriverException: unknown error: cannot determine loading status
from unknown error: unexpected command response
  (Session info: chrome=103.0.5060.114)
Build info: version: &apos;4.3.0&apos;, revision: &apos;a4995e2c09*&apos;
System info: host: &apos;AMX-RL-20-348-W&apos;, ip: &apos;10.10.7.69&apos;, os.name: &apos;Windows 10&apos;, os.arch: &apos;amd64&apos;, os.version: &apos;10.0&apos;, java.version: &apos;1.8.0_181&apos;
Driver info: org.openqa.selenium.chrome.ChromeDriver
Command: [1bfe5c0c2ce9b7fa96a697939055bf6f, clickElement {id=b3a01dc1-9068-427e-a61d-0f5794960939}]
Capabilities {acceptInsecureCerts: false, browserName: chrome, browserVersion: 103.0.5060.114, chrome: {chromedriverVersion: 103.0.5060.53 (a1711811edd7..., userDataDir: C:\Users\VENKAT~1.T\AppData...}, goog:chromeOptions: {debuggerAddress: localhost:50145}, networkConnectionEnabled: false, pageLoadStrategy: normal, platformName: WINDOWS, proxy: Proxy(), se:cdp: ws://localhost:50145/devtoo..., se:cdpVersion: 103.0.5060.114, setWindowRect: true, strictFileInteractability: false, timeouts: {implicit: 0, pageLoad: 300000, script: 30000}, unhandledPromptBehavior: dismiss and notify, webauthn:extension:credBlob: true, webauthn:extension:largeBlob: true, webauthn:virtualAuthenticators: true}
Element: [[ChromeDriver: chrome on WINDOWS (1bfe5c0c2ce9b7fa96a697939055bf6f)] -&gt; xpath: //button[@id=&apos;edit-next&apos;]]
Session ID: 1bfe5c0c2ce9b7fa96a697939055bf6f
	at sun.reflect.GeneratedConstructorAccessor98.newInstance(Unknown Source)
	at sun.reflect.DelegatingConstructorAccessorImpl.newInstance(Unknown Source)
	at java.lang.reflect.Constructor.newInstance(Unknown Source)
	at org.openqa.selenium.remote.codec.w3c.W3CHttpResponseCodec.createException(W3CHttpResponseCodec.java:200)
	at org.openqa.selenium.remote.codec.w3c.W3CHttpResponseCodec.decode(W3CHttpResponseCodec.java:133)
	at org.openqa.selenium.remote.codec.w3c.W3CHttpResponseCodec.decode(W3CHttpResponseCodec.java:53)
	at org.openqa.selenium.remote.HttpCommandExecutor.execute(HttpCommandExecutor.java:184)
	at org.openqa.selenium.remote.service.DriverCommandExecutor.invokeExecute(DriverCommandExecutor.java:167)
	at org.openqa.selenium.remote.service.DriverCommandExecutor.execute(DriverCommandExecutor.java:142)
	at org.openqa.selenium.remote.RemoteWebDriver.execute(RemoteWebDriver.java:569)
	at org.openqa.selenium.remote.RemoteWebElement.execute(RemoteWebElement.java:257)
	at org.openqa.selenium.remote.RemoteWebElement.click(RemoteWebElement.java:78)
	at icivics_pages.StudentRegistration2Email.verifywithvaliddata(StudentRegistration2Email.java:86)
	at icivics_testcases.I23_StudentRegistration2Email_Test.C398_verifypagecount2(I23_StudentRegistration2Email_Test.java:27)
	at sun.reflect.NativeMethodAccessorImpl.invoke0(Native Method)
	at sun.reflect.NativeMethodAccessorImpl.invoke(Unknown Source)
	at sun.reflect.DelegatingMethodAccessorImpl.invoke(Unknown Source)
	at java.lang.reflect.Method.invoke(Unknown Source)
	at org.testng.internal.MethodInvocationHelper.invokeMethod(MethodInvocationHelper.java:133)
	at org.testng.internal.TestInvoker.invokeMethod(TestInvoker.java:598)
	at org.testng.internal.TestInvoker.invokeTestMethod(TestInvoker.java:173)
	at org.testng.internal.MethodRunner.runInSequence(MethodRunner.java:46)
	at org.testng.internal.TestInvoker$MethodInvocationAgent.invoke(TestInvoker.java:824)
	at org.testng.internal.TestInvoker.invokeTestMethods(TestInvoker.java:146)
	at org.testng.internal.TestMethodWorker.invokeTestMethods(TestMethodWorker.java:146)
	at org.testng.internal.TestMethodWorker.run(TestMethodWorker.java:128)
	at java.util.concurrent.ThreadPoolExecutor.runWorker(Unknown Source)
	at java.util.concurrent.ThreadPoolExecutor$Worker.run(Unknown Source)
	at java.lang.Thread.run(Unknown Source)
</pre></div></td>
<td>7</td>
<td>icivics_testcases.I23_StudentRegistration2Email_Test@7bc1a03d</td></tr>
</table><p>
</body>
</html>