<?xml version="1.0" encoding="UTF-8"?>
<!-- Generated by org.testng.reporters.JUnitReportReporter -->
<testsuite hostname="AMX-RL-20-348-W" failures="0" tests="13" name="icivics_testcases.Icivics9_StudentRegistration2classcode_Test" time="161.846" errors="1" timestamp="2022-07-07T13:58:42 IST" skipped="0">
  <testcase classname="icivics_testcases.Icivics9_StudentRegistration2classcode_Test" name="C398_verifypagecount2" time="9.273"/>
  <system-out/>
  <testcase classname="icivics_testcases.Icivics9_StudentRegistration2classcode_Test" name="C399_Clickbackbutton" time="11.347"/>
  <system-out/>
  <testcase classname="icivics_testcases.Icivics9_StudentRegistration2classcode_Test" name="C400_verifyfieldsisremembered" time="11.518"/>
  <system-out/>
  <testcase classname="icivics_testcases.Icivics9_StudentRegistration2classcode_Test" name="C403_clickontermsofuselink" time="5.861">
    <error message="unknown error: unexpected command response
  (Session info: chrome=103.0.5060.114)
Build info: version: &#039;3.141.59&#039;, revision: &#039;e82be7d358&#039;, time: &#039;2018-11-14T08:17:03&#039;
System info: host: &#039;AMX-RL-20-348-W&#039;, ip: &#039;10.10.7.164&#039;, os.name: &#039;Windows 10&#039;, os.arch: &#039;amd64&#039;, os.version: &#039;10.0&#039;, java.version: &#039;17.0.1&#039;
Driver info: org.openqa.selenium.chrome.ChromeDriver
Capabilities {acceptInsecureCerts: false, browserName: chrome, browserVersion: 103.0.5060.114, chrome: {chromedriverVersion: 103.0.5060.53 (a1711811edd7..., userDataDir: C:\Users\VENKAT~1.T\AppData...}, goog:chromeOptions: {debuggerAddress: localhost:55213}, javascriptEnabled: true, networkConnectionEnabled: false, pageLoadStrategy: normal, platform: WINDOWS, platformName: WINDOWS, proxy: Proxy(), setWindowRect: true, strictFileInteractability: false, timeouts: {implicit: 0, pageLoad: 300000, script: 30000}, unhandledPromptBehavior: dismiss and notify, webauthn:extension:credBlob: true, webauthn:extension:largeBlob: true, webauthn:virtualAuthenticators: true}
Session ID: 2d760a233648cfec4b69655b6da0b06b" type="org.openqa.selenium.WebDriverException">
      <![CDATA[org.openqa.selenium.WebDriverException: unknown error: unexpected command response
  (Session info: chrome=103.0.5060.114)
Build info: version: '3.141.59', revision: 'e82be7d358', time: '2018-11-14T08:17:03'
System info: host: 'AMX-RL-20-348-W', ip: '10.10.7.164', os.name: 'Windows 10', os.arch: 'amd64', os.version: '10.0', java.version: '17.0.1'
Driver info: org.openqa.selenium.chrome.ChromeDriver
Capabilities {acceptInsecureCerts: false, browserName: chrome, browserVersion: 103.0.5060.114, chrome: {chromedriverVersion: 103.0.5060.53 (a1711811edd7..., userDataDir: C:\Users\VENKAT~1.T\AppData...}, goog:chromeOptions: {debuggerAddress: localhost:55213}, javascriptEnabled: true, networkConnectionEnabled: false, pageLoadStrategy: normal, platform: WINDOWS, platformName: WINDOWS, proxy: Proxy(), setWindowRect: true, strictFileInteractability: false, timeouts: {implicit: 0, pageLoad: 300000, script: 30000}, unhandledPromptBehavior: dismiss and notify, webauthn:extension:credBlob: true, webauthn:extension:largeBlob: true, webauthn:virtualAuthenticators: true}
Session ID: 2d760a233648cfec4b69655b6da0b06b
at jdk.internal.reflect.GeneratedConstructorAccessor63.newInstance(Unknown Source)
at java.base/jdk.internal.reflect.DelegatingConstructorAccessorImpl.newInstance(DelegatingConstructorAccessorImpl.java:45)
at java.base/java.lang.reflect.Constructor.newInstanceWithCaller(Constructor.java:499)
at java.base/java.lang.reflect.Constructor.newInstance(Constructor.java:480)
at org.openqa.selenium.remote.http.W3CHttpResponseCodec.createException(W3CHttpResponseCodec.java:187)
at org.openqa.selenium.remote.http.W3CHttpResponseCodec.decode(W3CHttpResponseCodec.java:122)
at org.openqa.selenium.remote.http.W3CHttpResponseCodec.decode(W3CHttpResponseCodec.java:49)
at org.openqa.selenium.remote.HttpCommandExecutor.execute(HttpCommandExecutor.java:158)
at org.openqa.selenium.remote.service.DriverCommandExecutor.execute(DriverCommandExecutor.java:83)
at org.openqa.selenium.remote.RemoteWebDriver.execute(RemoteWebDriver.java:552)
at org.openqa.selenium.remote.RemoteWebElement.execute(RemoteWebElement.java:285)
at org.openqa.selenium.remote.RemoteWebElement.click(RemoteWebElement.java:84)
at icivics_pages.Icivics_StudentReg2classcode.verifyregistrationwithvaliddata(Icivics_StudentReg2classcode.java:74)
at icivics_testcases.Icivics9_StudentRegistration2classcode_Test.C403_clickontermsofuselink(Icivics9_StudentRegistration2classcode_Test.java:57)
at java.base/jdk.internal.reflect.NativeMethodAccessorImpl.invoke0(Native Method)
at java.base/jdk.internal.reflect.NativeMethodAccessorImpl.invoke(NativeMethodAccessorImpl.java:77)
at java.base/jdk.internal.reflect.DelegatingMethodAccessorImpl.invoke(DelegatingMethodAccessorImpl.java:43)
at java.base/java.lang.reflect.Method.invoke(Method.java:568)
at org.testng.internal.MethodInvocationHelper.invokeMethod(MethodInvocationHelper.java:133)
at org.testng.internal.TestInvoker.invokeMethod(TestInvoker.java:598)
at org.testng.internal.TestInvoker.invokeTestMethod(TestInvoker.java:173)
at org.testng.internal.MethodRunner.runInSequence(MethodRunner.java:46)
at org.testng.internal.TestInvoker$MethodInvocationAgent.invoke(TestInvoker.java:824)
at org.testng.internal.TestInvoker.invokeTestMethods(TestInvoker.java:146)
at org.testng.internal.TestMethodWorker.invokeTestMethods(TestMethodWorker.java:146)
at org.testng.internal.TestMethodWorker.run(TestMethodWorker.java:128)
at java.base/java.util.concurrent.ThreadPoolExecutor.runWorker(ThreadPoolExecutor.java:1136)
at java.base/java.util.concurrent.ThreadPoolExecutor$Worker.run(ThreadPoolExecutor.java:635)
at java.base/java.lang.Thread.run(Thread.java:833)
]]>
    </error>
  </testcase> <!-- C403_clickontermsofuselink -->
  <system-out/>
  <testcase classname="icivics_testcases.Icivics9_StudentRegistration2classcode_Test" name="C404_clickprivacypolicy" time="14.635"/>
  <system-out/>
  <testcase classname="icivics_testcases.Icivics9_StudentRegistration2classcode_Test" name="C405_verifypage2SignUpforEmailsfield" time="8.412"/>
  <system-out/>
  <testcase classname="icivics_testcases.Icivics9_StudentRegistration2classcode_Test" name="C408_hoveronpwdfield" time="12.384"/>
  <system-out/>
  <testcase classname="icivics_testcases.Icivics9_StudentRegistration2classcode_Test" name="C409_VerifyPasswordstrengthmeter" time="11.447"/>
  <system-out/>
  <testcase classname="icivics_testcases.Icivics9_StudentRegistration2classcode_Test" name="C410_VerifyPasswordindicatormatch" time="14.395"/>
  <system-out/>
  <testcase classname="icivics_testcases.Icivics9_StudentRegistration2classcode_Test" name="C412_verifyenterinvaliddata" time="18.573"/>
  <system-out/>
  <testcase classname="icivics_testcases.Icivics9_StudentRegistration2classcode_Test" name="C412_verifytermsofuseandprivacycheckbox" time="11.369"/>
  <system-out/>
  <testcase classname="icivics_testcases.Icivics9_StudentRegistration2classcode_Test" name="C413_verifyblankerrormsg" time="15.879"/>
  <system-out/>
  <testcase classname="icivics_testcases.Icivics9_StudentRegistration2classcode_Test" name="C414_verifypage3loaded" time="16.753"/>
  <system-out/>
</testsuite> <!-- icivics_testcases.Icivics9_StudentRegistration2classcode_Test -->
